# JRE version: OpenJDK Runtime Environment Corretto-11.0.22.7.1 (11.0.22+7) (build 11.0.22+7-LTS)
# Java VM: OpenJDK 64-Bit Server VM Corretto-11.0.22.7.1 (11.0.22+7-LTS, mixed mode, tiered, compressed oops, g1 gc, windows-amd64)
Heap:
 garbage-first heap   total 372736K, used 267137K [0x0000000704800000, 0x0000000800000000)
  region size 1024K, 101 young (103424K), 20 survivors (20480K)
 Metaspace       used 88655K, capacity 91663K, committed 91940K, reserved 1130496K
  class space    used 9255K, capacity 10510K, committed 10572K, reserved 1048576K
GC Heap History (20 events):
Event: 18.525 GC heap before
{Heap before GC invocations=18 (full 0):
 garbage-first heap   total 372736K, used 287692K [0x0000000704800000, 0x0000000800000000)
  region size 1024K, 150 young (153600K), 11 survivors (11264K)
 Metaspace       used 84544K, capacity 87319K, committed 87460K, reserved 1126400K
  class space    used 8961K, capacity 10088K, committed 10188K, reserved 1048576K
}
Event: 18.530 GC heap after
{Heap after GC invocations=19 (full 0):
 garbage-first heap   total 372736K, used 141995K [0x0000000704800000, 0x0000000800000000)
  region size 1024K, 2 young (2048K), 2 survivors (2048K)
 Metaspace       used 84544K, capacity 87319K, committed 87460K, reserved 1126400K
  class space    used 8961K, capacity 10088K, committed 10188K, reserved 1048576K
}
Event: 18.564 GC heap before
{Heap before GC invocations=19 (full 0):
 garbage-first heap   total 372736K, used 290475K [0x0000000704800000, 0x0000000800000000)
  region size 1024K, 147 young (150528K), 2 survivors (2048K)
 Metaspace       used 84546K, capacity 87319K, committed 87460K, reserved 1126400K
  class space    used 8961K, capacity 10088K, committed 10188K, reserved 1048576K
}
Event: 18.566 GC heap after
{Heap after GC invocations=20 (full 0):
 garbage-first heap   total 372736K, used 140728K [0x0000000704800000, 0x0000000800000000)
  region size 1024K, 1 young (1024K), 1 survivors (1024K)
 Metaspace       used 84546K, capacity 87319K, committed 87460K, reserved 1126400K
  class space    used 8961K, capacity 10088K, committed 10188K, reserved 1048576K
}
Event: 18.596 GC heap before
{Heap before GC invocations=20 (full 0):
 garbage-first heap   total 372736K, used 302520K [0x0000000704800000, 0x0000000800000000)
  region size 1024K, 159 young (162816K), 1 survivors (1024K)
 Metaspace       used 84552K, capacity 87320K, committed 87460K, reserved 1126400K
  class space    used 8961K, capacity 10088K, committed 10188K, reserved 1048576K
}
Event: 18.598 GC heap after
{Heap after GC invocations=21 (full 0):
 garbage-first heap   total 372736K, used 140419K [0x0000000704800000, 0x0000000800000000)
  region size 1024K, 1 young (1024K), 1 survivors (1024K)
 Metaspace       used 84552K, capacity 87320K, committed 87460K, reserved 1126400K
  class space    used 8961K, capacity 10088K, committed 10188K, reserved 1048576K
}
Event: 18.630 GC heap before
{Heap before GC invocations=21 (full 0):
 garbage-first heap   total 372736K, used 307331K [0x0000000704800000, 0x0000000800000000)
  region size 1024K, 164 young (167936K), 1 survivors (1024K)
 Metaspace       used 84552K, capacity 87320K, committed 87460K, reserved 1126400K
  class space    used 8961K, capacity 10088K, committed 10188K, reserved 1048576K
}
Event: 18.631 GC heap after
{Heap after GC invocations=22 (full 0):
 garbage-first heap   total 372736K, used 140360K [0x0000000704800000, 0x0000000800000000)
  region size 1024K, 1 young (1024K), 1 survivors (1024K)
 Metaspace       used 84552K, capacity 87320K, committed 87460K, reserved 1126400K
  class space    used 8961K, capacity 10088K, committed 10188K, reserved 1048576K
}
Event: 18.664 GC heap before
{Heap before GC invocations=22 (full 0):
 garbage-first heap   total 372736K, used 311368K [0x0000000704800000, 0x0000000800000000)
  region size 1024K, 168 young (172032K), 1 survivors (1024K)
 Metaspace       used 84553K, capacity 87320K, committed 87460K, reserved 1126400K
  class space    used 8961K, capacity 10088K, committed 10188K, reserved 1048576K
}
Event: 18.665 GC heap after
{Heap after GC invocations=23 (full 0):
 garbage-first heap   total 372736K, used 140347K [0x0000000704800000, 0x0000000800000000)
  region size 1024K, 1 young (1024K), 1 survivors (1024K)
 Metaspace       used 84553K, capacity 87320K, committed 87460K, reserved 1126400K
  class space    used 8961K, capacity 10088K, committed 10188K, reserved 1048576K
}
Event: 18.697 GC heap before
{Heap before GC invocations=23 (full 0):
 garbage-first heap   total 372736K, used 315451K [0x0000000704800000, 0x0000000800000000)
  region size 1024K, 172 young (176128K), 1 survivors (1024K)
 Metaspace       used 84555K, capacity 87320K, committed 87460K, reserved 1126400K
  class space    used 8961K, capacity 10088K, committed 10188K, reserved 1048576K
}
Event: 18.699 GC heap after
{Heap after GC invocations=24 (full 0):
 garbage-first heap   total 372736K, used 140345K [0x0000000704800000, 0x0000000800000000)
  region size 1024K, 1 young (1024K), 1 survivors (1024K)
 Metaspace       used 84555K, capacity 87320K, committed 87460K, reserved 1126400K
  class space    used 8961K, capacity 10088K, committed 10188K, reserved 1048576K
}
Event: 18.731 GC heap before
{Heap before GC invocations=24 (full 0):
 garbage-first heap   total 372736K, used 318521K [0x0000000704800000, 0x0000000800000000)
  region size 1024K, 175 young (179200K), 1 survivors (1024K)
 Metaspace       used 84563K, capacity 87320K, committed 87460K, reserved 1126400K
  class space    used 8961K, capacity 10088K, committed 10188K, reserved 1048576K
}
Event: 18.733 GC heap after
{Heap after GC invocations=25 (full 0):
 garbage-first heap   total 372736K, used 140342K [0x0000000704800000, 0x0000000800000000)
  region size 1024K, 1 young (1024K), 1 survivors (1024K)
 Metaspace       used 84563K, capacity 87320K, committed 87460K, reserved 1126400K
  class space    used 8961K, capacity 10088K, committed 10188K, reserved 1048576K
}
Event: 18.765 GC heap before
{Heap before GC invocations=25 (full 0):
 garbage-first heap   total 372736K, used 320566K [0x0000000704800000, 0x0000000800000000)
  region size 1024K, 177 young (181248K), 1 survivors (1024K)
 Metaspace       used 84571K, capacity 87320K, committed 87460K, reserved 1126400K
  class space    used 8961K, capacity 10088K, committed 10188K, reserved 1048576K
}
Event: 18.767 GC heap after
{Heap after GC invocations=26 (full 0):
 garbage-first heap   total 372736K, used 140381K [0x0000000704800000, 0x0000000800000000)
  region size 1024K, 1 young (1024K), 1 survivors (1024K)
 Metaspace       used 84571K, capacity 87320K, committed 87460K, reserved 1126400K
  class space    used 8961K, capacity 10088K, committed 10188K, reserved 1048576K
}
Event: 18.801 GC heap before
{Heap before GC invocations=26 (full 0):
 garbage-first heap   total 372736K, used 322653K [0x0000000704800000, 0x0000000800000000)
  region size 1024K, 179 young (183296K), 1 survivors (1024K)
 Metaspace       used 84572K, capacity 87320K, committed 87460K, reserved 1126400K
  class space    used 8961K, capacity 10088K, committed 10188K, reserved 1048576K
}
Event: 18.802 GC heap after
{Heap after GC invocations=27 (full 0):
 garbage-first heap   total 372736K, used 140386K [0x0000000704800000, 0x0000000800000000)
  region size 1024K, 1 young (1024K), 1 survivors (1024K)
 Metaspace       used 84572K, capacity 87320K, committed 87460K, reserved 1126400K
  class space    used 8961K, capacity 10088K, committed 10188K, reserved 1048576K
}
Event: 23.532 GC heap before
{Heap before GC invocations=27 (full 0):
 garbage-first heap   total 372736K, used 349282K [0x0000000704800000, 0x0000000800000000)
  region size 1024K, 180 young (184320K), 1 survivors (1024K)
 Metaspace       used 85484K, capacity 88316K, committed 88484K, reserved 1128448K
  class space    used 9028K, capacity 10162K, committed 10188K, reserved 1048576K
}
Event: 23.539 GC heap after
{Heap after GC invocations=28 (full 0):
 garbage-first heap   total 372736K, used 183169K [0x0000000704800000, 0x0000000800000000)
  region size 1024K, 20 young (20480K), 20 survivors (20480K)
 Metaspace       used 85484K, capacity 88316K, committed 88484K, reserved 1128448K
  class space    used 9028K, capacity 10162K, committed 10188K, reserved 1048576K
}

