# JRE version: OpenJDK Runtime Environment Corretto-11.0.22.7.1 (11.0.22+7) (build 11.0.22+7-LTS)
# Java VM: OpenJDK 64-Bit Server VM Corretto-11.0.22.7.1 (11.0.22+7-LTS, mixed mode, tiered, compressed oops, g1 gc, windows-amd64)
Heap:
 garbage-first heap   total 620544K, used 383092K [0x0000000704800000, 0x0000000800000000)
  region size 1024K, 213 young (218112K), 1 survivors (1024K)
 Metaspace       used 88595K, capacity 91607K, committed 91776K, reserved 1130496K
  class space    used 9258K, capacity 10513K, committed 10624K, reserved 1048576K
GC Heap History (20 events):
Event: 15.636 GC heap before
{Heap before GC invocations=23 (full 0):
 garbage-first heap   total 310272K, used 267393K [0x0000000704800000, 0x0000000800000000)
  region size 1024K, 130 young (133120K), 4 survivors (4096K)
 Metaspace       used 84745K, capacity 87562K, committed 87808K, reserved 1126400K
  class space    used 8993K, capacity 10128K, committed 10240K, reserved 1048576K
}
Event: 15.639 GC heap after
{Heap after GC invocations=24 (full 0):
 garbage-first heap   total 310272K, used 138449K [0x0000000704800000, 0x0000000800000000)
  region size 1024K, 4 young (4096K), 4 survivors (4096K)
 Metaspace       used 84745K, capacity 87562K, committed 87808K, reserved 1126400K
  class space    used 8993K, capacity 10128K, committed 10240K, reserved 1048576K
}
Event: 15.661 GC heap before
{Heap before GC invocations=24 (full 0):
 garbage-first heap   total 310272K, used 268497K [0x0000000704800000, 0x0000000800000000)
  region size 1024K, 131 young (134144K), 4 survivors (4096K)
 Metaspace       used 84745K, capacity 87562K, committed 87808K, reserved 1126400K
  class space    used 8993K, capacity 10128K, committed 10240K, reserved 1048576K
}
Event: 15.664 GC heap after
{Heap after GC invocations=25 (full 0):
 garbage-first heap   total 310272K, used 138433K [0x0000000704800000, 0x0000000800000000)
  region size 1024K, 4 young (4096K), 4 survivors (4096K)
 Metaspace       used 84745K, capacity 87562K, committed 87808K, reserved 1126400K
  class space    used 8993K, capacity 10128K, committed 10240K, reserved 1048576K
}
Event: 15.688 GC heap before
{Heap before GC invocations=25 (full 0):
 garbage-first heap   total 310272K, used 269505K [0x0000000704800000, 0x0000000800000000)
  region size 1024K, 132 young (135168K), 4 survivors (4096K)
 Metaspace       used 84745K, capacity 87562K, committed 87808K, reserved 1126400K
  class space    used 8993K, capacity 10128K, committed 10240K, reserved 1048576K
}
Event: 15.691 GC heap after
{Heap after GC invocations=26 (full 0):
 garbage-first heap   total 310272K, used 138287K [0x0000000704800000, 0x0000000800000000)
  region size 1024K, 4 young (4096K), 4 survivors (4096K)
 Metaspace       used 84745K, capacity 87562K, committed 87808K, reserved 1126400K
  class space    used 8993K, capacity 10128K, committed 10240K, reserved 1048576K
}
Event: 15.715 GC heap before
{Heap before GC invocations=26 (full 0):
 garbage-first heap   total 310272K, used 270383K [0x0000000704800000, 0x0000000800000000)
  region size 1024K, 133 young (136192K), 4 survivors (4096K)
 Metaspace       used 84745K, capacity 87562K, committed 87808K, reserved 1126400K
  class space    used 8993K, capacity 10128K, committed 10240K, reserved 1048576K
}
Event: 15.718 GC heap after
{Heap after GC invocations=27 (full 0):
 garbage-first heap   total 310272K, used 138277K [0x0000000704800000, 0x0000000800000000)
  region size 1024K, 4 young (4096K), 4 survivors (4096K)
 Metaspace       used 84745K, capacity 87562K, committed 87808K, reserved 1126400K
  class space    used 8993K, capacity 10128K, committed 10240K, reserved 1048576K
}
Event: 15.743 GC heap before
{Heap before GC invocations=27 (full 0):
 garbage-first heap   total 310272K, used 272421K [0x0000000704800000, 0x0000000800000000)
  region size 1024K, 135 young (138240K), 4 survivors (4096K)
 Metaspace       used 84745K, capacity 87562K, committed 87808K, reserved 1126400K
  class space    used 8993K, capacity 10128K, committed 10240K, reserved 1048576K
}
Event: 15.746 GC heap after
{Heap after GC invocations=28 (full 0):
 garbage-first heap   total 310272K, used 138376K [0x0000000704800000, 0x0000000800000000)
  region size 1024K, 4 young (4096K), 4 survivors (4096K)
 Metaspace       used 84745K, capacity 87562K, committed 87808K, reserved 1126400K
  class space    used 8993K, capacity 10128K, committed 10240K, reserved 1048576K
}
Event: 15.771 GC heap before
{Heap before GC invocations=28 (full 0):
 garbage-first heap   total 310272K, used 272520K [0x0000000704800000, 0x0000000800000000)
  region size 1024K, 135 young (138240K), 4 survivors (4096K)
 Metaspace       used 84745K, capacity 87562K, committed 87808K, reserved 1126400K
  class space    used 8993K, capacity 10128K, committed 10240K, reserved 1048576K
}
Event: 15.774 GC heap after
{Heap after GC invocations=29 (full 0):
 garbage-first heap   total 310272K, used 138497K [0x0000000704800000, 0x0000000800000000)
  region size 1024K, 4 young (4096K), 4 survivors (4096K)
 Metaspace       used 84745K, capacity 87562K, committed 87808K, reserved 1126400K
  class space    used 8993K, capacity 10128K, committed 10240K, reserved 1048576K
}
Event: 15.798 GC heap before
{Heap before GC invocations=29 (full 0):
 garbage-first heap   total 310272K, used 273665K [0x0000000704800000, 0x0000000800000000)
  region size 1024K, 136 young (139264K), 4 survivors (4096K)
 Metaspace       used 84745K, capacity 87562K, committed 87808K, reserved 1126400K
  class space    used 8993K, capacity 10128K, committed 10240K, reserved 1048576K
}
Event: 15.801 GC heap after
{Heap after GC invocations=30 (full 0):
 garbage-first heap   total 310272K, used 138368K [0x0000000704800000, 0x0000000800000000)
  region size 1024K, 4 young (4096K), 4 survivors (4096K)
 Metaspace       used 84745K, capacity 87562K, committed 87808K, reserved 1126400K
  class space    used 8993K, capacity 10128K, committed 10240K, reserved 1048576K
}
Event: 15.824 GC heap before
{Heap before GC invocations=30 (full 0):
 garbage-first heap   total 310272K, used 273536K [0x0000000704800000, 0x0000000800000000)
  region size 1024K, 136 young (139264K), 4 survivors (4096K)
 Metaspace       used 84745K, capacity 87562K, committed 87808K, reserved 1126400K
  class space    used 8993K, capacity 10128K, committed 10240K, reserved 1048576K
}
Event: 15.831 GC heap after
{Heap after GC invocations=31 (full 0):
 garbage-first heap   total 620544K, used 138359K [0x0000000704800000, 0x0000000800000000)
  region size 1024K, 4 young (4096K), 4 survivors (4096K)
 Metaspace       used 84745K, capacity 87562K, committed 87808K, reserved 1126400K
  class space    used 8993K, capacity 10128K, committed 10240K, reserved 1048576K
}
Event: 15.975 GC heap before
{Heap before GC invocations=31 (full 0):
 garbage-first heap   total 620544K, used 503927K [0x0000000704800000, 0x0000000800000000)
  region size 1024K, 361 young (369664K), 4 survivors (4096K)
 Metaspace       used 84746K, capacity 87562K, committed 87808K, reserved 1126400K
  class space    used 8993K, capacity 10128K, committed 10240K, reserved 1048576K
}
Event: 15.978 GC heap after
{Heap after GC invocations=32 (full 0):
 garbage-first heap   total 620544K, used 138744K [0x0000000704800000, 0x0000000800000000)
  region size 1024K, 1 young (1024K), 1 survivors (1024K)
 Metaspace       used 84746K, capacity 87562K, committed 87808K, reserved 1126400K
  class space    used 8993K, capacity 10128K, committed 10240K, reserved 1048576K
}
Event: 16.047 GC heap before
{Heap before GC invocations=32 (full 0):
 garbage-first heap   total 620544K, used 509432K [0x0000000704800000, 0x0000000800000000)
  region size 1024K, 363 young (371712K), 1 survivors (1024K)
 Metaspace       used 84751K, capacity 87564K, committed 87808K, reserved 1126400K
  class space    used 8993K, capacity 10128K, committed 10240K, reserved 1048576K
}
Event: 16.048 GC heap after
{Heap after GC invocations=33 (full 0):
 garbage-first heap   total 620544K, used 138356K [0x0000000704800000, 0x0000000800000000)
  region size 1024K, 1 young (1024K), 1 survivors (1024K)
 Metaspace       used 84751K, capacity 87564K, committed 87808K, reserved 1126400K
  class space    used 8993K, capacity 10128K, committed 10240K, reserved 1048576K
}

