# JRE version: OpenJDK Runtime Environment Corretto-11.0.22.7.1 (11.0.22+7) (build 11.0.22+7-LTS)
# Java VM: OpenJDK 64-Bit Server VM Corretto-11.0.22.7.1 (11.0.22+7-LTS, mixed mode, tiered, compressed oops, g1 gc, windows-amd64)
Heap:
 garbage-first heap   total 372736K, used 290303K [0x0000000704800000, 0x0000000800000000)
  region size 1024K, 127 young (130048K), 12 survivors (12288K)
 Metaspace       used 88619K, capacity 91644K, committed 91776K, reserved 1130496K
  class space    used 9268K, capacity 10524K, committed 10624K, reserved 1048576K
GC Heap History (20 events):
Event: 4.286 GC heap before
{Heap before GC invocations=5 (full 0):
 garbage-first heap   total 258048K, used 22666K [0x0000000704800000, 0x0000000800000000)
  region size 1024K, 16 young (16384K), 8 survivors (8192K)
 Metaspace       used 35067K, capacity 35784K, committed 35840K, reserved 1081344K
  class space    used 3735K, capacity 4055K, committed 4096K, reserved 1048576K
}
Event: 4.290 GC heap after
{Heap after GC invocations=6 (full 0):
 garbage-first heap   total 258048K, used 16843K [0x0000000704800000, 0x0000000800000000)
  region size 1024K, 6 young (6144K), 6 survivors (6144K)
 Metaspace       used 35067K, capacity 35784K, committed 35840K, reserved 1081344K
  class space    used 3735K, capacity 4055K, committed 4096K, reserved 1048576K
}
Event: 4.583 GC heap before
{Heap before GC invocations=7 (full 0):
 garbage-first heap   total 258048K, used 106955K [0x0000000704800000, 0x0000000800000000)
  region size 1024K, 89 young (91136K), 6 survivors (6144K)
 Metaspace       used 45762K, capacity 46588K, committed 46848K, reserved 1091584K
  class space    used 4482K, capacity 4832K, committed 4864K, reserved 1048576K
}
Event: 4.587 GC heap after
{Heap after GC invocations=8 (full 0):
 garbage-first heap   total 258048K, used 25028K [0x0000000704800000, 0x0000000800000000)
  region size 1024K, 12 young (12288K), 12 survivors (12288K)
 Metaspace       used 45762K, capacity 46588K, committed 46848K, reserved 1091584K
  class space    used 4482K, capacity 4832K, committed 4864K, reserved 1048576K
}
Event: 5.875 GC heap before
{Heap before GC invocations=8 (full 0):
 garbage-first heap   total 258048K, used 171460K [0x0000000704800000, 0x0000000800000000)
  region size 1024K, 125 young (128000K), 12 survivors (12288K)
 Metaspace       used 57782K, capacity 58801K, committed 59008K, reserved 1101824K
  class space    used 6020K, capacity 6417K, committed 6528K, reserved 1048576K
}
Event: 5.883 GC heap after
{Heap after GC invocations=9 (full 0):
 garbage-first heap   total 258048K, used 62996K [0x0000000704800000, 0x0000000800000000)
  region size 1024K, 16 young (16384K), 16 survivors (16384K)
 Metaspace       used 57782K, capacity 58801K, committed 59008K, reserved 1101824K
  class space    used 6020K, capacity 6417K, committed 6528K, reserved 1048576K
}
Event: 6.030 GC heap before
{Heap before GC invocations=9 (full 0):
 garbage-first heap   total 258048K, used 79380K [0x0000000704800000, 0x0000000800000000)
  region size 1024K, 33 young (33792K), 16 survivors (16384K)
 Metaspace       used 59103K, capacity 60122K, committed 60160K, reserved 1103872K
  class space    used 6111K, capacity 6528K, committed 6528K, reserved 1048576K
}
Event: 6.044 GC heap after
{Heap after GC invocations=10 (full 0):
 garbage-first heap   total 310272K, used 66115K [0x0000000704800000, 0x0000000800000000)
  region size 1024K, 4 young (4096K), 4 survivors (4096K)
 Metaspace       used 59103K, capacity 60122K, committed 60160K, reserved 1103872K
  class space    used 6111K, capacity 6528K, committed 6528K, reserved 1048576K
}
Event: 6.916 GC heap before
{Heap before GC invocations=11 (full 0):
 garbage-first heap   total 310272K, used 229955K [0x0000000704800000, 0x0000000800000000)
  region size 1024K, 160 young (163840K), 4 survivors (4096K)
 Metaspace       used 67859K, capacity 69117K, committed 69376K, reserved 1112064K
  class space    used 6898K, capacity 7395K, committed 7424K, reserved 1048576K
}
Event: 6.929 GC heap after
{Heap after GC invocations=12 (full 0):
 garbage-first heap   total 310272K, used 84726K [0x0000000704800000, 0x0000000800000000)
  region size 1024K, 20 young (20480K), 20 survivors (20480K)
 Metaspace       used 67859K, capacity 69117K, committed 69376K, reserved 1112064K
  class space    used 6898K, capacity 7395K, committed 7424K, reserved 1048576K
}
Event: 7.986 GC heap before
{Heap before GC invocations=12 (full 0):
 garbage-first heap   total 310272K, used 218870K [0x0000000704800000, 0x0000000800000000)
  region size 1024K, 152 young (155648K), 20 survivors (20480K)
 Metaspace       used 78108K, capacity 79997K, committed 80128K, reserved 1120256K
  class space    used 8103K, capacity 8906K, committed 8960K, reserved 1048576K
}
Event: 7.999 GC heap after
{Heap after GC invocations=13 (full 0):
 garbage-first heap   total 310272K, used 101697K [0x0000000704800000, 0x0000000800000000)
  region size 1024K, 18 young (18432K), 18 survivors (18432K)
 Metaspace       used 78108K, capacity 79997K, committed 80128K, reserved 1120256K
  class space    used 8103K, capacity 8906K, committed 8960K, reserved 1048576K
}
Event: 9.171 GC heap before
{Heap before GC invocations=13 (full 0):
 garbage-first heap   total 310272K, used 226625K [0x0000000704800000, 0x0000000800000000)
  region size 1024K, 138 young (141312K), 18 survivors (18432K)
 Metaspace       used 80941K, capacity 83297K, committed 83456K, reserved 1124352K
  class space    used 8471K, capacity 9432K, committed 9472K, reserved 1048576K
}
Event: 9.183 GC heap after
{Heap after GC invocations=14 (full 0):
 garbage-first heap   total 310272K, used 116486K [0x0000000704800000, 0x0000000800000000)
  region size 1024K, 13 young (13312K), 13 survivors (13312K)
 Metaspace       used 80941K, capacity 83297K, committed 83456K, reserved 1124352K
  class space    used 8471K, capacity 9432K, committed 9472K, reserved 1048576K
}
Event: 9.686 GC heap before
{Heap before GC invocations=14 (full 0):
 garbage-first heap   total 310272K, used 233222K [0x0000000704800000, 0x0000000800000000)
  region size 1024K, 125 young (128000K), 13 survivors (13312K)
 Metaspace       used 82293K, capacity 84856K, committed 85120K, reserved 1124352K
  class space    used 8688K, capacity 9778K, committed 9856K, reserved 1048576K
}
Event: 9.702 GC heap after
{Heap after GC invocations=15 (full 0):
 garbage-first heap   total 372736K, used 133861K [0x0000000704800000, 0x0000000800000000)
  region size 1024K, 16 young (16384K), 16 survivors (16384K)
 Metaspace       used 82293K, capacity 84856K, committed 85120K, reserved 1124352K
  class space    used 8688K, capacity 9778K, committed 9856K, reserved 1048576K
}
Event: 14.276 GC heap before
{Heap before GC invocations=15 (full 0):
 garbage-first heap   total 372736K, used 282341K [0x0000000704800000, 0x0000000800000000)
  region size 1024K, 149 young (152576K), 16 survivors (16384K)
 Metaspace       used 84455K, capacity 87267K, committed 87424K, reserved 1126400K
  class space    used 8968K, capacity 10095K, committed 10112K, reserved 1048576K
}
Event: 14.284 GC heap after
{Heap after GC invocations=16 (full 0):
 garbage-first heap   total 372736K, used 150859K [0x0000000704800000, 0x0000000800000000)
  region size 1024K, 7 young (7168K), 7 survivors (7168K)
 Metaspace       used 84455K, capacity 87267K, committed 87424K, reserved 1126400K
  class space    used 8968K, capacity 10095K, committed 10112K, reserved 1048576K
}
Event: 18.564 GC heap before
{Heap before GC invocations=16 (full 0):
 garbage-first heap   total 372736K, used 238923K [0x0000000704800000, 0x0000000800000000)
  region size 1024K, 73 young (74752K), 7 survivors (7168K)
 Metaspace       used 85359K, capacity 88250K, committed 88320K, reserved 1128448K
  class space    used 9042K, capacity 10205K, committed 10240K, reserved 1048576K
}
Event: 18.571 GC heap after
{Heap after GC invocations=17 (full 0):
 garbage-first heap   total 372736K, used 172543K [0x0000000704800000, 0x0000000800000000)
  region size 1024K, 12 young (12288K), 12 survivors (12288K)
 Metaspace       used 85359K, capacity 88250K, committed 88320K, reserved 1128448K
  class space    used 9042K, capacity 10205K, committed 10240K, reserved 1048576K
}

