# JRE version: OpenJDK Runtime Environment Corretto-11.0.22.7.1 (11.0.22+7) (build 11.0.22+7-LTS)
# Java VM: OpenJDK 64-Bit Server VM Corretto-11.0.22.7.1 (11.0.22+7-LTS, mixed mode, tiered, compressed oops, g1 gc, windows-amd64)
Heap:
 garbage-first heap   total 539648K, used 255742K [0x0000000704800000, 0x0000000800000000)
  region size 1024K, 92 young (94208K), 35 survivors (35840K)
 Metaspace       used 88510K, capacity 91567K, committed 91760K, reserved 1130496K
  class space    used 9227K, capacity 10476K, committed 10484K, reserved 1048576K
GC Heap History (20 events):
Event: 15.037 GC heap before
{Heap before GC invocations=29 (full 0):
 garbage-first heap   total 318464K, used 253360K [0x0000000704800000, 0x0000000800000000)
  region size 1024K, 112 young (114688K), 1 survivors (1024K)
 Metaspace       used 84519K, capacity 87318K, committed 87536K, reserved 1126400K
  class space    used 8964K, capacity 10090K, committed 10100K, reserved 1048576K
}
Event: 15.039 GC heap after
{Heap after GC invocations=30 (full 0):
 garbage-first heap   total 318464K, used 139601K [0x0000000704800000, 0x0000000800000000)
  region size 1024K, 1 young (1024K), 1 survivors (1024K)
 Metaspace       used 84519K, capacity 87318K, committed 87536K, reserved 1126400K
  class space    used 8964K, capacity 10090K, committed 10100K, reserved 1048576K
}
Event: 15.061 GC heap before
{Heap before GC invocations=30 (full 0):
 garbage-first heap   total 318464K, used 262481K [0x0000000704800000, 0x0000000800000000)
  region size 1024K, 122 young (124928K), 1 survivors (1024K)
 Metaspace       used 84520K, capacity 87318K, committed 87536K, reserved 1126400K
  class space    used 8964K, capacity 10090K, committed 10100K, reserved 1048576K
}
Event: 15.063 GC heap after
{Heap after GC invocations=31 (full 0):
 garbage-first heap   total 318464K, used 139590K [0x0000000704800000, 0x0000000800000000)
  region size 1024K, 1 young (1024K), 1 survivors (1024K)
 Metaspace       used 84520K, capacity 87318K, committed 87536K, reserved 1126400K
  class space    used 8964K, capacity 10090K, committed 10100K, reserved 1048576K
}
Event: 15.088 GC heap before
{Heap before GC invocations=31 (full 0):
 garbage-first heap   total 318464K, used 266566K [0x0000000704800000, 0x0000000800000000)
  region size 1024K, 125 young (128000K), 1 survivors (1024K)
 Metaspace       used 84520K, capacity 87318K, committed 87536K, reserved 1126400K
  class space    used 8964K, capacity 10090K, committed 10100K, reserved 1048576K
}
Event: 15.090 GC heap after
{Heap after GC invocations=32 (full 0):
 garbage-first heap   total 318464K, used 139591K [0x0000000704800000, 0x0000000800000000)
  region size 1024K, 1 young (1024K), 1 survivors (1024K)
 Metaspace       used 84520K, capacity 87318K, committed 87536K, reserved 1126400K
  class space    used 8964K, capacity 10090K, committed 10100K, reserved 1048576K
}
Event: 15.125 GC heap before
{Heap before GC invocations=32 (full 0):
 garbage-first heap   total 318464K, used 270663K [0x0000000704800000, 0x0000000800000000)
  region size 1024K, 129 young (132096K), 1 survivors (1024K)
 Metaspace       used 84541K, capacity 87320K, committed 87536K, reserved 1126400K
  class space    used 8964K, capacity 10090K, committed 10100K, reserved 1048576K
}
Event: 15.127 GC heap after
{Heap after GC invocations=33 (full 0):
 garbage-first heap   total 318464K, used 139590K [0x0000000704800000, 0x0000000800000000)
  region size 1024K, 1 young (1024K), 1 survivors (1024K)
 Metaspace       used 84541K, capacity 87320K, committed 87536K, reserved 1126400K
  class space    used 8964K, capacity 10090K, committed 10100K, reserved 1048576K
}
Event: 15.168 GC heap before
{Heap before GC invocations=33 (full 0):
 garbage-first heap   total 318464K, used 272710K [0x0000000704800000, 0x0000000800000000)
  region size 1024K, 131 young (134144K), 1 survivors (1024K)
 Metaspace       used 84548K, capacity 87321K, committed 87536K, reserved 1126400K
  class space    used 8964K, capacity 10090K, committed 10100K, reserved 1048576K
}
Event: 15.170 GC heap after
{Heap after GC invocations=34 (full 0):
 garbage-first heap   total 318464K, used 139604K [0x0000000704800000, 0x0000000800000000)
  region size 1024K, 1 young (1024K), 1 survivors (1024K)
 Metaspace       used 84548K, capacity 87321K, committed 87536K, reserved 1126400K
  class space    used 8964K, capacity 10090K, committed 10100K, reserved 1048576K
}
Event: 15.214 GC heap before
{Heap before GC invocations=34 (full 0):
 garbage-first heap   total 318464K, used 274772K [0x0000000704800000, 0x0000000800000000)
  region size 1024K, 133 young (136192K), 1 survivors (1024K)
 Metaspace       used 84550K, capacity 87321K, committed 87536K, reserved 1126400K
  class space    used 8964K, capacity 10090K, committed 10100K, reserved 1048576K
}
Event: 15.216 GC heap after
{Heap after GC invocations=35 (full 0):
 garbage-first heap   total 318464K, used 139622K [0x0000000704800000, 0x0000000800000000)
  region size 1024K, 1 young (1024K), 1 survivors (1024K)
 Metaspace       used 84550K, capacity 87321K, committed 87536K, reserved 1126400K
  class space    used 8964K, capacity 10090K, committed 10100K, reserved 1048576K
}
Event: 15.250 GC heap before
{Heap before GC invocations=35 (full 0):
 garbage-first heap   total 318464K, used 276838K [0x0000000704800000, 0x0000000800000000)
  region size 1024K, 135 young (138240K), 1 survivors (1024K)
 Metaspace       used 84550K, capacity 87321K, committed 87536K, reserved 1126400K
  class space    used 8964K, capacity 10090K, committed 10100K, reserved 1048576K
}
Event: 15.256 GC heap after
{Heap after GC invocations=36 (full 0):
 garbage-first heap   total 539648K, used 139622K [0x0000000704800000, 0x0000000800000000)
  region size 1024K, 1 young (1024K), 1 survivors (1024K)
 Metaspace       used 84550K, capacity 87321K, committed 87536K, reserved 1126400K
  class space    used 8964K, capacity 10090K, committed 10100K, reserved 1048576K
}
Event: 15.392 GC heap before
{Heap before GC invocations=36 (full 0):
 garbage-first heap   total 539648K, used 449894K [0x0000000704800000, 0x0000000800000000)
  region size 1024K, 304 young (311296K), 1 survivors (1024K)
 Metaspace       used 84551K, capacity 87321K, committed 87536K, reserved 1126400K
  class space    used 8964K, capacity 10090K, committed 10100K, reserved 1048576K
}
Event: 15.393 GC heap after
{Heap after GC invocations=37 (full 0):
 garbage-first heap   total 539648K, used 139622K [0x0000000704800000, 0x0000000800000000)
  region size 1024K, 1 young (1024K), 1 survivors (1024K)
 Metaspace       used 84551K, capacity 87321K, committed 87536K, reserved 1126400K
  class space    used 8964K, capacity 10090K, committed 10100K, reserved 1048576K
}
Event: 15.458 GC heap before
{Heap before GC invocations=37 (full 0):
 garbage-first heap   total 539648K, used 462182K [0x0000000704800000, 0x0000000800000000)
  region size 1024K, 316 young (323584K), 1 survivors (1024K)
 Metaspace       used 84551K, capacity 87321K, committed 87536K, reserved 1126400K
  class space    used 8964K, capacity 10090K, committed 10100K, reserved 1048576K
}
Event: 15.459 GC heap after
{Heap after GC invocations=38 (full 0):
 garbage-first heap   total 539648K, used 139625K [0x0000000704800000, 0x0000000800000000)
  region size 1024K, 1 young (1024K), 1 survivors (1024K)
 Metaspace       used 84551K, capacity 87321K, committed 87536K, reserved 1126400K
  class space    used 8964K, capacity 10090K, committed 10100K, reserved 1048576K
}
Event: 20.777 GC heap before
{Heap before GC invocations=38 (full 0):
 garbage-first heap   total 539648K, used 488809K [0x0000000704800000, 0x0000000800000000)
  region size 1024K, 316 young (323584K), 1 survivors (1024K)
 Metaspace       used 86514K, capacity 89443K, committed 89584K, reserved 1128448K
  class space    used 9107K, capacity 10310K, committed 10356K, reserved 1048576K
}
Event: 20.785 GC heap after
{Heap after GC invocations=39 (full 0):
 garbage-first heap   total 539648K, used 197374K [0x0000000704800000, 0x0000000800000000)
  region size 1024K, 35 young (35840K), 35 survivors (35840K)
 Metaspace       used 86514K, capacity 89443K, committed 89584K, reserved 1128448K
  class space    used 9107K, capacity 10310K, committed 10356K, reserved 1048576K
}

