# JRE version: OpenJDK Runtime Environment Corretto-11.0.22.7.1 (11.0.22+7) (build 11.0.22+7-LTS)
# Java VM: OpenJDK 64-Bit Server VM Corretto-11.0.22.7.1 (11.0.22+7-LTS, mixed mode, tiered, compressed oops, g1 gc, windows-amd64)
Heap:
 garbage-first heap   total 589824K, used 195324K [0x0000000704800000, 0x0000000800000000)
  region size 1024K, 36 young (36864K), 34 survivors (34816K)
 Metaspace       used 88291K, capacity 91288K, committed 91548K, reserved 1130496K
  class space    used 9217K, capacity 10475K, committed 10496K, reserved 1048576K
GC Heap History (20 events):
Event: 14.493 GC heap before
{Heap before GC invocations=23 (full 0):
 garbage-first heap   total 310272K, used 264206K [0x0000000704800000, 0x0000000800000000)
  region size 1024K, 127 young (130048K), 2 survivors (2048K)
 Metaspace       used 84403K, capacity 87238K, committed 87324K, reserved 1126400K
  class space    used 8950K, capacity 10087K, committed 10112K, reserved 1048576K
}
Event: 14.495 GC heap after
{Heap after GC invocations=24 (full 0):
 garbage-first heap   total 310272K, used 136240K [0x0000000704800000, 0x0000000800000000)
  region size 1024K, 2 young (2048K), 2 survivors (2048K)
 Metaspace       used 84403K, capacity 87238K, committed 87324K, reserved 1126400K
  class space    used 8950K, capacity 10087K, committed 10112K, reserved 1048576K
}
Event: 14.517 GC heap before
{Heap before GC invocations=24 (full 0):
 garbage-first heap   total 310272K, used 265264K [0x0000000704800000, 0x0000000800000000)
  region size 1024K, 128 young (131072K), 2 survivors (2048K)
 Metaspace       used 84403K, capacity 87238K, committed 87324K, reserved 1126400K
  class space    used 8950K, capacity 10087K, committed 10112K, reserved 1048576K
}
Event: 14.519 GC heap after
{Heap after GC invocations=25 (full 0):
 garbage-first heap   total 310272K, used 136194K [0x0000000704800000, 0x0000000800000000)
  region size 1024K, 2 young (2048K), 2 survivors (2048K)
 Metaspace       used 84403K, capacity 87238K, committed 87324K, reserved 1126400K
  class space    used 8950K, capacity 10087K, committed 10112K, reserved 1048576K
}
Event: 14.542 GC heap before
{Heap before GC invocations=25 (full 0):
 garbage-first heap   total 310272K, used 266242K [0x0000000704800000, 0x0000000800000000)
  region size 1024K, 129 young (132096K), 2 survivors (2048K)
 Metaspace       used 84403K, capacity 87238K, committed 87324K, reserved 1126400K
  class space    used 8950K, capacity 10087K, committed 10112K, reserved 1048576K
}
Event: 14.544 GC heap after
{Heap after GC invocations=26 (full 0):
 garbage-first heap   total 310272K, used 136130K [0x0000000704800000, 0x0000000800000000)
  region size 1024K, 2 young (2048K), 2 survivors (2048K)
 Metaspace       used 84403K, capacity 87238K, committed 87324K, reserved 1126400K
  class space    used 8950K, capacity 10087K, committed 10112K, reserved 1048576K
}
Event: 14.567 GC heap before
{Heap before GC invocations=26 (full 0):
 garbage-first heap   total 310272K, used 266178K [0x0000000704800000, 0x0000000800000000)
  region size 1024K, 129 young (132096K), 2 survivors (2048K)
 Metaspace       used 84405K, capacity 87238K, committed 87324K, reserved 1126400K
  class space    used 8950K, capacity 10087K, committed 10112K, reserved 1048576K
}
Event: 14.569 GC heap after
{Heap after GC invocations=27 (full 0):
 garbage-first heap   total 310272K, used 136228K [0x0000000704800000, 0x0000000800000000)
  region size 1024K, 2 young (2048K), 2 survivors (2048K)
 Metaspace       used 84405K, capacity 87238K, committed 87324K, reserved 1126400K
  class space    used 8950K, capacity 10087K, committed 10112K, reserved 1048576K
}
Event: 14.591 GC heap before
{Heap before GC invocations=27 (full 0):
 garbage-first heap   total 310272K, used 267300K [0x0000000704800000, 0x0000000800000000)
  region size 1024K, 130 young (133120K), 2 survivors (2048K)
 Metaspace       used 84405K, capacity 87238K, committed 87324K, reserved 1126400K
  class space    used 8950K, capacity 10087K, committed 10112K, reserved 1048576K
}
Event: 14.593 GC heap after
{Heap after GC invocations=28 (full 0):
 garbage-first heap   total 310272K, used 136152K [0x0000000704800000, 0x0000000800000000)
  region size 1024K, 2 young (2048K), 2 survivors (2048K)
 Metaspace       used 84405K, capacity 87238K, committed 87324K, reserved 1126400K
  class space    used 8950K, capacity 10087K, committed 10112K, reserved 1048576K
}
Event: 14.615 GC heap before
{Heap before GC invocations=28 (full 0):
 garbage-first heap   total 310272K, used 268248K [0x0000000704800000, 0x0000000800000000)
  region size 1024K, 131 young (134144K), 2 survivors (2048K)
 Metaspace       used 84407K, capacity 87239K, committed 87324K, reserved 1126400K
  class space    used 8950K, capacity 10087K, committed 10112K, reserved 1048576K
}
Event: 14.618 GC heap after
{Heap after GC invocations=29 (full 0):
 garbage-first heap   total 310272K, used 136183K [0x0000000704800000, 0x0000000800000000)
  region size 1024K, 2 young (2048K), 2 survivors (2048K)
 Metaspace       used 84407K, capacity 87239K, committed 87324K, reserved 1126400K
  class space    used 8950K, capacity 10087K, committed 10112K, reserved 1048576K
}
Event: 14.640 GC heap before
{Heap before GC invocations=29 (full 0):
 garbage-first heap   total 310272K, used 268279K [0x0000000704800000, 0x0000000800000000)
  region size 1024K, 131 young (134144K), 2 survivors (2048K)
 Metaspace       used 84407K, capacity 87239K, committed 87324K, reserved 1126400K
  class space    used 8950K, capacity 10087K, committed 10112K, reserved 1048576K
}
Event: 14.642 GC heap after
{Heap after GC invocations=30 (full 0):
 garbage-first heap   total 310272K, used 136176K [0x0000000704800000, 0x0000000800000000)
  region size 1024K, 2 young (2048K), 2 survivors (2048K)
 Metaspace       used 84407K, capacity 87239K, committed 87324K, reserved 1126400K
  class space    used 8950K, capacity 10087K, committed 10112K, reserved 1048576K
}
Event: 14.664 GC heap before
{Heap before GC invocations=30 (full 0):
 garbage-first heap   total 310272K, used 269296K [0x0000000704800000, 0x0000000800000000)
  region size 1024K, 132 young (135168K), 2 survivors (2048K)
 Metaspace       used 84407K, capacity 87239K, committed 87324K, reserved 1126400K
  class space    used 8950K, capacity 10087K, committed 10112K, reserved 1048576K
}
Event: 14.670 GC heap after
{Heap after GC invocations=31 (full 0):
 garbage-first heap   total 589824K, used 136202K [0x0000000704800000, 0x0000000800000000)
  region size 1024K, 2 young (2048K), 2 survivors (2048K)
 Metaspace       used 84407K, capacity 87239K, committed 87324K, reserved 1126400K
  class space    used 8950K, capacity 10087K, committed 10112K, reserved 1048576K
}
Event: 14.767 GC heap before
{Heap before GC invocations=31 (full 0):
 garbage-first heap   total 589824K, used 368650K [0x0000000704800000, 0x0000000800000000)
  region size 1024K, 229 young (234496K), 2 survivors (2048K)
 Metaspace       used 84412K, capacity 87240K, committed 87324K, reserved 1126400K
  class space    used 8950K, capacity 10087K, committed 10112K, reserved 1048576K
}
Event: 14.769 GC heap after
{Heap after GC invocations=32 (full 0):
 garbage-first heap   total 589824K, used 136287K [0x0000000704800000, 0x0000000800000000)
  region size 1024K, 1 young (1024K), 1 survivors (1024K)
 Metaspace       used 84412K, capacity 87240K, committed 87324K, reserved 1126400K
  class space    used 8950K, capacity 10087K, committed 10112K, reserved 1048576K
}
Event: 20.183 GC heap before
{Heap before GC invocations=32 (full 0):
 garbage-first heap   total 589824K, used 443487K [0x0000000704800000, 0x0000000800000000)
  region size 1024K, 273 young (279552K), 1 survivors (1024K)
 Metaspace       used 88105K, capacity 91096K, committed 91292K, reserved 1130496K
  class space    used 9214K, capacity 10475K, committed 10496K, reserved 1048576K
}
Event: 20.192 GC heap after
{Heap after GC invocations=33 (full 0):
 garbage-first heap   total 589824K, used 194300K [0x0000000704800000, 0x0000000800000000)
  region size 1024K, 34 young (34816K), 34 survivors (34816K)
 Metaspace       used 88105K, capacity 91096K, committed 91292K, reserved 1130496K
  class space    used 9214K, capacity 10475K, committed 10496K, reserved 1048576K
}

