# JRE version: OpenJDK Runtime Environment Corretto-11.0.22.7.1 (11.0.22+7) (build 11.0.22+7-LTS)
# Java VM: OpenJDK 64-Bit Server VM Corretto-11.0.22.7.1 (11.0.22+7-LTS, mixed mode, tiered, compressed oops, g1 gc, windows-amd64)
Heap:
 garbage-first heap   total 310272K, used 177485K [0x0000000704800000, 0x0000000800000000)
  region size 1024K, 9 young (9216K), 7 survivors (7168K)
 Metaspace       used 88214K, capacity 91193K, committed 91228K, reserved 1130496K
  class space    used 9218K, capacity 10482K, committed 10496K, reserved 1048576K
GC Heap History (20 events):
Event: 9.485 GC heap before
{Heap before GC invocations=13 (full 0):
 garbage-first heap   total 310272K, used 231717K [0x0000000704800000, 0x0000000800000000)
  region size 1024K, 132 young (135168K), 12 survivors (12288K)
 Metaspace       used 80161K, capacity 82274K, committed 82524K, reserved 1122304K
  class space    used 8267K, capacity 9136K, committed 9216K, reserved 1048576K
}
Event: 9.494 GC heap after
{Heap after GC invocations=14 (full 0):
 garbage-first heap   total 310272K, used 114597K [0x0000000704800000, 0x0000000800000000)
  region size 1024K, 7 young (7168K), 7 survivors (7168K)
 Metaspace       used 80161K, capacity 82274K, committed 82524K, reserved 1122304K
  class space    used 8267K, capacity 9136K, committed 9216K, reserved 1048576K
}
Event: 9.997 GC heap before
{Heap before GC invocations=14 (full 0):
 garbage-first heap   total 310272K, used 239525K [0x0000000704800000, 0x0000000800000000)
  region size 1024K, 127 young (130048K), 7 survivors (7168K)
 Metaspace       used 81337K, capacity 83757K, committed 83932K, reserved 1124352K
  class space    used 8496K, capacity 9519K, committed 9600K, reserved 1048576K
}
Event: 10.006 GC heap after
{Heap after GC invocations=15 (full 0):
 garbage-first heap   total 310272K, used 119138K [0x0000000704800000, 0x0000000800000000)
  region size 1024K, 9 young (9216K), 9 survivors (9216K)
 Metaspace       used 81337K, capacity 83757K, committed 83932K, reserved 1124352K
  class space    used 8496K, capacity 9519K, committed 9600K, reserved 1048576K
}
Event: 10.564 GC heap before
{Heap before GC invocations=15 (full 0):
 garbage-first heap   total 310272K, used 244066K [0x0000000704800000, 0x0000000800000000)
  region size 1024K, 130 young (133120K), 9 survivors (9216K)
 Metaspace       used 83161K, capacity 85848K, committed 86108K, reserved 1126400K
  class space    used 8822K, capacity 9917K, committed 9984K, reserved 1048576K
}
Event: 10.572 GC heap after
{Heap after GC invocations=16 (full 0):
 garbage-first heap   total 310272K, used 125846K [0x0000000704800000, 0x0000000800000000)
  region size 1024K, 16 young (16384K), 16 survivors (16384K)
 Metaspace       used 83161K, capacity 85848K, committed 86108K, reserved 1126400K
  class space    used 8822K, capacity 9917K, committed 9984K, reserved 1048576K
}
Event: 15.240 GC heap before
{Heap before GC invocations=16 (full 0):
 garbage-first heap   total 310272K, used 253846K [0x0000000704800000, 0x0000000800000000)
  region size 1024K, 135 young (138240K), 16 survivors (16384K)
 Metaspace       used 84407K, capacity 87205K, committed 87260K, reserved 1126400K
  class space    used 8955K, capacity 10094K, committed 10112K, reserved 1048576K
}
Event: 15.248 GC heap after
{Heap after GC invocations=17 (full 0):
 garbage-first heap   total 310272K, used 135220K [0x0000000704800000, 0x0000000800000000)
  region size 1024K, 11 young (11264K), 11 survivors (11264K)
 Metaspace       used 84407K, capacity 87205K, committed 87260K, reserved 1126400K
  class space    used 8955K, capacity 10094K, committed 10112K, reserved 1048576K
}
Event: 15.274 GC heap before
{Heap before GC invocations=17 (full 0):
 garbage-first heap   total 310272K, used 252980K [0x0000000704800000, 0x0000000800000000)
  region size 1024K, 126 young (129024K), 11 survivors (11264K)
 Metaspace       used 84407K, capacity 87205K, committed 87260K, reserved 1126400K
  class space    used 8955K, capacity 10094K, committed 10112K, reserved 1048576K
}
Event: 15.279 GC heap after
{Heap after GC invocations=18 (full 0):
 garbage-first heap   total 310272K, used 135613K [0x0000000704800000, 0x0000000800000000)
  region size 1024K, 4 young (4096K), 4 survivors (4096K)
 Metaspace       used 84407K, capacity 87205K, committed 87260K, reserved 1126400K
  class space    used 8955K, capacity 10094K, committed 10112K, reserved 1048576K
}
Event: 15.305 GC heap before
{Heap before GC invocations=18 (full 0):
 garbage-first heap   total 310272K, used 257469K [0x0000000704800000, 0x0000000800000000)
  region size 1024K, 123 young (125952K), 4 survivors (4096K)
 Metaspace       used 84409K, capacity 87205K, committed 87260K, reserved 1126400K
  class space    used 8955K, capacity 10094K, committed 10112K, reserved 1048576K
}
Event: 15.310 GC heap after
{Heap after GC invocations=19 (full 0):
 garbage-first heap   total 310272K, used 135415K [0x0000000704800000, 0x0000000800000000)
  region size 1024K, 4 young (4096K), 4 survivors (4096K)
 Metaspace       used 84409K, capacity 87205K, committed 87260K, reserved 1126400K
  class space    used 8955K, capacity 10094K, committed 10112K, reserved 1048576K
}
Event: 19.556 GC heap before
{Heap before GC invocations=19 (full 0):
 garbage-first heap   total 310272K, used 222455K [0x0000000704800000, 0x0000000800000000)
  region size 1024K, 83 young (84992K), 4 survivors (4096K)
 Metaspace       used 84910K, capacity 87770K, committed 87900K, reserved 1126400K
  class space    used 8990K, capacity 10130K, committed 10240K, reserved 1048576K
}
Event: 19.563 GC heap after
{Heap after GC invocations=20 (full 0):
 garbage-first heap   total 310272K, used 148197K [0x0000000704800000, 0x0000000800000000)
  region size 1024K, 11 young (11264K), 11 survivors (11264K)
 Metaspace       used 84910K, capacity 87770K, committed 87900K, reserved 1126400K
  class space    used 8990K, capacity 10130K, committed 10240K, reserved 1048576K
}
Event: 20.228 GC heap before
{Heap before GC invocations=21 (full 0):
 garbage-first heap   total 310272K, used 221925K [0x0000000704800000, 0x0000000800000000)
  region size 1024K, 73 young (74752K), 11 survivors (11264K)
 Metaspace       used 85691K, capacity 88594K, committed 88796K, reserved 1128448K
  class space    used 9061K, capacity 10251K, committed 10368K, reserved 1048576K
}
Event: 20.237 GC heap after
{Heap after GC invocations=22 (full 0):
 garbage-first heap   total 310272K, used 187890K [0x0000000704800000, 0x0000000800000000)
  region size 1024K, 15 young (15360K), 15 survivors (15360K)
 Metaspace       used 85691K, capacity 88594K, committed 88796K, reserved 1128448K
  class space    used 9061K, capacity 10251K, committed 10368K, reserved 1048576K
}
Event: 20.638 GC heap before
{Heap before GC invocations=23 (full 0):
 garbage-first heap   total 310272K, used 176626K [0x0000000704800000, 0x0000000800000000)
  region size 1024K, 27 young (27648K), 15 survivors (15360K)
 Metaspace       used 86768K, capacity 89694K, committed 89820K, reserved 1128448K
  class space    used 9121K, capacity 10366K, committed 10368K, reserved 1048576K
}
Event: 20.649 GC heap after
{Heap after GC invocations=24 (full 0):
 garbage-first heap   total 310272K, used 168527K [0x0000000704800000, 0x0000000800000000)
  region size 1024K, 5 young (5120K), 5 survivors (5120K)
 Metaspace       used 86768K, capacity 89694K, committed 89820K, reserved 1128448K
  class space    used 9121K, capacity 10366K, committed 10368K, reserved 1048576K
}
Event: 21.250 GC heap before
{Heap before GC invocations=25 (full 0):
 garbage-first heap   total 310272K, used 220751K [0x0000000704800000, 0x0000000800000000)
  region size 1024K, 54 young (55296K), 5 survivors (5120K)
 Metaspace       used 88029K, capacity 91065K, committed 91228K, reserved 1130496K
  class space    used 9215K, capacity 10482K, committed 10496K, reserved 1048576K
}
Event: 21.266 GC heap after
{Heap after GC invocations=26 (full 0):
 garbage-first heap   total 310272K, used 176461K [0x0000000704800000, 0x0000000800000000)
  region size 1024K, 7 young (7168K), 7 survivors (7168K)
 Metaspace       used 88029K, capacity 91065K, committed 91228K, reserved 1130496K
  class space    used 9215K, capacity 10482K, committed 10496K, reserved 1048576K
}

