# JRE version: OpenJDK Runtime Environment Corretto-11.0.22.7.1 (11.0.22+7) (build 11.0.22+7-LTS)
# Java VM: OpenJDK 64-Bit Server VM Corretto-11.0.22.7.1 (11.0.22+7-LTS, mixed mode, tiered, compressed oops, g1 gc, windows-amd64)
Heap:
 garbage-first heap   total 310272K, used 277963K [0x0000000704800000, 0x0000000800000000)
  region size 1024K, 113 young (115712K), 7 survivors (7168K)
 Metaspace       used 88186K, capacity 91162K, committed 91392K, reserved 1130496K
  class space    used 9206K, capacity 10472K, committed 10496K, reserved 1048576K
GC Heap History (20 events):
Event: 8.281 GC heap before
{Heap before GC invocations=12 (full 0):
 garbage-first heap   total 310272K, used 215040K [0x0000000704800000, 0x0000000800000000)
  region size 1024K, 106 young (108544K), 17 survivors (17408K)
 Metaspace       used 78457K, capacity 80199K, committed 80512K, reserved 1120256K
  class space    used 7997K, capacity 8724K, committed 8832K, reserved 1048576K
}
Event: 8.289 GC heap after
{Heap after GC invocations=13 (full 0):
 garbage-first heap   total 310272K, used 136098K [0x0000000704800000, 0x0000000800000000)
  region size 1024K, 11 young (11264K), 11 survivors (11264K)
 Metaspace       used 78457K, capacity 80199K, committed 80512K, reserved 1120256K
  class space    used 7997K, capacity 8724K, committed 8832K, reserved 1048576K
}
Event: 8.779 GC heap before
{Heap before GC invocations=13 (full 0):
 garbage-first heap   total 310272K, used 224162K [0x0000000704800000, 0x0000000800000000)
  region size 1024K, 97 young (99328K), 11 survivors (11264K)
 Metaspace       used 79388K, capacity 81302K, committed 81408K, reserved 1122304K
  class space    used 8143K, capacity 8920K, committed 8960K, reserved 1048576K
}
Event: 8.787 GC heap after
{Heap after GC invocations=14 (full 0):
 garbage-first heap   total 310272K, used 146343K [0x0000000704800000, 0x0000000800000000)
  region size 1024K, 13 young (13312K), 13 survivors (13312K)
 Metaspace       used 79388K, capacity 81302K, committed 81408K, reserved 1122304K
  class space    used 8143K, capacity 8920K, committed 8960K, reserved 1048576K
}
Event: 9.166 GC heap before
{Heap before GC invocations=14 (full 0):
 garbage-first heap   total 310272K, used 233383K [0x0000000704800000, 0x0000000800000000)
  region size 1024K, 96 young (98304K), 13 survivors (13312K)
 Metaspace       used 80106K, capacity 82218K, committed 82432K, reserved 1122304K
  class space    used 8265K, capacity 9139K, committed 9216K, reserved 1048576K
}
Event: 9.173 GC heap after
{Heap after GC invocations=15 (full 0):
 garbage-first heap   total 310272K, used 152623K [0x0000000704800000, 0x0000000800000000)
  region size 1024K, 5 young (5120K), 5 survivors (5120K)
 Metaspace       used 80106K, capacity 82218K, committed 82432K, reserved 1122304K
  class space    used 8265K, capacity 9139K, committed 9216K, reserved 1048576K
}
Event: 9.178 GC heap before
{Heap before GC invocations=15 (full 0):
 garbage-first heap   total 310272K, used 155695K [0x0000000704800000, 0x0000000800000000)
  region size 1024K, 9 young (9216K), 5 survivors (5120K)
 Metaspace       used 80108K, capacity 82218K, committed 82432K, reserved 1122304K
  class space    used 8265K, capacity 9139K, committed 9216K, reserved 1048576K
}
Event: 9.181 GC heap after
{Heap after GC invocations=16 (full 0):
 garbage-first heap   total 310272K, used 151739K [0x0000000704800000, 0x0000000800000000)
  region size 1024K, 5 young (5120K), 5 survivors (5120K)
 Metaspace       used 80108K, capacity 82218K, committed 82432K, reserved 1122304K
  class space    used 8265K, capacity 9139K, committed 9216K, reserved 1048576K
}
Event: 9.617 GC heap before
{Heap before GC invocations=17 (full 0):
 garbage-first heap   total 310272K, used 230587K [0x0000000704800000, 0x0000000800000000)
  region size 1024K, 92 young (94208K), 5 survivors (5120K)
 Metaspace       used 81021K, capacity 83428K, committed 83456K, reserved 1124352K
  class space    used 8467K, capacity 9455K, committed 9472K, reserved 1048576K
}
Event: 9.621 GC heap after
{Heap after GC invocations=18 (full 0):
 garbage-first heap   total 310272K, used 143647K [0x0000000704800000, 0x0000000800000000)
  region size 1024K, 7 young (7168K), 7 survivors (7168K)
 Metaspace       used 81021K, capacity 83428K, committed 83456K, reserved 1124352K
  class space    used 8467K, capacity 9455K, committed 9472K, reserved 1048576K
}
Event: 9.658 GC heap before
{Heap before GC invocations=18 (full 0):
 garbage-first heap   total 310272K, used 151839K [0x0000000704800000, 0x0000000800000000)
  region size 1024K, 15 young (15360K), 7 survivors (7168K)
 Metaspace       used 81057K, capacity 83479K, committed 83712K, reserved 1124352K
  class space    used 8477K, capacity 9472K, committed 9472K, reserved 1048576K
}
Event: 9.664 GC heap after
{Heap after GC invocations=19 (full 0):
 garbage-first heap   total 310272K, used 126272K [0x0000000704800000, 0x0000000800000000)
  region size 1024K, 2 young (2048K), 2 survivors (2048K)
 Metaspace       used 81057K, capacity 83479K, committed 83712K, reserved 1124352K
  class space    used 8477K, capacity 9472K, committed 9472K, reserved 1048576K
}
Event: 10.137 GC heap before
{Heap before GC invocations=19 (full 0):
 garbage-first heap   total 310272K, used 233792K [0x0000000704800000, 0x0000000800000000)
  region size 1024K, 107 young (109568K), 2 survivors (2048K)
 Metaspace       used 82347K, capacity 84957K, committed 85120K, reserved 1124352K
  class space    used 8661K, capacity 9751K, committed 9856K, reserved 1048576K
}
Event: 10.142 GC heap after
{Heap after GC invocations=20 (full 0):
 garbage-first heap   total 310272K, used 132190K [0x0000000704800000, 0x0000000800000000)
  region size 1024K, 7 young (7168K), 7 survivors (7168K)
 Metaspace       used 82347K, capacity 84957K, committed 85120K, reserved 1124352K
  class space    used 8661K, capacity 9751K, committed 9856K, reserved 1048576K
}
Event: 17.908 GC heap before
{Heap before GC invocations=20 (full 0):
 garbage-first heap   total 310272K, used 246878K [0x0000000704800000, 0x0000000800000000)
  region size 1024K, 112 young (114688K), 7 survivors (7168K)
 Metaspace       used 84346K, capacity 87180K, committed 87424K, reserved 1126400K
  class space    used 8947K, capacity 10087K, committed 10112K, reserved 1048576K
}
Event: 17.915 GC heap after
{Heap after GC invocations=21 (full 0):
 garbage-first heap   total 310272K, used 142199K [0x0000000704800000, 0x0000000800000000)
  region size 1024K, 11 young (11264K), 11 survivors (11264K)
 Metaspace       used 84346K, capacity 87180K, committed 87424K, reserved 1126400K
  class space    used 8947K, capacity 10087K, committed 10112K, reserved 1048576K
}
Event: 17.948 GC heap before
{Heap before GC invocations=21 (full 0):
 garbage-first heap   total 310272K, used 246647K [0x0000000704800000, 0x0000000800000000)
  region size 1024K, 113 young (115712K), 11 survivors (11264K)
 Metaspace       used 84347K, capacity 87180K, committed 87424K, reserved 1126400K
  class space    used 8947K, capacity 10087K, committed 10112K, reserved 1048576K
}
Event: 17.954 GC heap after
{Heap after GC invocations=22 (full 0):
 garbage-first heap   total 310272K, used 142561K [0x0000000704800000, 0x0000000800000000)
  region size 1024K, 5 young (5120K), 5 survivors (5120K)
 Metaspace       used 84347K, capacity 87180K, committed 87424K, reserved 1126400K
  class space    used 8947K, capacity 10087K, committed 10112K, reserved 1048576K
}
Event: 22.167 GC heap before
{Heap before GC invocations=22 (full 0):
 garbage-first heap   total 310272K, used 232673K [0x0000000704800000, 0x0000000800000000)
  region size 1024K, 95 young (97280K), 5 survivors (5120K)
 Metaspace       used 84649K, capacity 87488K, committed 87680K, reserved 1126400K
  class space    used 8960K, capacity 10101K, committed 10112K, reserved 1048576K
}
Event: 22.172 GC heap after
{Heap after GC invocations=23 (full 0):
 garbage-first heap   total 310272K, used 144843K [0x0000000704800000, 0x0000000800000000)
  region size 1024K, 7 young (7168K), 7 survivors (7168K)
 Metaspace       used 84649K, capacity 87488K, committed 87680K, reserved 1126400K
  class space    used 8960K, capacity 10101K, committed 10112K, reserved 1048576K
}

