# JRE version: OpenJDK Runtime Environment Corretto-11.0.22.7.1 (11.0.22+7) (build 11.0.22+7-LTS)
# Java VM: OpenJDK 64-Bit Server VM Corretto-11.0.22.7.1 (11.0.22+7-LTS, mixed mode, tiered, compressed oops, g1 gc, windows-amd64)
Heap:
 garbage-first heap   total 548864K, used 459243K [0x0000000704800000, 0x0000000800000000)
  region size 1024K, 285 young (291840K), 1 survivors (1024K)
 Metaspace       used 88040K, capacity 91034K, committed 91136K, reserved 1130496K
  class space    used 9208K, capacity 10472K, committed 10496K, reserved 1048576K
GC Heap History (20 events):
Event: 28.317 GC heap before
{Heap before GC invocations=21 (full 0):
 garbage-first heap   total 372736K, used 287011K [0x0000000704800000, 0x0000000800000000)
  region size 1024K, 128 young (131072K), 6 survivors (6144K)
 Metaspace       used 84363K, capacity 87189K, committed 87424K, reserved 1126400K
  class space    used 8950K, capacity 10087K, committed 10112K, reserved 1048576K
}
Event: 28.321 GC heap after
{Heap after GC invocations=22 (full 0):
 garbage-first heap   total 372736K, used 162072K [0x0000000704800000, 0x0000000800000000)
  region size 1024K, 6 young (6144K), 6 survivors (6144K)
 Metaspace       used 84363K, capacity 87189K, committed 87424K, reserved 1126400K
  class space    used 8950K, capacity 10087K, committed 10112K, reserved 1048576K
}
Event: 28.345 GC heap before
{Heap before GC invocations=23 (full 0):
 garbage-first heap   total 372736K, used 295192K [0x0000000704800000, 0x0000000800000000)
  region size 1024K, 136 young (139264K), 6 survivors (6144K)
 Metaspace       used 84363K, capacity 87189K, committed 87424K, reserved 1126400K
  class space    used 8950K, capacity 10087K, committed 10112K, reserved 1048576K
}
Event: 28.348 GC heap after
{Heap after GC invocations=24 (full 0):
 garbage-first heap   total 372736K, used 162211K [0x0000000704800000, 0x0000000800000000)
  region size 1024K, 6 young (6144K), 6 survivors (6144K)
 Metaspace       used 84363K, capacity 87189K, committed 87424K, reserved 1126400K
  class space    used 8950K, capacity 10087K, committed 10112K, reserved 1048576K
}
Event: 28.350 GC heap before
{Heap before GC invocations=24 (full 0):
 garbage-first heap   total 372736K, used 174499K [0x0000000704800000, 0x0000000800000000)
  region size 1024K, 18 young (18432K), 6 survivors (6144K)
 Metaspace       used 84363K, capacity 87189K, committed 87424K, reserved 1126400K
  class space    used 8950K, capacity 10087K, committed 10112K, reserved 1048576K
}
Event: 28.358 GC heap after
{Heap after GC invocations=25 (full 0):
 garbage-first heap   total 372736K, used 141424K [0x0000000704800000, 0x0000000800000000)
  region size 1024K, 1 young (1024K), 1 survivors (1024K)
 Metaspace       used 84363K, capacity 87189K, committed 87424K, reserved 1126400K
  class space    used 8950K, capacity 10087K, committed 10112K, reserved 1048576K
}
Event: 28.385 GC heap before
{Heap before GC invocations=25 (full 0):
 garbage-first heap   total 372736K, used 289904K [0x0000000704800000, 0x0000000800000000)
  region size 1024K, 146 young (149504K), 1 survivors (1024K)
 Metaspace       used 84363K, capacity 87189K, committed 87424K, reserved 1126400K
  class space    used 8950K, capacity 10087K, committed 10112K, reserved 1048576K
}
Event: 28.387 GC heap after
{Heap after GC invocations=26 (full 0):
 garbage-first heap   total 372736K, used 140989K [0x0000000704800000, 0x0000000800000000)
  region size 1024K, 1 young (1024K), 1 survivors (1024K)
 Metaspace       used 84363K, capacity 87189K, committed 87424K, reserved 1126400K
  class space    used 8950K, capacity 10087K, committed 10112K, reserved 1048576K
}
Event: 28.416 GC heap before
{Heap before GC invocations=26 (full 0):
 garbage-first heap   total 372736K, used 317117K [0x0000000704800000, 0x0000000800000000)
  region size 1024K, 173 young (177152K), 1 survivors (1024K)
 Metaspace       used 84363K, capacity 87189K, committed 87424K, reserved 1126400K
  class space    used 8950K, capacity 10087K, committed 10112K, reserved 1048576K
}
Event: 28.417 GC heap after
{Heap after GC invocations=27 (full 0):
 garbage-first heap   total 372736K, used 140805K [0x0000000704800000, 0x0000000800000000)
  region size 1024K, 1 young (1024K), 1 survivors (1024K)
 Metaspace       used 84363K, capacity 87189K, committed 87424K, reserved 1126400K
  class space    used 8950K, capacity 10087K, committed 10112K, reserved 1048576K
}
Event: 28.446 GC heap before
{Heap before GC invocations=27 (full 0):
 garbage-first heap   total 372736K, used 320005K [0x0000000704800000, 0x0000000800000000)
  region size 1024K, 176 young (180224K), 1 survivors (1024K)
 Metaspace       used 84363K, capacity 87189K, committed 87424K, reserved 1126400K
  class space    used 8950K, capacity 10087K, committed 10112K, reserved 1048576K
}
Event: 28.448 GC heap after
{Heap after GC invocations=28 (full 0):
 garbage-first heap   total 372736K, used 140768K [0x0000000704800000, 0x0000000800000000)
  region size 1024K, 1 young (1024K), 1 survivors (1024K)
 Metaspace       used 84363K, capacity 87189K, committed 87424K, reserved 1126400K
  class space    used 8950K, capacity 10087K, committed 10112K, reserved 1048576K
}
Event: 28.479 GC heap before
{Heap before GC invocations=28 (full 0):
 garbage-first heap   total 372736K, used 323040K [0x0000000704800000, 0x0000000800000000)
  region size 1024K, 179 young (183296K), 1 survivors (1024K)
 Metaspace       used 84363K, capacity 87189K, committed 87424K, reserved 1126400K
  class space    used 8950K, capacity 10087K, committed 10112K, reserved 1048576K
}
Event: 28.480 GC heap after
{Heap after GC invocations=29 (full 0):
 garbage-first heap   total 372736K, used 140769K [0x0000000704800000, 0x0000000800000000)
  region size 1024K, 1 young (1024K), 1 survivors (1024K)
 Metaspace       used 84363K, capacity 87189K, committed 87424K, reserved 1126400K
  class space    used 8950K, capacity 10087K, committed 10112K, reserved 1048576K
}
Event: 28.510 GC heap before
{Heap before GC invocations=29 (full 0):
 garbage-first heap   total 372736K, used 325089K [0x0000000704800000, 0x0000000800000000)
  region size 1024K, 181 young (185344K), 1 survivors (1024K)
 Metaspace       used 84363K, capacity 87189K, committed 87424K, reserved 1126400K
  class space    used 8950K, capacity 10087K, committed 10112K, reserved 1048576K
}
Event: 28.512 GC heap after
{Heap after GC invocations=30 (full 0):
 garbage-first heap   total 372736K, used 140767K [0x0000000704800000, 0x0000000800000000)
  region size 1024K, 1 young (1024K), 1 survivors (1024K)
 Metaspace       used 84363K, capacity 87189K, committed 87424K, reserved 1126400K
  class space    used 8950K, capacity 10087K, committed 10112K, reserved 1048576K
}
Event: 28.541 GC heap before
{Heap before GC invocations=30 (full 0):
 garbage-first heap   total 372736K, used 326111K [0x0000000704800000, 0x0000000800000000)
  region size 1024K, 182 young (186368K), 1 survivors (1024K)
 Metaspace       used 84363K, capacity 87189K, committed 87424K, reserved 1126400K
  class space    used 8950K, capacity 10087K, committed 10112K, reserved 1048576K
}
Event: 28.543 GC heap after
{Heap after GC invocations=31 (full 0):
 garbage-first heap   total 372736K, used 140768K [0x0000000704800000, 0x0000000800000000)
  region size 1024K, 1 young (1024K), 1 survivors (1024K)
 Metaspace       used 84363K, capacity 87189K, committed 87424K, reserved 1126400K
  class space    used 8950K, capacity 10087K, committed 10112K, reserved 1048576K
}
Event: 28.573 GC heap before
{Heap before GC invocations=31 (full 0):
 garbage-first heap   total 372736K, used 327136K [0x0000000704800000, 0x0000000800000000)
  region size 1024K, 183 young (187392K), 1 survivors (1024K)
 Metaspace       used 84363K, capacity 87189K, committed 87424K, reserved 1126400K
  class space    used 8950K, capacity 10087K, committed 10112K, reserved 1048576K
}
Event: 28.577 GC heap after
{Heap after GC invocations=32 (full 0):
 garbage-first heap   total 548864K, used 140779K [0x0000000704800000, 0x0000000800000000)
  region size 1024K, 1 young (1024K), 1 survivors (1024K)
 Metaspace       used 84363K, capacity 87189K, committed 87424K, reserved 1126400K
  class space    used 8950K, capacity 10087K, committed 10112K, reserved 1048576K
}

