# JRE version: OpenJDK Runtime Environment Corretto-11.0.22.7.1 (11.0.22+7) (build 11.0.22+7-LTS)
# Java VM: OpenJDK 64-Bit Server VM Corretto-11.0.22.7.1 (11.0.22+7-LTS, mixed mode, tiered, compressed oops, g1 gc, windows-amd64)
Heap:
 garbage-first heap   total 372736K, used 180292K [0x0000000704800000, 0x0000000800000000)
  region size 1024K, 14 young (14336K), 5 survivors (5120K)
 Metaspace       used 88220K, capacity 91173K, committed 91428K, reserved 1130496K
  class space    used 9217K, capacity 10478K, committed 10496K, reserved 1048576K
GC Heap History (20 events):
Event: 7.176 GC heap before
{Heap before GC invocations=14 (full 0):
 garbage-first heap   total 310272K, used 206616K [0x0000000704800000, 0x0000000800000000)
  region size 1024K, 77 young (78848K), 11 survivors (11264K)
 Metaspace       used 70465K, capacity 71758K, committed 71972K, reserved 1114112K
  class space    used 7106K, capacity 7631K, committed 7680K, reserved 1048576K
}
Event: 7.179 GC heap after
{Heap after GC invocations=15 (full 0):
 garbage-first heap   total 310272K, used 141894K [0x0000000704800000, 0x0000000800000000)
  region size 1024K, 3 young (3072K), 3 survivors (3072K)
 Metaspace       used 70465K, capacity 71758K, committed 71972K, reserved 1114112K
  class space    used 7106K, capacity 7631K, committed 7680K, reserved 1048576K
}
Event: 7.296 GC heap before
{Heap before GC invocations=15 (full 0):
 garbage-first heap   total 310272K, used 154182K [0x0000000704800000, 0x0000000800000000)
  region size 1024K, 17 young (17408K), 3 survivors (3072K)
 Metaspace       used 71316K, capacity 72830K, committed 73124K, reserved 1114112K
  class space    used 7170K, capacity 7759K, committed 7808K, reserved 1048576K
}
Event: 7.300 GC heap after
{Heap after GC invocations=16 (full 0):
 garbage-first heap   total 310272K, used 143581K [0x0000000704800000, 0x0000000800000000)
  region size 1024K, 5 young (5120K), 5 survivors (5120K)
 Metaspace       used 71316K, capacity 72830K, committed 73124K, reserved 1114112K
  class space    used 7170K, capacity 7759K, committed 7808K, reserved 1048576K
}
Event: 8.102 GC heap before
{Heap before GC invocations=17 (full 0):
 garbage-first heap   total 310272K, used 174301K [0x0000000704800000, 0x0000000800000000)
  region size 1024K, 76 young (77824K), 5 survivors (5120K)
 Metaspace       used 78421K, capacity 80333K, committed 80420K, reserved 1120256K
  class space    used 8122K, capacity 8915K, committed 8960K, reserved 1048576K
}
Event: 8.109 GC heap after
{Heap after GC invocations=18 (full 0):
 garbage-first heap   total 310272K, used 114164K [0x0000000704800000, 0x0000000800000000)
  region size 1024K, 10 young (10240K), 10 survivors (10240K)
 Metaspace       used 78421K, capacity 80333K, committed 80420K, reserved 1120256K
  class space    used 8122K, capacity 8915K, committed 8960K, reserved 1048576K
}
Event: 8.149 GC heap before
{Heap before GC invocations=18 (full 0):
 garbage-first heap   total 310272K, used 118260K [0x0000000704800000, 0x0000000800000000)
  region size 1024K, 15 young (15360K), 10 survivors (10240K)
 Metaspace       used 78680K, capacity 80604K, committed 80676K, reserved 1122304K
  class space    used 8133K, capacity 8919K, committed 8960K, reserved 1048576K
}
Event: 8.155 GC heap after
{Heap after GC invocations=19 (full 0):
 garbage-first heap   total 310272K, used 114697K [0x0000000704800000, 0x0000000800000000)
  region size 1024K, 2 young (2048K), 2 survivors (2048K)
 Metaspace       used 78680K, capacity 80604K, committed 80676K, reserved 1122304K
  class space    used 8133K, capacity 8919K, committed 8960K, reserved 1048576K
}
Event: 9.290 GC heap before
{Heap before GC invocations=19 (full 0):
 garbage-first heap   total 310272K, used 202761K [0x0000000704800000, 0x0000000800000000)
  region size 1024K, 86 young (88064K), 2 survivors (2048K)
 Metaspace       used 80977K, capacity 83228K, committed 83492K, reserved 1124352K
  class space    used 8432K, capacity 9366K, committed 9472K, reserved 1048576K
}
Event: 9.297 GC heap after
{Heap after GC invocations=20 (full 0):
 garbage-first heap   total 310272K, used 126778K [0x0000000704800000, 0x0000000800000000)
  region size 1024K, 11 young (11264K), 11 survivors (11264K)
 Metaspace       used 80977K, capacity 83228K, committed 83492K, reserved 1124352K
  class space    used 8432K, capacity 9366K, committed 9472K, reserved 1048576K
}
Event: 9.757 GC heap before
{Heap before GC invocations=20 (full 0):
 garbage-first heap   total 310272K, used 212794K [0x0000000704800000, 0x0000000800000000)
  region size 1024K, 95 young (97280K), 11 survivors (11264K)
 Metaspace       used 81946K, capacity 84532K, committed 84772K, reserved 1124352K
  class space    used 8618K, capacity 9692K, committed 9728K, reserved 1048576K
}
Event: 9.764 GC heap after
{Heap after GC invocations=21 (full 0):
 garbage-first heap   total 372736K, used 130628K [0x0000000704800000, 0x0000000800000000)
  region size 1024K, 5 young (5120K), 5 survivors (5120K)
 Metaspace       used 81946K, capacity 84532K, committed 84772K, reserved 1124352K
  class space    used 8618K, capacity 9692K, committed 9728K, reserved 1048576K
}
Event: 12.080 GC heap before
{Heap before GC invocations=21 (full 0):
 garbage-first heap   total 372736K, used 249412K [0x0000000704800000, 0x0000000800000000)
  region size 1024K, 114 young (116736K), 5 survivors (5120K)
 Metaspace       used 84151K, capacity 86932K, committed 87204K, reserved 1126400K
  class space    used 8952K, capacity 10090K, committed 10112K, reserved 1048576K
}
Event: 12.086 GC heap after
{Heap after GC invocations=22 (full 0):
 garbage-first heap   total 372736K, used 144269K [0x0000000704800000, 0x0000000800000000)
  region size 1024K, 12 young (12288K), 12 survivors (12288K)
 Metaspace       used 84151K, capacity 86932K, committed 87204K, reserved 1126400K
  class space    used 8952K, capacity 10090K, committed 10112K, reserved 1048576K
}
Event: 15.439 GC heap before
{Heap before GC invocations=22 (full 0):
 garbage-first heap   total 372736K, used 256909K [0x0000000704800000, 0x0000000800000000)
  region size 1024K, 122 young (124928K), 12 survivors (12288K)
 Metaspace       used 84345K, capacity 87129K, committed 87204K, reserved 1126400K
  class space    used 8955K, capacity 10090K, committed 10112K, reserved 1048576K
}
Event: 15.445 GC heap after
{Heap after GC invocations=23 (full 0):
 garbage-first heap   total 372736K, used 145636K [0x0000000704800000, 0x0000000800000000)
  region size 1024K, 10 young (10240K), 10 survivors (10240K)
 Metaspace       used 84345K, capacity 87129K, committed 87204K, reserved 1126400K
  class space    used 8955K, capacity 10090K, committed 10112K, reserved 1048576K
}
Event: 20.832 GC heap before
{Heap before GC invocations=23 (full 0):
 garbage-first heap   total 372736K, used 293092K [0x0000000704800000, 0x0000000800000000)
  region size 1024K, 127 young (130048K), 10 survivors (10240K)
 Metaspace       used 87030K, capacity 90005K, committed 90148K, reserved 1128448K
  class space    used 9148K, capacity 10388K, committed 10496K, reserved 1048576K
}
Event: 20.844 GC heap after
{Heap after GC invocations=24 (full 0):
 garbage-first heap   total 372736K, used 194970K [0x0000000704800000, 0x0000000800000000)
  region size 1024K, 16 young (16384K), 16 survivors (16384K)
 Metaspace       used 87030K, capacity 90005K, committed 90148K, reserved 1128448K
  class space    used 9148K, capacity 10388K, committed 10496K, reserved 1048576K
}
Event: 21.113 GC heap before
{Heap before GC invocations=24 (full 0):
 garbage-first heap   total 372736K, used 224666K [0x0000000704800000, 0x0000000800000000)
  region size 1024K, 47 young (48128K), 16 survivors (16384K)
 Metaspace       used 87700K, capacity 90712K, committed 90916K, reserved 1130496K
  class space    used 9205K, capacity 10475K, committed 10496K, reserved 1048576K
}
Event: 21.122 GC heap after
{Heap after GC invocations=25 (full 0):
 garbage-first heap   total 372736K, used 200772K [0x0000000704800000, 0x0000000800000000)
  region size 1024K, 5 young (5120K), 5 survivors (5120K)
 Metaspace       used 87700K, capacity 90712K, committed 90916K, reserved 1130496K
  class space    used 9205K, capacity 10475K, committed 10496K, reserved 1048576K
}

