# JRE version: OpenJDK Runtime Environment Corretto-11.0.22.7.1 (11.0.22+7) (build 11.0.22+7-LTS)
# Java VM: OpenJDK 64-Bit Server VM Corretto-11.0.22.7.1 (11.0.22+7-LTS, mixed mode, tiered, compressed oops, g1 gc, windows-amd64)
Heap:
 garbage-first heap   total 372736K, used 272349K [0x0000000704800000, 0x0000000800000000)
  region size 1024K, 107 young (109568K), 12 survivors (12288K)
 Metaspace       used 88814K, capacity 91803K, committed 91980K, reserved 1130496K
  class space    used 9263K, capacity 10516K, committed 10572K, reserved 1048576K
GC Heap History (20 events):
Event: 13.219 GC heap before
{Heap before GC invocations=15 (full 0):
 garbage-first heap   total 372736K, used 254976K [0x0000000704800000, 0x0000000800000000)
  region size 1024K, 105 young (107520K), 10 survivors (10240K)
 Metaspace       used 82296K, capacity 84886K, committed 85068K, reserved 1124352K
  class space    used 8663K, capacity 9787K, committed 9804K, reserved 1048576K
}
Event: 13.231 GC heap after
{Heap after GC invocations=16 (full 0):
 garbage-first heap   total 372736K, used 164064K [0x0000000704800000, 0x0000000800000000)
  region size 1024K, 7 young (7168K), 7 survivors (7168K)
 Metaspace       used 82296K, capacity 84886K, committed 85068K, reserved 1124352K
  class space    used 8663K, capacity 9787K, committed 9804K, reserved 1048576K
}
Event: 22.451 GC heap before
{Heap before GC invocations=16 (full 0):
 garbage-first heap   total 372736K, used 271584K [0x0000000704800000, 0x0000000800000000)
  region size 1024K, 105 young (107520K), 7 survivors (7168K)
 Metaspace       used 84494K, capacity 87330K, committed 87500K, reserved 1126400K
  class space    used 8957K, capacity 10088K, committed 10188K, reserved 1048576K
}
Event: 22.459 GC heap after
{Heap after GC invocations=17 (full 0):
 garbage-first heap   total 372736K, used 175673K [0x0000000704800000, 0x0000000800000000)
  region size 1024K, 12 young (12288K), 12 survivors (12288K)
 Metaspace       used 84494K, capacity 87330K, committed 87500K, reserved 1126400K
  class space    used 8957K, capacity 10088K, committed 10188K, reserved 1048576K
}
Event: 22.489 GC heap before
{Heap before GC invocations=17 (full 0):
 garbage-first heap   total 372736K, used 276025K [0x0000000704800000, 0x0000000800000000)
  region size 1024K, 110 young (112640K), 12 survivors (12288K)
 Metaspace       used 84494K, capacity 87330K, committed 87500K, reserved 1126400K
  class space    used 8957K, capacity 10088K, committed 10188K, reserved 1048576K
}
Event: 22.495 GC heap after
{Heap after GC invocations=18 (full 0):
 garbage-first heap   total 372736K, used 176307K [0x0000000704800000, 0x0000000800000000)
  region size 1024K, 7 young (7168K), 7 survivors (7168K)
 Metaspace       used 84494K, capacity 87330K, committed 87500K, reserved 1126400K
  class space    used 8957K, capacity 10088K, committed 10188K, reserved 1048576K
}
Event: 22.529 GC heap before
{Heap before GC invocations=18 (full 0):
 garbage-first heap   total 372736K, used 282803K [0x0000000704800000, 0x0000000800000000)
  region size 1024K, 111 young (113664K), 7 survivors (7168K)
 Metaspace       used 84503K, capacity 87330K, committed 87500K, reserved 1126400K
  class space    used 8957K, capacity 10088K, committed 10188K, reserved 1048576K
}
Event: 22.533 GC heap after
{Heap after GC invocations=19 (full 0):
 garbage-first heap   total 372736K, used 175818K [0x0000000704800000, 0x0000000800000000)
  region size 1024K, 7 young (7168K), 7 survivors (7168K)
 Metaspace       used 84503K, capacity 87330K, committed 87500K, reserved 1126400K
  class space    used 8957K, capacity 10088K, committed 10188K, reserved 1048576K
}
Event: 22.623 GC heap before
{Heap before GC invocations=19 (full 0):
 garbage-first heap   total 372736K, used 272074K [0x0000000704800000, 0x0000000800000000)
  region size 1024K, 116 young (118784K), 7 survivors (7168K)
 Metaspace       used 84591K, capacity 87394K, committed 87500K, reserved 1126400K
  class space    used 8958K, capacity 10088K, committed 10188K, reserved 1048576K
}
Event: 22.629 GC heap after
{Heap after GC invocations=20 (full 0):
 garbage-first heap   total 372736K, used 160875K [0x0000000704800000, 0x0000000800000000)
  region size 1024K, 7 young (7168K), 7 survivors (7168K)
 Metaspace       used 84591K, capacity 87394K, committed 87500K, reserved 1126400K
  class space    used 8958K, capacity 10088K, committed 10188K, reserved 1048576K
}
Event: 22.670 GC heap before
{Heap before GC invocations=21 (full 0):
 garbage-first heap   total 372736K, used 284779K [0x0000000704800000, 0x0000000800000000)
  region size 1024K, 128 young (131072K), 7 survivors (7168K)
 Metaspace       used 84630K, capacity 87394K, committed 87500K, reserved 1126400K
  class space    used 8964K, capacity 10088K, committed 10188K, reserved 1048576K
}
Event: 22.676 GC heap after
{Heap after GC invocations=22 (full 0):
 garbage-first heap   total 372736K, used 156597K [0x0000000704800000, 0x0000000800000000)
  region size 1024K, 7 young (7168K), 7 survivors (7168K)
 Metaspace       used 84630K, capacity 87394K, committed 87500K, reserved 1126400K
  class space    used 8964K, capacity 10088K, committed 10188K, reserved 1048576K
}
Event: 22.680 GC heap before
{Heap before GC invocations=22 (full 0):
 garbage-first heap   total 372736K, used 167861K [0x0000000704800000, 0x0000000800000000)
  region size 1024K, 18 young (18432K), 7 survivors (7168K)
 Metaspace       used 84634K, capacity 87458K, committed 87756K, reserved 1126400K
  class space    used 8964K, capacity 10088K, committed 10188K, reserved 1048576K
}
Event: 22.690 GC heap after
{Heap after GC invocations=23 (full 0):
 garbage-first heap   total 372736K, used 143447K [0x0000000704800000, 0x0000000800000000)
  region size 1024K, 2 young (2048K), 2 survivors (2048K)
 Metaspace       used 84634K, capacity 87458K, committed 87756K, reserved 1126400K
  class space    used 8964K, capacity 10088K, committed 10188K, reserved 1048576K
}
Event: 22.738 GC heap before
{Heap before GC invocations=23 (full 0):
 garbage-first heap   total 372736K, used 282711K [0x0000000704800000, 0x0000000800000000)
  region size 1024K, 138 young (141312K), 2 survivors (2048K)
 Metaspace       used 84645K, capacity 87458K, committed 87756K, reserved 1126400K
  class space    used 8964K, capacity 10088K, committed 10188K, reserved 1048576K
}
Event: 22.740 GC heap after
{Heap after GC invocations=24 (full 0):
 garbage-first heap   total 372736K, used 142586K [0x0000000704800000, 0x0000000800000000)
  region size 1024K, 1 young (1024K), 1 survivors (1024K)
 Metaspace       used 84645K, capacity 87458K, committed 87756K, reserved 1126400K
  class space    used 8964K, capacity 10088K, committed 10188K, reserved 1048576K
}
Event: 22.798 GC heap before
{Heap before GC invocations=24 (full 0):
 garbage-first heap   total 372736K, used 297210K [0x0000000704800000, 0x0000000800000000)
  region size 1024K, 152 young (155648K), 1 survivors (1024K)
 Metaspace       used 84655K, capacity 87458K, committed 87756K, reserved 1126400K
  class space    used 8964K, capacity 10088K, committed 10188K, reserved 1048576K
}
Event: 22.800 GC heap after
{Heap after GC invocations=25 (full 0):
 garbage-first heap   total 372736K, used 142397K [0x0000000704800000, 0x0000000800000000)
  region size 1024K, 1 young (1024K), 1 survivors (1024K)
 Metaspace       used 84655K, capacity 87458K, committed 87756K, reserved 1126400K
  class space    used 8964K, capacity 10088K, committed 10188K, reserved 1048576K
}
Event: 26.812 GC heap before
{Heap before GC invocations=25 (full 0):
 garbage-first heap   total 372736K, used 227389K [0x0000000704800000, 0x0000000800000000)
  region size 1024K, 62 young (63488K), 1 survivors (1024K)
 Metaspace       used 85505K, capacity 88366K, committed 88652K, reserved 1128448K
  class space    used 9040K, capacity 10201K, committed 10316K, reserved 1048576K
}
Event: 26.817 GC heap after
{Heap after GC invocations=26 (full 0):
 garbage-first heap   total 372736K, used 176093K [0x0000000704800000, 0x0000000800000000)
  region size 1024K, 12 young (12288K), 12 survivors (12288K)
 Metaspace       used 85505K, capacity 88366K, committed 88652K, reserved 1128448K
  class space    used 9040K, capacity 10201K, committed 10316K, reserved 1048576K
}

