# JRE version: OpenJDK Runtime Environment Corretto-11.0.22.7.1 (11.0.22+7) (build 11.0.22+7-LTS)
# Java VM: OpenJDK 64-Bit Server VM Corretto-11.0.22.7.1 (11.0.22+7-LTS, mixed mode, tiered, compressed oops, g1 gc, windows-amd64)
Heap:
 garbage-first heap   total 372736K, used 318624K [0x0000000704800000, 0x0000000800000000)
  region size 1024K, 160 young (163840K), 10 survivors (10240K)
 Metaspace       used 88507K, capacity 91470K, committed 91776K, reserved 1130496K
  class space    used 9261K, capacity 10512K, committed 10624K, reserved 1048576K
GC Heap History (20 events):
Event: 9.789 GC heap before
{Heap before GC invocations=11 (full 0):
 garbage-first heap   total 310272K, used 218336K [0x0000000704800000, 0x0000000800000000)
  region size 1024K, 146 young (149504K), 18 survivors (18432K)
 Metaspace       used 74758K, capacity 76263K, committed 76416K, reserved 1118208K
  class space    used 7625K, capacity 8258K, committed 8320K, reserved 1048576K
}
Event: 9.807 GC heap after
{Heap after GC invocations=12 (full 0):
 garbage-first heap   total 310272K, used 95739K [0x0000000704800000, 0x0000000800000000)
  region size 1024K, 10 young (10240K), 10 survivors (10240K)
 Metaspace       used 74758K, capacity 76263K, committed 76416K, reserved 1118208K
  class space    used 7625K, capacity 8258K, committed 8320K, reserved 1048576K
}
Event: 12.156 GC heap before
{Heap before GC invocations=12 (full 0):
 garbage-first heap   total 310272K, used 223739K [0x0000000704800000, 0x0000000800000000)
  region size 1024K, 135 young (138240K), 10 survivors (10240K)
 Metaspace       used 79300K, capacity 81152K, committed 81408K, reserved 1122304K
  class space    used 8120K, capacity 8869K, committed 8960K, reserved 1048576K
}
Event: 12.171 GC heap after
{Heap after GC invocations=13 (full 0):
 garbage-first heap   total 310272K, used 111184K [0x0000000704800000, 0x0000000800000000)
  region size 1024K, 17 young (17408K), 17 survivors (17408K)
 Metaspace       used 79300K, capacity 81152K, committed 81408K, reserved 1122304K
  class space    used 8120K, capacity 8869K, committed 8960K, reserved 1048576K
}
Event: 13.084 GC heap before
{Heap before GC invocations=13 (full 0):
 garbage-first heap   total 310272K, used 234064K [0x0000000704800000, 0x0000000800000000)
  region size 1024K, 134 young (137216K), 17 survivors (17408K)
 Metaspace       used 80245K, capacity 82368K, committed 82688K, reserved 1122304K
  class space    used 8276K, capacity 9143K, committed 9216K, reserved 1048576K
}
Event: 13.096 GC heap after
{Heap after GC invocations=14 (full 0):
 garbage-first heap   total 372736K, used 118739K [0x0000000704800000, 0x0000000800000000)
  region size 1024K, 6 young (6144K), 6 survivors (6144K)
 Metaspace       used 80245K, capacity 82368K, committed 82688K, reserved 1122304K
  class space    used 8276K, capacity 9143K, committed 9216K, reserved 1048576K
}
Event: 14.392 GC heap before
{Heap before GC invocations=14 (full 0):
 garbage-first heap   total 372736K, used 264147K [0x0000000704800000, 0x0000000800000000)
  region size 1024K, 148 young (151552K), 6 survivors (6144K)
 Metaspace       used 81786K, capacity 84268K, committed 84480K, reserved 1124352K
  class space    used 8559K, capacity 9603K, committed 9728K, reserved 1048576K
}
Event: 14.405 GC heap after
{Heap after GC invocations=15 (full 0):
 garbage-first heap   total 372736K, used 121067K [0x0000000704800000, 0x0000000800000000)
  region size 1024K, 8 young (8192K), 8 survivors (8192K)
 Metaspace       used 81786K, capacity 84268K, committed 84480K, reserved 1124352K
  class space    used 8559K, capacity 9603K, committed 9728K, reserved 1048576K
}
Event: 20.345 GC heap before
{Heap before GC invocations=15 (full 0):
 garbage-first heap   total 372736K, used 283883K [0x0000000704800000, 0x0000000800000000)
  region size 1024K, 155 young (158720K), 8 survivors (8192K)
 Metaspace       used 84639K, capacity 87451K, committed 87680K, reserved 1126400K
  class space    used 8962K, capacity 10088K, committed 10112K, reserved 1048576K
}
Event: 20.355 GC heap after
{Heap after GC invocations=16 (full 0):
 garbage-first heap   total 372736K, used 141219K [0x0000000704800000, 0x0000000800000000)
  region size 1024K, 17 young (17408K), 17 survivors (17408K)
 Metaspace       used 84639K, capacity 87451K, committed 87680K, reserved 1126400K
  class space    used 8962K, capacity 10088K, committed 10112K, reserved 1048576K
}
Event: 20.406 GC heap before
{Heap before GC invocations=16 (full 0):
 garbage-first heap   total 372736K, used 284579K [0x0000000704800000, 0x0000000800000000)
  region size 1024K, 157 young (160768K), 17 survivors (17408K)
 Metaspace       used 84639K, capacity 87451K, committed 87680K, reserved 1126400K
  class space    used 8962K, capacity 10088K, committed 10112K, reserved 1048576K
}
Event: 20.413 GC heap after
{Heap after GC invocations=17 (full 0):
 garbage-first heap   total 372736K, used 138383K [0x0000000704800000, 0x0000000800000000)
  region size 1024K, 11 young (11264K), 11 survivors (11264K)
 Metaspace       used 84639K, capacity 87451K, committed 87680K, reserved 1126400K
  class space    used 8962K, capacity 10088K, committed 10112K, reserved 1048576K
}
Event: 20.454 GC heap before
{Heap before GC invocations=17 (full 0):
 garbage-first heap   total 372736K, used 288911K [0x0000000704800000, 0x0000000800000000)
  region size 1024K, 158 young (161792K), 11 survivors (11264K)
 Metaspace       used 84639K, capacity 87451K, committed 87680K, reserved 1126400K
  class space    used 8962K, capacity 10088K, committed 10112K, reserved 1048576K
}
Event: 20.459 GC heap after
{Heap after GC invocations=18 (full 0):
 garbage-first heap   total 372736K, used 137636K [0x0000000704800000, 0x0000000800000000)
  region size 1024K, 11 young (11264K), 11 survivors (11264K)
 Metaspace       used 84639K, capacity 87451K, committed 87680K, reserved 1126400K
  class space    used 8962K, capacity 10088K, committed 10112K, reserved 1048576K
}
Event: 20.499 GC heap before
{Heap before GC invocations=18 (full 0):
 garbage-first heap   total 372736K, used 293284K [0x0000000704800000, 0x0000000800000000)
  region size 1024K, 163 young (166912K), 11 survivors (11264K)
 Metaspace       used 84659K, capacity 87451K, committed 87680K, reserved 1126400K
  class space    used 8962K, capacity 10088K, committed 10112K, reserved 1048576K
}
Event: 20.504 GC heap after
{Heap after GC invocations=19 (full 0):
 garbage-first heap   total 372736K, used 137376K [0x0000000704800000, 0x0000000800000000)
  region size 1024K, 10 young (10240K), 10 survivors (10240K)
 Metaspace       used 84659K, capacity 87451K, committed 87680K, reserved 1126400K
  class space    used 8962K, capacity 10088K, committed 10112K, reserved 1048576K
}
Event: 20.571 GC heap before
{Heap before GC invocations=19 (full 0):
 garbage-first heap   total 372736K, used 307360K [0x0000000704800000, 0x0000000800000000)
  region size 1024K, 176 young (180224K), 10 survivors (10240K)
 Metaspace       used 84667K, capacity 87515K, committed 87680K, reserved 1126400K
  class space    used 8962K, capacity 10088K, committed 10112K, reserved 1048576K
}
Event: 20.576 GC heap after
{Heap after GC invocations=20 (full 0):
 garbage-first heap   total 372736K, used 137376K [0x0000000704800000, 0x0000000800000000)
  region size 1024K, 10 young (10240K), 10 survivors (10240K)
 Metaspace       used 84667K, capacity 87515K, committed 87680K, reserved 1126400K
  class space    used 8962K, capacity 10088K, committed 10112K, reserved 1048576K
}
Event: 20.617 GC heap before
{Heap before GC invocations=20 (full 0):
 garbage-first heap   total 372736K, used 308384K [0x0000000704800000, 0x0000000800000000)
  region size 1024K, 177 young (181248K), 10 survivors (10240K)
 Metaspace       used 84671K, capacity 87515K, committed 87680K, reserved 1126400K
  class space    used 8962K, capacity 10088K, committed 10112K, reserved 1048576K
}
Event: 20.624 GC heap after
{Heap after GC invocations=21 (full 0):
 garbage-first heap   total 372736K, used 137376K [0x0000000704800000, 0x0000000800000000)
  region size 1024K, 10 young (10240K), 10 survivors (10240K)
 Metaspace       used 84671K, capacity 87515K, committed 87680K, reserved 1126400K
  class space    used 8962K, capacity 10088K, committed 10112K, reserved 1048576K
}

