# JRE version: OpenJDK Runtime Environment Corretto-11.0.22.7.1 (11.0.22+7) (build 11.0.22+7-LTS)
# Java VM: OpenJDK 64-Bit Server VM Corretto-11.0.22.7.1 (11.0.22+7-LTS, mixed mode, tiered, compressed oops, g1 gc, windows-amd64)
Heap:
 garbage-first heap   total 372736K, used 286720K [0x0000000704800000, 0x0000000800000000)
  region size 1024K, 137 young (140288K), 10 survivors (10240K)
 Metaspace       used 88211K, capacity 91178K, committed 91392K, reserved 1130496K
  class space    used 9212K, capacity 10477K, committed 10496K, reserved 1048576K
GC Heap History (20 events):
Event: 4.743 GC heap before
{Heap before GC invocations=5 (full 0):
 garbage-first heap   total 258048K, used 73749K [0x0000000704800000, 0x0000000800000000)
  region size 1024K, 67 young (68608K), 5 survivors (5120K)
 Metaspace       used 35056K, capacity 35773K, committed 35840K, reserved 1081344K
  class space    used 3738K, capacity 4054K, committed 4096K, reserved 1048576K
}
Event: 4.750 GC heap after
{Heap after GC invocations=6 (full 0):
 garbage-first heap   total 310272K, used 15993K [0x0000000704800000, 0x0000000800000000)
  region size 1024K, 10 young (10240K), 10 survivors (10240K)
 Metaspace       used 35056K, capacity 35773K, committed 35840K, reserved 1081344K
  class space    used 3738K, capacity 4054K, committed 4096K, reserved 1048576K
}
Event: 5.422 GC heap before
{Heap before GC invocations=7 (full 0):
 garbage-first heap   total 310272K, used 147065K [0x0000000704800000, 0x0000000800000000)
  region size 1024K, 130 young (133120K), 10 survivors (10240K)
 Metaspace       used 48789K, capacity 49688K, committed 49920K, reserved 1093632K
  class space    used 4889K, capacity 5283K, committed 5376K, reserved 1048576K
}
Event: 5.429 GC heap after
{Heap after GC invocations=8 (full 0):
 garbage-first heap   total 310272K, used 24458K [0x0000000704800000, 0x0000000800000000)
  region size 1024K, 11 young (11264K), 11 survivors (11264K)
 Metaspace       used 48789K, capacity 49688K, committed 49920K, reserved 1093632K
  class space    used 4889K, capacity 5283K, committed 5376K, reserved 1048576K
}
Event: 6.542 GC heap before
{Heap before GC invocations=8 (full 0):
 garbage-first heap   total 310272K, used 141194K [0x0000000704800000, 0x0000000800000000)
  region size 1024K, 99 young (101376K), 11 survivors (11264K)
 Metaspace       used 59017K, capacity 60049K, committed 60160K, reserved 1103872K
  class space    used 6107K, capacity 6528K, committed 6528K, reserved 1048576K
}
Event: 6.563 GC heap after
{Heap after GC invocations=9 (full 0):
 garbage-first heap   total 310272K, used 62065K [0x0000000704800000, 0x0000000800000000)
  region size 1024K, 21 young (21504K), 21 survivors (21504K)
 Metaspace       used 59017K, capacity 60049K, committed 60160K, reserved 1103872K
  class space    used 6107K, capacity 6528K, committed 6528K, reserved 1048576K
}
Event: 7.607 GC heap before
{Heap before GC invocations=10 (full 0):
 garbage-first heap   total 310272K, used 231025K [0x0000000704800000, 0x0000000800000000)
  region size 1024K, 181 young (185344K), 21 survivors (21504K)
 Metaspace       used 63869K, capacity 65109K, committed 65408K, reserved 1107968K
  class space    used 6654K, capacity 7171K, committed 7296K, reserved 1048576K
}
Event: 7.632 GC heap after
{Heap after GC invocations=11 (full 0):
 garbage-first heap   total 310272K, used 77104K [0x0000000704800000, 0x0000000800000000)
  region size 1024K, 23 young (23552K), 23 survivors (23552K)
 Metaspace       used 63869K, capacity 65109K, committed 65408K, reserved 1107968K
  class space    used 6654K, capacity 7171K, committed 7296K, reserved 1048576K
}
Event: 9.295 GC heap before
{Heap before GC invocations=11 (full 0):
 garbage-first heap   total 310272K, used 224560K [0x0000000704800000, 0x0000000800000000)
  region size 1024K, 165 young (168960K), 23 survivors (23552K)
 Metaspace       used 78401K, capacity 80338K, committed 80384K, reserved 1120256K
  class space    used 8130K, capacity 8917K, committed 8960K, reserved 1048576K
}
Event: 9.320 GC heap after
{Heap after GC invocations=12 (full 0):
 garbage-first heap   total 310272K, used 89948K [0x0000000704800000, 0x0000000800000000)
  region size 1024K, 11 young (11264K), 11 survivors (11264K)
 Metaspace       used 78401K, capacity 80338K, committed 80384K, reserved 1120256K
  class space    used 8130K, capacity 8917K, committed 8960K, reserved 1048576K
}
Event: 11.473 GC heap before
{Heap before GC invocations=12 (full 0):
 garbage-first heap   total 310272K, used 237404K [0x0000000704800000, 0x0000000800000000)
  region size 1024K, 150 young (153600K), 11 survivors (11264K)
 Metaspace       used 81258K, capacity 83645K, committed 83712K, reserved 1124352K
  class space    used 8479K, capacity 9443K, committed 9472K, reserved 1048576K
}
Event: 11.493 GC heap after
{Heap after GC invocations=13 (full 0):
 garbage-first heap   total 310272K, used 112012K [0x0000000704800000, 0x0000000800000000)
  region size 1024K, 19 young (19456K), 19 survivors (19456K)
 Metaspace       used 81258K, capacity 83645K, committed 83712K, reserved 1124352K
  class space    used 8479K, capacity 9443K, committed 9472K, reserved 1048576K
}
Event: 12.412 GC heap before
{Heap before GC invocations=13 (full 0):
 garbage-first heap   total 310272K, used 233868K [0x0000000704800000, 0x0000000800000000)
  region size 1024K, 137 young (140288K), 19 survivors (19456K)
 Metaspace       used 83061K, capacity 85785K, committed 86016K, reserved 1126400K
  class space    used 8823K, capacity 9920K, committed 9984K, reserved 1048576K
}
Event: 12.434 GC heap after
{Heap after GC invocations=14 (full 0):
 garbage-first heap   total 372736K, used 120832K [0x0000000704800000, 0x0000000800000000)
  region size 1024K, 8 young (8192K), 8 survivors (8192K)
 Metaspace       used 83061K, capacity 85785K, committed 86016K, reserved 1126400K
  class space    used 8823K, capacity 9920K, committed 9984K, reserved 1048576K
}
Event: 16.765 GC heap before
{Heap before GC invocations=14 (full 0):
 garbage-first heap   total 372736K, used 271360K [0x0000000704800000, 0x0000000800000000)
  region size 1024K, 149 young (152576K), 8 survivors (8192K)
 Metaspace       used 84246K, capacity 87065K, committed 87168K, reserved 1126400K
  class space    used 8953K, capacity 10094K, committed 10112K, reserved 1048576K
}
Event: 16.771 GC heap after
{Heap after GC invocations=15 (full 0):
 garbage-first heap   total 372736K, used 129262K [0x0000000704800000, 0x0000000800000000)
  region size 1024K, 11 young (11264K), 11 survivors (11264K)
 Metaspace       used 84246K, capacity 87065K, committed 87168K, reserved 1126400K
  class space    used 8953K, capacity 10094K, committed 10112K, reserved 1048576K
}
Event: 16.801 GC heap before
{Heap before GC invocations=15 (full 0):
 garbage-first heap   total 372736K, used 274670K [0x0000000704800000, 0x0000000800000000)
  region size 1024K, 153 young (156672K), 11 survivors (11264K)
 Metaspace       used 84248K, capacity 87066K, committed 87168K, reserved 1126400K
  class space    used 8953K, capacity 10094K, committed 10112K, reserved 1048576K
}
Event: 16.806 GC heap after
{Heap after GC invocations=16 (full 0):
 garbage-first heap   total 372736K, used 129024K [0x0000000704800000, 0x0000000800000000)
  region size 1024K, 10 young (10240K), 10 survivors (10240K)
 Metaspace       used 84248K, capacity 87066K, committed 87168K, reserved 1126400K
  class space    used 8953K, capacity 10094K, committed 10112K, reserved 1048576K
}
Event: 16.837 GC heap before
{Heap before GC invocations=16 (full 0):
 garbage-first heap   total 372736K, used 281600K [0x0000000704800000, 0x0000000800000000)
  region size 1024K, 159 young (162816K), 10 survivors (10240K)
 Metaspace       used 84249K, capacity 87066K, committed 87168K, reserved 1126400K
  class space    used 8953K, capacity 10094K, committed 10112K, reserved 1048576K
}
Event: 16.842 GC heap after
{Heap after GC invocations=17 (full 0):
 garbage-first heap   total 372736K, used 129024K [0x0000000704800000, 0x0000000800000000)
  region size 1024K, 10 young (10240K), 10 survivors (10240K)
 Metaspace       used 84249K, capacity 87066K, committed 87168K, reserved 1126400K
  class space    used 8953K, capacity 10094K, committed 10112K, reserved 1048576K
}

