# JRE version: OpenJDK Runtime Environment Corretto-11.0.22.7.1 (11.0.22+7) (build 11.0.22+7-LTS)
# Java VM: OpenJDK 64-Bit Server VM Corretto-11.0.22.7.1 (11.0.22+7-LTS, mixed mode, tiered, compressed oops, g1 gc, windows-amd64)
Heap:
 garbage-first heap   total 372736K, used 287622K [0x0000000704800000, 0x0000000800000000)
  region size 1024K, 130 young (133120K), 11 survivors (11264K)
 Metaspace       used 88457K, capacity 91417K, committed 91556K, reserved 1130496K
  class space    used 9266K, capacity 10513K, committed 10536K, reserved 1048576K
GC Heap History (20 events):
Event: 7.070 GC heap before
{Heap before GC invocations=8 (full 0):
 garbage-first heap   total 258048K, used 77094K [0x0000000704800000, 0x0000000800000000)
  region size 1024K, 34 young (34816K), 17 survivors (17408K)
 Metaspace       used 58792K, capacity 59777K, committed 59940K, reserved 1103872K
  class space    used 6106K, capacity 6529K, committed 6568K, reserved 1048576K
}
Event: 7.088 GC heap after
{Heap after GC invocations=9 (full 0):
 garbage-first heap   total 310272K, used 65095K [0x0000000704800000, 0x0000000800000000)
  region size 1024K, 4 young (4096K), 4 survivors (4096K)
 Metaspace       used 58792K, capacity 59777K, committed 59940K, reserved 1103872K
  class space    used 6106K, capacity 6529K, committed 6568K, reserved 1048576K
}
Event: 7.923 GC heap before
{Heap before GC invocations=10 (full 0):
 garbage-first heap   total 310272K, used 237127K [0x0000000704800000, 0x0000000800000000)
  region size 1024K, 167 young (171008K), 4 survivors (4096K)
 Metaspace       used 63256K, capacity 64369K, committed 64548K, reserved 1107968K
  class space    used 6593K, capacity 7070K, committed 7080K, reserved 1048576K
}
Event: 7.934 GC heap after
{Heap after GC invocations=11 (full 0):
 garbage-first heap   total 310272K, used 80471K [0x0000000704800000, 0x0000000800000000)
  region size 1024K, 19 young (19456K), 19 survivors (19456K)
 Metaspace       used 63256K, capacity 64369K, committed 64548K, reserved 1107968K
  class space    used 6593K, capacity 7070K, committed 7080K, reserved 1048576K
}
Event: 9.976 GC heap before
{Heap before GC invocations=12 (full 0):
 garbage-first heap   total 310272K, used 234071K [0x0000000704800000, 0x0000000800000000)
  region size 1024K, 164 young (167936K), 19 survivors (19456K)
 Metaspace       used 78435K, capacity 80353K, committed 80548K, reserved 1120256K
  class space    used 8131K, capacity 8919K, committed 9000K, reserved 1048576K
}
Event: 9.998 GC heap after
{Heap after GC invocations=13 (full 0):
 garbage-first heap   total 310272K, used 102375K [0x0000000704800000, 0x0000000800000000)
  region size 1024K, 21 young (21504K), 21 survivors (21504K)
 Metaspace       used 78435K, capacity 80353K, committed 80548K, reserved 1120256K
  class space    used 8131K, capacity 8919K, committed 9000K, reserved 1048576K
}
Event: 12.203 GC heap before
{Heap before GC invocations=13 (full 0):
 garbage-first heap   total 310272K, used 235495K [0x0000000704800000, 0x0000000800000000)
  region size 1024K, 148 young (151552K), 21 survivors (21504K)
 Metaspace       used 81264K, capacity 83589K, committed 83876K, reserved 1124352K
  class space    used 8475K, capacity 9441K, committed 9512K, reserved 1048576K
}
Event: 12.222 GC heap after
{Heap after GC invocations=14 (full 0):
 garbage-first heap   total 310272K, used 116699K [0x0000000704800000, 0x0000000800000000)
  region size 1024K, 15 young (15360K), 15 survivors (15360K)
 Metaspace       used 81264K, capacity 83589K, committed 83876K, reserved 1124352K
  class space    used 8475K, capacity 9441K, committed 9512K, reserved 1048576K
}
Event: 13.190 GC heap before
{Heap before GC invocations=14 (full 0):
 garbage-first heap   total 310272K, used 235483K [0x0000000704800000, 0x0000000800000000)
  region size 1024K, 130 young (133120K), 15 survivors (15360K)
 Metaspace       used 83088K, capacity 85787K, committed 85924K, reserved 1126400K
  class space    used 8823K, capacity 9917K, committed 10024K, reserved 1048576K
}
Event: 13.209 GC heap after
{Heap after GC invocations=15 (full 0):
 garbage-first heap   total 372736K, used 125024K [0x0000000704800000, 0x0000000800000000)
  region size 1024K, 9 young (9216K), 9 survivors (9216K)
 Metaspace       used 83088K, capacity 85787K, committed 85924K, reserved 1126400K
  class space    used 8823K, capacity 9917K, committed 10024K, reserved 1048576K
}
Event: 17.882 GC heap before
{Heap before GC invocations=15 (full 0):
 garbage-first heap   total 372736K, used 288864K [0x0000000704800000, 0x0000000800000000)
  region size 1024K, 163 young (166912K), 9 survivors (9216K)
 Metaspace       used 84351K, capacity 87192K, committed 87332K, reserved 1126400K
  class space    used 8956K, capacity 10089K, committed 10152K, reserved 1048576K
}
Event: 17.889 GC heap after
{Heap after GC invocations=16 (full 0):
 garbage-first heap   total 372736K, used 132737K [0x0000000704800000, 0x0000000800000000)
  region size 1024K, 11 young (11264K), 11 survivors (11264K)
 Metaspace       used 84351K, capacity 87192K, committed 87332K, reserved 1126400K
  class space    used 8956K, capacity 10089K, committed 10152K, reserved 1048576K
}
Event: 17.928 GC heap before
{Heap before GC invocations=16 (full 0):
 garbage-first heap   total 372736K, used 290433K [0x0000000704800000, 0x0000000800000000)
  region size 1024K, 165 young (168960K), 11 survivors (11264K)
 Metaspace       used 84351K, capacity 87192K, committed 87332K, reserved 1126400K
  class space    used 8956K, capacity 10089K, committed 10152K, reserved 1048576K
}
Event: 17.933 GC heap after
{Heap after GC invocations=17 (full 0):
 garbage-first heap   total 372736K, used 133229K [0x0000000704800000, 0x0000000800000000)
  region size 1024K, 11 young (11264K), 11 survivors (11264K)
 Metaspace       used 84351K, capacity 87192K, committed 87332K, reserved 1126400K
  class space    used 8956K, capacity 10089K, committed 10152K, reserved 1048576K
}
Event: 17.966 GC heap before
{Heap before GC invocations=17 (full 0):
 garbage-first heap   total 372736K, used 298093K [0x0000000704800000, 0x0000000800000000)
  region size 1024K, 172 young (176128K), 11 survivors (11264K)
 Metaspace       used 84351K, capacity 87192K, committed 87332K, reserved 1126400K
  class space    used 8956K, capacity 10089K, committed 10152K, reserved 1048576K
}
Event: 17.971 GC heap after
{Heap after GC invocations=18 (full 0):
 garbage-first heap   total 372736K, used 132756K [0x0000000704800000, 0x0000000800000000)
  region size 1024K, 11 young (11264K), 11 survivors (11264K)
 Metaspace       used 84351K, capacity 87192K, committed 87332K, reserved 1126400K
  class space    used 8956K, capacity 10089K, committed 10152K, reserved 1048576K
}
Event: 18.001 GC heap before
{Heap before GC invocations=18 (full 0):
 garbage-first heap   total 372736K, used 302740K [0x0000000704800000, 0x0000000800000000)
  region size 1024K, 177 young (181248K), 11 survivors (11264K)
 Metaspace       used 84355K, capacity 87192K, committed 87332K, reserved 1126400K
  class space    used 8956K, capacity 10089K, committed 10152K, reserved 1048576K
}
Event: 18.006 GC heap after
{Heap after GC invocations=19 (full 0):
 garbage-first heap   total 372736K, used 132994K [0x0000000704800000, 0x0000000800000000)
  region size 1024K, 11 young (11264K), 11 survivors (11264K)
 Metaspace       used 84355K, capacity 87192K, committed 87332K, reserved 1126400K
  class space    used 8956K, capacity 10089K, committed 10152K, reserved 1048576K
}
Event: 18.036 GC heap before
{Heap before GC invocations=19 (full 0):
 garbage-first heap   total 372736K, used 311170K [0x0000000704800000, 0x0000000800000000)
  region size 1024K, 185 young (189440K), 11 survivors (11264K)
 Metaspace       used 84355K, capacity 87192K, committed 87332K, reserved 1126400K
  class space    used 8956K, capacity 10089K, committed 10152K, reserved 1048576K
}
Event: 18.040 GC heap after
{Heap after GC invocations=20 (full 0):
 garbage-first heap   total 372736K, used 132998K [0x0000000704800000, 0x0000000800000000)
  region size 1024K, 11 young (11264K), 11 survivors (11264K)
 Metaspace       used 84355K, capacity 87192K, committed 87332K, reserved 1126400K
  class space    used 8956K, capacity 10089K, committed 10152K, reserved 1048576K
}

