# JRE version: OpenJDK Runtime Environment Corretto-11.0.22.7.1 (11.0.22+7) (build 11.0.22+7-LTS)
# Java VM: OpenJDK 64-Bit Server VM Corretto-11.0.22.7.1 (11.0.22+7-LTS, mixed mode, tiered, compressed oops, g1 gc, windows-amd64)
Heap:
 garbage-first heap   total 390144K, used 281063K [0x0000000704800000, 0x0000000800000000)
  region size 1024K, 125 young (128000K), 12 survivors (12288K)
 Metaspace       used 88479K, capacity 91518K, committed 91812K, reserved 1130496K
  class space    used 9224K, capacity 10484K, committed 10536K, reserved 1048576K
GC Heap History (20 events):
Event: 1.224 GC heap before
{Heap before GC invocations=3 (full 0):
 garbage-first heap   total 258048K, used 15430K [0x0000000704800000, 0x0000000800000000)
  region size 1024K, 10 young (10240K), 6 survivors (6144K)
 Metaspace       used 20727K, capacity 21162K, committed 21296K, reserved 1069056K
  class space    used 2054K, capacity 2176K, committed 2176K, reserved 1048576K
}
Event: 1.228 GC heap after
{Heap after GC invocations=4 (full 0):
 garbage-first heap   total 258048K, used 11604K [0x0000000704800000, 0x0000000800000000)
  region size 1024K, 5 young (5120K), 5 survivors (5120K)
 Metaspace       used 20727K, capacity 21162K, committed 21296K, reserved 1069056K
  class space    used 2054K, capacity 2176K, committed 2176K, reserved 1048576K
}
Event: 4.265 GC heap before
{Heap before GC invocations=5 (full 0):
 garbage-first heap   total 258048K, used 70996K [0x0000000704800000, 0x0000000800000000)
  region size 1024K, 64 young (65536K), 5 survivors (5120K)
 Metaspace       used 34952K, capacity 35624K, committed 35708K, reserved 1081344K
  class space    used 3725K, capacity 4025K, committed 4096K, reserved 1048576K
}
Event: 4.272 GC heap after
{Heap after GC invocations=6 (full 0):
 garbage-first heap   total 310272K, used 17721K [0x0000000704800000, 0x0000000800000000)
  region size 1024K, 11 young (11264K), 11 survivors (11264K)
 Metaspace       used 34952K, capacity 35624K, committed 35708K, reserved 1081344K
  class space    used 3725K, capacity 4025K, committed 4096K, reserved 1048576K
}
Event: 4.928 GC heap before
{Heap before GC invocations=7 (full 0):
 garbage-first heap   total 310272K, used 127289K [0x0000000704800000, 0x0000000800000000)
  region size 1024K, 113 young (115712K), 11 survivors (11264K)
 Metaspace       used 47004K, capacity 47773K, committed 47996K, reserved 1091584K
  class space    used 4654K, capacity 4997K, committed 5120K, reserved 1048576K
}
Event: 4.933 GC heap after
{Heap after GC invocations=8 (full 0):
 garbage-first heap   total 310272K, used 18488K [0x0000000704800000, 0x0000000800000000)
  region size 1024K, 8 young (8192K), 8 survivors (8192K)
 Metaspace       used 47004K, capacity 47773K, committed 47996K, reserved 1091584K
  class space    used 4654K, capacity 4997K, committed 5120K, reserved 1048576K
}
Event: 6.857 GC heap before
{Heap before GC invocations=8 (full 0):
 garbage-first heap   total 310272K, used 163896K [0x0000000704800000, 0x0000000800000000)
  region size 1024K, 121 young (123904K), 8 survivors (8192K)
 Metaspace       used 58894K, capacity 59864K, committed 59940K, reserved 1103872K
  class space    used 6106K, capacity 6530K, committed 6568K, reserved 1048576K
}
Event: 6.881 GC heap after
{Heap after GC invocations=9 (full 0):
 garbage-first heap   total 310272K, used 63242K [0x0000000704800000, 0x0000000800000000)
  region size 1024K, 20 young (20480K), 20 survivors (20480K)
 Metaspace       used 58894K, capacity 59864K, committed 59940K, reserved 1103872K
  class space    used 6106K, capacity 6530K, committed 6568K, reserved 1048576K
}
Event: 7.800 GC heap before
{Heap before GC invocations=10 (full 0):
 garbage-first heap   total 310272K, used 209674K [0x0000000704800000, 0x0000000800000000)
  region size 1024K, 158 young (161792K), 20 survivors (20480K)
 Metaspace       used 62777K, capacity 63837K, committed 64036K, reserved 1105920K
  class space    used 6536K, capacity 7001K, committed 7080K, reserved 1048576K
}
Event: 7.848 GC heap after
{Heap after GC invocations=11 (full 0):
 garbage-first heap   total 310272K, used 80949K [0x0000000704800000, 0x0000000800000000)
  region size 1024K, 18 young (18432K), 18 survivors (18432K)
 Metaspace       used 62777K, capacity 63837K, committed 64036K, reserved 1105920K
  class space    used 6536K, capacity 7001K, committed 7080K, reserved 1048576K
}
Event: 10.000 GC heap before
{Heap before GC invocations=12 (full 0):
 garbage-first heap   total 310272K, used 224309K [0x0000000704800000, 0x0000000800000000)
  region size 1024K, 153 young (156672K), 18 survivors (18432K)
 Metaspace       used 74840K, capacity 76429K, committed 76580K, reserved 1118208K
  class space    used 7636K, capacity 8296K, committed 8360K, reserved 1048576K
}
Event: 10.024 GC heap after
{Heap after GC invocations=13 (full 0):
 garbage-first heap   total 310272K, used 101376K [0x0000000704800000, 0x0000000800000000)
  region size 1024K, 19 young (19456K), 19 survivors (19456K)
 Metaspace       used 74840K, capacity 76429K, committed 76580K, reserved 1118208K
  class space    used 7636K, capacity 8296K, committed 8360K, reserved 1048576K
}
Event: 12.832 GC heap before
{Heap before GC invocations=13 (full 0):
 garbage-first heap   total 310272K, used 231424K [0x0000000704800000, 0x0000000800000000)
  region size 1024K, 144 young (147456K), 19 survivors (19456K)
 Metaspace       used 81068K, capacity 83378K, committed 83492K, reserved 1124352K
  class space    used 8435K, capacity 9372K, committed 9384K, reserved 1048576K
}
Event: 12.856 GC heap after
{Heap after GC invocations=14 (full 0):
 garbage-first heap   total 310272K, used 115081K [0x0000000704800000, 0x0000000800000000)
  region size 1024K, 15 young (15360K), 15 survivors (15360K)
 Metaspace       used 81068K, capacity 83378K, committed 83492K, reserved 1124352K
  class space    used 8435K, capacity 9372K, committed 9384K, reserved 1048576K
}
Event: 14.345 GC heap before
{Heap before GC invocations=14 (full 0):
 garbage-first heap   total 310272K, used 234889K [0x0000000704800000, 0x0000000800000000)
  region size 1024K, 132 young (135168K), 15 survivors (15360K)
 Metaspace       used 82376K, capacity 85055K, committed 85156K, reserved 1124352K
  class space    used 8666K, capacity 9760K, committed 9768K, reserved 1048576K
}
Event: 14.366 GC heap after
{Heap after GC invocations=15 (full 0):
 garbage-first heap   total 390144K, used 122945K [0x0000000704800000, 0x0000000800000000)
  region size 1024K, 9 young (9216K), 9 survivors (9216K)
 Metaspace       used 82376K, capacity 85055K, committed 85156K, reserved 1124352K
  class space    used 8666K, capacity 9760K, committed 9768K, reserved 1048576K
}
Event: 19.879 GC heap before
{Heap before GC invocations=15 (full 0):
 garbage-first heap   total 390144K, used 286785K [0x0000000704800000, 0x0000000800000000)
  region size 1024K, 162 young (165888K), 9 survivors (9216K)
 Metaspace       used 84446K, capacity 87212K, committed 87332K, reserved 1126400K
  class space    used 8959K, capacity 10096K, committed 10152K, reserved 1048576K
}
Event: 19.885 GC heap after
{Heap after GC invocations=16 (full 0):
 garbage-first heap   total 390144K, used 132943K [0x0000000704800000, 0x0000000800000000)
  region size 1024K, 13 young (13312K), 13 survivors (13312K)
 Metaspace       used 84446K, capacity 87212K, committed 87332K, reserved 1126400K
  class space    used 8959K, capacity 10096K, committed 10152K, reserved 1048576K
}
Event: 23.571 GC heap before
{Heap before GC invocations=16 (full 0):
 garbage-first heap   total 390144K, used 300879K [0x0000000704800000, 0x0000000800000000)
  region size 1024K, 176 young (180224K), 13 survivors (13312K)
 Metaspace       used 84995K, capacity 87833K, committed 88100K, reserved 1128448K
  class space    used 8993K, capacity 10130K, committed 10152K, reserved 1048576K
}
Event: 23.579 GC heap after
{Heap after GC invocations=17 (full 0):
 garbage-first heap   total 390144K, used 138727K [0x0000000704800000, 0x0000000800000000)
  region size 1024K, 12 young (12288K), 12 survivors (12288K)
 Metaspace       used 84995K, capacity 87833K, committed 88100K, reserved 1128448K
  class space    used 8993K, capacity 10130K, committed 10152K, reserved 1048576K
}

