# JRE version: OpenJDK Runtime Environment Corretto-11.0.22.7.1 (11.0.22+7) (build 11.0.22+7-LTS)
# Java VM: OpenJDK 64-Bit Server VM Corretto-11.0.22.7.1 (11.0.22+7-LTS, mixed mode, tiered, compressed oops, g1 gc, windows-amd64)
Heap:
 garbage-first heap   total 384000K, used 206385K [0x0000000704800000, 0x0000000800000000)
  region size 1024K, 49 young (50176K), 24 survivors (24576K)
 Metaspace       used 89794K, capacity 92922K, committed 93056K, reserved 1132544K
  class space    used 9330K, capacity 10603K, committed 10624K, reserved 1048576K
GC Heap History (20 events):
Event: 9.107 GC heap before
{Heap before GC invocations=11 (full 0):
 garbage-first heap   total 310272K, used 226727K [0x0000000704800000, 0x0000000800000000)
  region size 1024K, 159 young (162816K), 20 survivors (20480K)
 Metaspace       used 77654K, capacity 79314K, committed 79360K, reserved 1120256K
  class space    used 7979K, capacity 8677K, committed 8704K, reserved 1048576K
}
Event: 9.126 GC heap after
{Heap after GC invocations=12 (full 0):
 garbage-first heap   total 310272K, used 98111K [0x0000000704800000, 0x0000000800000000)
  region size 1024K, 18 young (18432K), 18 survivors (18432K)
 Metaspace       used 77654K, capacity 79314K, committed 79360K, reserved 1120256K
  class space    used 7979K, capacity 8677K, committed 8704K, reserved 1048576K
}
Event: 11.429 GC heap before
{Heap before GC invocations=12 (full 0):
 garbage-first heap   total 310272K, used 231231K [0x0000000704800000, 0x0000000800000000)
  region size 1024K, 145 young (148480K), 18 survivors (18432K)
 Metaspace       used 81191K, capacity 83541K, committed 83712K, reserved 1124352K
  class space    used 8454K, capacity 9403K, committed 9472K, reserved 1048576K
}
Event: 11.451 GC heap after
{Heap after GC invocations=13 (full 0):
 garbage-first heap   total 372736K, used 110663K [0x0000000704800000, 0x0000000800000000)
  region size 1024K, 14 young (14336K), 14 survivors (14336K)
 Metaspace       used 81191K, capacity 83541K, committed 83712K, reserved 1124352K
  class space    used 8454K, capacity 9403K, committed 9472K, reserved 1048576K
}
Event: 12.757 GC heap before
{Heap before GC invocations=13 (full 0):
 garbage-first heap   total 372736K, used 272455K [0x0000000704800000, 0x0000000800000000)
  region size 1024K, 171 young (175104K), 14 survivors (14336K)
 Metaspace       used 83254K, capacity 85936K, committed 86016K, reserved 1126400K
  class space    used 8841K, capacity 9945K, committed 9984K, reserved 1048576K
}
Event: 12.775 GC heap after
{Heap after GC invocations=14 (full 0):
 garbage-first heap   total 372736K, used 120960K [0x0000000704800000, 0x0000000800000000)
  region size 1024K, 11 young (11264K), 11 survivors (11264K)
 Metaspace       used 83254K, capacity 85936K, committed 86016K, reserved 1126400K
  class space    used 8841K, capacity 9945K, committed 9984K, reserved 1048576K
}
Event: 17.850 GC heap before
{Heap before GC invocations=14 (full 0):
 garbage-first heap   total 372736K, used 292992K [0x0000000704800000, 0x0000000800000000)
  region size 1024K, 166 young (169984K), 11 survivors (11264K)
 Metaspace       used 84609K, capacity 87392K, committed 87424K, reserved 1126400K
  class space    used 8965K, capacity 10091K, committed 10112K, reserved 1048576K
}
Event: 17.858 GC heap after
{Heap after GC invocations=15 (full 0):
 garbage-first heap   total 372736K, used 136320K [0x0000000704800000, 0x0000000800000000)
  region size 1024K, 13 young (13312K), 13 survivors (13312K)
 Metaspace       used 84609K, capacity 87392K, committed 87424K, reserved 1126400K
  class space    used 8965K, capacity 10091K, committed 10112K, reserved 1048576K
}
Event: 17.893 GC heap before
{Heap before GC invocations=15 (full 0):
 garbage-first heap   total 372736K, used 291968K [0x0000000704800000, 0x0000000800000000)
  region size 1024K, 165 young (168960K), 13 survivors (13312K)
 Metaspace       used 84609K, capacity 87392K, committed 87424K, reserved 1126400K
  class space    used 8965K, capacity 10091K, committed 10112K, reserved 1048576K
}
Event: 17.899 GC heap after
{Heap after GC invocations=16 (full 0):
 garbage-first heap   total 372736K, used 128393K [0x0000000704800000, 0x0000000800000000)
  region size 1024K, 4 young (4096K), 4 survivors (4096K)
 Metaspace       used 84609K, capacity 87392K, committed 87424K, reserved 1126400K
  class space    used 8965K, capacity 10091K, committed 10112K, reserved 1048576K
}
Event: 17.947 GC heap before
{Heap before GC invocations=16 (full 0):
 garbage-first heap   total 372736K, used 297353K [0x0000000704800000, 0x0000000800000000)
  region size 1024K, 169 young (173056K), 4 survivors (4096K)
 Metaspace       used 84619K, capacity 87393K, committed 87424K, reserved 1126400K
  class space    used 8965K, capacity 10091K, committed 10112K, reserved 1048576K
}
Event: 17.951 GC heap after
{Heap after GC invocations=17 (full 0):
 garbage-first heap   total 372736K, used 127882K [0x0000000704800000, 0x0000000800000000)
  region size 1024K, 4 young (4096K), 4 survivors (4096K)
 Metaspace       used 84619K, capacity 87393K, committed 87424K, reserved 1126400K
  class space    used 8965K, capacity 10091K, committed 10112K, reserved 1048576K
}
Event: 17.988 GC heap before
{Heap before GC invocations=17 (full 0):
 garbage-first heap   total 372736K, used 298890K [0x0000000704800000, 0x0000000800000000)
  region size 1024K, 171 young (175104K), 4 survivors (4096K)
 Metaspace       used 84637K, capacity 87393K, committed 87424K, reserved 1126400K
  class space    used 8965K, capacity 10091K, committed 10112K, reserved 1048576K
}
Event: 17.991 GC heap after
{Heap after GC invocations=18 (full 0):
 garbage-first heap   total 372736K, used 127544K [0x0000000704800000, 0x0000000800000000)
  region size 1024K, 4 young (4096K), 4 survivors (4096K)
 Metaspace       used 84637K, capacity 87393K, committed 87424K, reserved 1126400K
  class space    used 8965K, capacity 10091K, committed 10112K, reserved 1048576K
}
Event: 18.023 GC heap before
{Heap before GC invocations=18 (full 0):
 garbage-first heap   total 372736K, used 305720K [0x0000000704800000, 0x0000000800000000)
  region size 1024K, 178 young (182272K), 4 survivors (4096K)
 Metaspace       used 84659K, capacity 87393K, committed 87424K, reserved 1126400K
  class space    used 8965K, capacity 10091K, committed 10112K, reserved 1048576K
}
Event: 18.026 GC heap after
{Heap after GC invocations=19 (full 0):
 garbage-first heap   total 372736K, used 127685K [0x0000000704800000, 0x0000000800000000)
  region size 1024K, 4 young (4096K), 4 survivors (4096K)
 Metaspace       used 84659K, capacity 87393K, committed 87424K, reserved 1126400K
  class space    used 8965K, capacity 10091K, committed 10112K, reserved 1048576K
}
Event: 18.059 GC heap before
{Heap before GC invocations=19 (full 0):
 garbage-first heap   total 372736K, used 314053K [0x0000000704800000, 0x0000000800000000)
  region size 1024K, 186 young (190464K), 4 survivors (4096K)
 Metaspace       used 84661K, capacity 87393K, committed 87424K, reserved 1126400K
  class space    used 8965K, capacity 10091K, committed 10112K, reserved 1048576K
}
Event: 18.062 GC heap after
{Heap after GC invocations=20 (full 0):
 garbage-first heap   total 372736K, used 127523K [0x0000000704800000, 0x0000000800000000)
  region size 1024K, 4 young (4096K), 4 survivors (4096K)
 Metaspace       used 84661K, capacity 87393K, committed 87424K, reserved 1126400K
  class space    used 8965K, capacity 10091K, committed 10112K, reserved 1048576K
}
Event: 24.750 GC heap before
{Heap before GC invocations=20 (full 0):
 garbage-first heap   total 372736K, used 347683K [0x0000000704800000, 0x0000000800000000)
  region size 1024K, 191 young (195584K), 4 survivors (4096K)
 Metaspace       used 88712K, capacity 91774K, committed 92032K, reserved 1130496K
  class space    used 9285K, capacity 10564K, committed 10624K, reserved 1048576K
}
Event: 24.773 GC heap after
{Heap after GC invocations=21 (full 0):
 garbage-first heap   total 384000K, used 181809K [0x0000000704800000, 0x0000000800000000)
  region size 1024K, 24 young (24576K), 24 survivors (24576K)
 Metaspace       used 88712K, capacity 91774K, committed 92032K, reserved 1130496K
  class space    used 9285K, capacity 10564K, committed 10624K, reserved 1048576K
}

