# JRE version: OpenJDK Runtime Environment Corretto-11.0.22.7.1 (11.0.22+7) (build 11.0.22+7-LTS)
# Java VM: OpenJDK 64-Bit Server VM Corretto-11.0.22.7.1 (11.0.22+7-LTS, mixed mode, tiered, compressed oops, g1 gc, windows-amd64)
Heap:
 garbage-first heap   total 378880K, used 356744K [0x0000000704800000, 0x0000000800000000)
  region size 1024K, 195 young (199680K), 5 survivors (5120K)
 Metaspace       used 88510K, capacity 91478K, committed 91556K, reserved 1130496K
  class space    used 9261K, capacity 10512K, committed 10536K, reserved 1048576K
GC Heap History (20 events):
Event: 17.694 GC heap before
{Heap before GC invocations=17 (full 0):
 garbage-first heap   total 378880K, used 294466K [0x0000000704800000, 0x0000000800000000)
  region size 1024K, 157 young (160768K), 5 survivors (5120K)
 Metaspace       used 84576K, capacity 87377K, committed 87588K, reserved 1126400K
  class space    used 8963K, capacity 10089K, committed 10152K, reserved 1048576K
}
Event: 17.697 GC heap after
{Heap after GC invocations=18 (full 0):
 garbage-first heap   total 378880K, used 134733K [0x0000000704800000, 0x0000000800000000)
  region size 1024K, 5 young (5120K), 5 survivors (5120K)
 Metaspace       used 84576K, capacity 87377K, committed 87588K, reserved 1126400K
  class space    used 8963K, capacity 10089K, committed 10152K, reserved 1048576K
}
Event: 17.729 GC heap before
{Heap before GC invocations=18 (full 0):
 garbage-first heap   total 378880K, used 296525K [0x0000000704800000, 0x0000000800000000)
  region size 1024K, 163 young (166912K), 5 survivors (5120K)
 Metaspace       used 84580K, capacity 87377K, committed 87588K, reserved 1126400K
  class space    used 8963K, capacity 10089K, committed 10152K, reserved 1048576K
}
Event: 17.732 GC heap after
{Heap after GC invocations=19 (full 0):
 garbage-first heap   total 378880K, used 134590K [0x0000000704800000, 0x0000000800000000)
  region size 1024K, 5 young (5120K), 5 survivors (5120K)
 Metaspace       used 84580K, capacity 87377K, committed 87588K, reserved 1126400K
  class space    used 8963K, capacity 10089K, committed 10152K, reserved 1048576K
}
Event: 17.762 GC heap before
{Heap before GC invocations=19 (full 0):
 garbage-first heap   total 378880K, used 310718K [0x0000000704800000, 0x0000000800000000)
  region size 1024K, 177 young (181248K), 5 survivors (5120K)
 Metaspace       used 84583K, capacity 87377K, committed 87588K, reserved 1126400K
  class space    used 8963K, capacity 10089K, committed 10152K, reserved 1048576K
}
Event: 17.765 GC heap after
{Heap after GC invocations=20 (full 0):
 garbage-first heap   total 378880K, used 134554K [0x0000000704800000, 0x0000000800000000)
  region size 1024K, 5 young (5120K), 5 survivors (5120K)
 Metaspace       used 84583K, capacity 87377K, committed 87588K, reserved 1126400K
  class space    used 8963K, capacity 10089K, committed 10152K, reserved 1048576K
}
Event: 17.797 GC heap before
{Heap before GC invocations=20 (full 0):
 garbage-first heap   total 378880K, used 315802K [0x0000000704800000, 0x0000000800000000)
  region size 1024K, 182 young (186368K), 5 survivors (5120K)
 Metaspace       used 84584K, capacity 87377K, committed 87588K, reserved 1126400K
  class space    used 8963K, capacity 10089K, committed 10152K, reserved 1048576K
}
Event: 17.800 GC heap after
{Heap after GC invocations=21 (full 0):
 garbage-first heap   total 378880K, used 134445K [0x0000000704800000, 0x0000000800000000)
  region size 1024K, 5 young (5120K), 5 survivors (5120K)
 Metaspace       used 84584K, capacity 87377K, committed 87588K, reserved 1126400K
  class space    used 8963K, capacity 10089K, committed 10152K, reserved 1048576K
}
Event: 17.834 GC heap before
{Heap before GC invocations=21 (full 0):
 garbage-first heap   total 378880K, used 321837K [0x0000000704800000, 0x0000000800000000)
  region size 1024K, 188 young (192512K), 5 survivors (5120K)
 Metaspace       used 84588K, capacity 87377K, committed 87588K, reserved 1126400K
  class space    used 8963K, capacity 10089K, committed 10152K, reserved 1048576K
}
Event: 17.837 GC heap after
{Heap after GC invocations=22 (full 0):
 garbage-first heap   total 378880K, used 134443K [0x0000000704800000, 0x0000000800000000)
  region size 1024K, 5 young (5120K), 5 survivors (5120K)
 Metaspace       used 84588K, capacity 87377K, committed 87588K, reserved 1126400K
  class space    used 8963K, capacity 10089K, committed 10152K, reserved 1048576K
}
Event: 17.874 GC heap before
{Heap before GC invocations=22 (full 0):
 garbage-first heap   total 378880K, used 325931K [0x0000000704800000, 0x0000000800000000)
  region size 1024K, 193 young (197632K), 5 survivors (5120K)
 Metaspace       used 84599K, capacity 87377K, committed 87588K, reserved 1126400K
  class space    used 8963K, capacity 10089K, committed 10152K, reserved 1048576K
}
Event: 17.878 GC heap after
{Heap after GC invocations=23 (full 0):
 garbage-first heap   total 378880K, used 134542K [0x0000000704800000, 0x0000000800000000)
  region size 1024K, 5 young (5120K), 5 survivors (5120K)
 Metaspace       used 84599K, capacity 87377K, committed 87588K, reserved 1126400K
  class space    used 8963K, capacity 10089K, committed 10152K, reserved 1048576K
}
Event: 17.917 GC heap before
{Heap before GC invocations=23 (full 0):
 garbage-first heap   total 378880K, used 329102K [0x0000000704800000, 0x0000000800000000)
  region size 1024K, 195 young (199680K), 5 survivors (5120K)
 Metaspace       used 84600K, capacity 87377K, committed 87588K, reserved 1126400K
  class space    used 8963K, capacity 10089K, committed 10152K, reserved 1048576K
}
Event: 17.920 GC heap after
{Heap after GC invocations=24 (full 0):
 garbage-first heap   total 378880K, used 134538K [0x0000000704800000, 0x0000000800000000)
  region size 1024K, 5 young (5120K), 5 survivors (5120K)
 Metaspace       used 84600K, capacity 87377K, committed 87588K, reserved 1126400K
  class space    used 8963K, capacity 10089K, committed 10152K, reserved 1048576K
}
Event: 17.957 GC heap before
{Heap before GC invocations=24 (full 0):
 garbage-first heap   total 378880K, used 331146K [0x0000000704800000, 0x0000000800000000)
  region size 1024K, 197 young (201728K), 5 survivors (5120K)
 Metaspace       used 84600K, capacity 87377K, committed 87588K, reserved 1126400K
  class space    used 8963K, capacity 10089K, committed 10152K, reserved 1048576K
}
Event: 17.961 GC heap after
{Heap after GC invocations=25 (full 0):
 garbage-first heap   total 378880K, used 134541K [0x0000000704800000, 0x0000000800000000)
  region size 1024K, 5 young (5120K), 5 survivors (5120K)
 Metaspace       used 84600K, capacity 87377K, committed 87588K, reserved 1126400K
  class space    used 8963K, capacity 10089K, committed 10152K, reserved 1048576K
}
Event: 17.999 GC heap before
{Heap before GC invocations=25 (full 0):
 garbage-first heap   total 378880K, used 332173K [0x0000000704800000, 0x0000000800000000)
  region size 1024K, 198 young (202752K), 5 survivors (5120K)
 Metaspace       used 84600K, capacity 87377K, committed 87588K, reserved 1126400K
  class space    used 8963K, capacity 10089K, committed 10152K, reserved 1048576K
}
Event: 18.002 GC heap after
{Heap after GC invocations=26 (full 0):
 garbage-first heap   total 378880K, used 134636K [0x0000000704800000, 0x0000000800000000)
  region size 1024K, 5 young (5120K), 5 survivors (5120K)
 Metaspace       used 84600K, capacity 87377K, committed 87588K, reserved 1126400K
  class space    used 8963K, capacity 10089K, committed 10152K, reserved 1048576K
}
Event: 18.041 GC heap before
{Heap before GC invocations=26 (full 0):
 garbage-first heap   total 378880K, used 334316K [0x0000000704800000, 0x0000000800000000)
  region size 1024K, 200 young (204800K), 5 survivors (5120K)
 Metaspace       used 84602K, capacity 87377K, committed 87588K, reserved 1126400K
  class space    used 8963K, capacity 10089K, committed 10152K, reserved 1048576K
}
Event: 18.045 GC heap after
{Heap after GC invocations=27 (full 0):
 garbage-first heap   total 378880K, used 134536K [0x0000000704800000, 0x0000000800000000)
  region size 1024K, 5 young (5120K), 5 survivors (5120K)
 Metaspace       used 84602K, capacity 87377K, committed 87588K, reserved 1126400K
  class space    used 8963K, capacity 10089K, committed 10152K, reserved 1048576K
}

