# JRE version: OpenJDK Runtime Environment Corretto-11.0.22.7.1 (11.0.22+7) (build 11.0.22+7-LTS)
# Java VM: OpenJDK 64-Bit Server VM Corretto-11.0.22.7.1 (11.0.22+7-LTS, mixed mode, tiered, compressed oops, g1 gc, windows-amd64)
Heap:
 garbage-first heap   total 389120K, used 237737K [0x0000000704800000, 0x0000000800000000)
  region size 1024K, 68 young (69632K), 5 survivors (5120K)
 Metaspace       used 88099K, capacity 91101K, committed 91292K, reserved 1130496K
  class space    used 9209K, capacity 10477K, committed 10496K, reserved 1048576K
GC Heap History (20 events):
Event: 7.731 GC heap before
{Heap before GC invocations=15 (full 0):
 garbage-first heap   total 323584K, used 122719K [0x0000000704800000, 0x0000000800000000)
  region size 1024K, 15 young (15360K), 7 survivors (7168K)
 Metaspace       used 76612K, capacity 78267K, committed 78364K, reserved 1120256K
  class space    used 7843K, capacity 8536K, committed 8576K, reserved 1048576K
}
Event: 7.735 GC heap after
{Heap after GC invocations=16 (full 0):
 garbage-first heap   total 323584K, used 109974K [0x0000000704800000, 0x0000000800000000)
  region size 1024K, 2 young (2048K), 2 survivors (2048K)
 Metaspace       used 76612K, capacity 78267K, committed 78364K, reserved 1120256K
  class space    used 7843K, capacity 8536K, committed 8576K, reserved 1048576K
}
Event: 8.433 GC heap before
{Heap before GC invocations=16 (full 0):
 garbage-first heap   total 323584K, used 197014K [0x0000000704800000, 0x0000000800000000)
  region size 1024K, 87 young (89088K), 2 survivors (2048K)
 Metaspace       used 78855K, capacity 80652K, committed 80796K, reserved 1122304K
  class space    used 8071K, capacity 8833K, committed 8960K, reserved 1048576K
}
Event: 8.438 GC heap after
{Heap after GC invocations=17 (full 0):
 garbage-first heap   total 323584K, used 119281K [0x0000000704800000, 0x0000000800000000)
  region size 1024K, 11 young (11264K), 11 survivors (11264K)
 Metaspace       used 78855K, capacity 80652K, committed 80796K, reserved 1122304K
  class space    used 8071K, capacity 8833K, committed 8960K, reserved 1048576K
}
Event: 8.813 GC heap before
{Heap before GC invocations=17 (full 0):
 garbage-first heap   total 323584K, used 207345K [0x0000000704800000, 0x0000000800000000)
  region size 1024K, 97 young (99328K), 11 survivors (11264K)
 Metaspace       used 79802K, capacity 81795K, committed 81948K, reserved 1122304K
  class space    used 8211K, capacity 9021K, committed 9088K, reserved 1048576K
}
Event: 8.819 GC heap after
{Heap after GC invocations=18 (full 0):
 garbage-first heap   total 323584K, used 124052K [0x0000000704800000, 0x0000000800000000)
  region size 1024K, 5 young (5120K), 5 survivors (5120K)
 Metaspace       used 79802K, capacity 81795K, committed 81948K, reserved 1122304K
  class space    used 8211K, capacity 9021K, committed 9088K, reserved 1048576K
}
Event: 9.118 GC heap before
{Heap before GC invocations=18 (full 0):
 garbage-first heap   total 323584K, used 219284K [0x0000000704800000, 0x0000000800000000)
  region size 1024K, 95 young (97280K), 5 survivors (5120K)
 Metaspace       used 80630K, capacity 82958K, committed 83100K, reserved 1122304K
  class space    used 8403K, capacity 9364K, committed 9472K, reserved 1048576K
}
Event: 9.122 GC heap after
{Heap after GC invocations=19 (full 0):
 garbage-first heap   total 323584K, used 129308K [0x0000000704800000, 0x0000000800000000)
  region size 1024K, 9 young (9216K), 9 survivors (9216K)
 Metaspace       used 80630K, capacity 82958K, committed 83100K, reserved 1122304K
  class space    used 8403K, capacity 9364K, committed 9472K, reserved 1048576K
}
Event: 9.511 GC heap before
{Heap before GC invocations=19 (full 0):
 garbage-first heap   total 323584K, used 224540K [0x0000000704800000, 0x0000000800000000)
  region size 1024K, 102 young (104448K), 9 survivors (9216K)
 Metaspace       used 81581K, capacity 84114K, committed 84252K, reserved 1124352K
  class space    used 8545K, capacity 9598K, committed 9600K, reserved 1048576K
}
Event: 9.515 GC heap after
{Heap after GC invocations=20 (full 0):
 garbage-first heap   total 323584K, used 131889K [0x0000000704800000, 0x0000000800000000)
  region size 1024K, 7 young (7168K), 7 survivors (7168K)
 Metaspace       used 81581K, capacity 84114K, committed 84252K, reserved 1124352K
  class space    used 8545K, capacity 9598K, committed 9600K, reserved 1048576K
}
Event: 9.911 GC heap before
{Heap before GC invocations=20 (full 0):
 garbage-first heap   total 323584K, used 233265K [0x0000000704800000, 0x0000000800000000)
  region size 1024K, 105 young (107520K), 7 survivors (7168K)
 Metaspace       used 83051K, capacity 85789K, committed 85916K, reserved 1126400K
  class space    used 8817K, capacity 9922K, committed 9984K, reserved 1048576K
}
Event: 9.917 GC heap after
{Heap after GC invocations=21 (full 0):
 garbage-first heap   total 323584K, used 138325K [0x0000000704800000, 0x0000000800000000)
  region size 1024K, 13 young (13312K), 13 survivors (13312K)
 Metaspace       used 83051K, capacity 85789K, committed 85916K, reserved 1126400K
  class space    used 8817K, capacity 9922K, committed 9984K, reserved 1048576K
}
Event: 14.448 GC heap before
{Heap before GC invocations=21 (full 0):
 garbage-first heap   total 323584K, used 245845K [0x0000000704800000, 0x0000000800000000)
  region size 1024K, 112 young (114688K), 13 survivors (13312K)
 Metaspace       used 84235K, capacity 86981K, committed 87068K, reserved 1126400K
  class space    used 8946K, capacity 10087K, committed 10112K, reserved 1048576K
}
Event: 14.455 GC heap after
{Heap after GC invocations=22 (full 0):
 garbage-first heap   total 389120K, used 147444K [0x0000000704800000, 0x0000000800000000)
  region size 1024K, 11 young (11264K), 11 survivors (11264K)
 Metaspace       used 84235K, capacity 86981K, committed 87068K, reserved 1126400K
  class space    used 8946K, capacity 10087K, committed 10112K, reserved 1048576K
}
Event: 14.497 GC heap before
{Heap before GC invocations=22 (full 0):
 garbage-first heap   total 389120K, used 275444K [0x0000000704800000, 0x0000000800000000)
  region size 1024K, 136 young (139264K), 11 survivors (11264K)
 Metaspace       used 84235K, capacity 86981K, committed 87068K, reserved 1126400K
  class space    used 8946K, capacity 10087K, committed 10112K, reserved 1048576K
}
Event: 14.504 GC heap after
{Heap after GC invocations=23 (full 0):
 garbage-first heap   total 389120K, used 147992K [0x0000000704800000, 0x0000000800000000)
  region size 1024K, 4 young (4096K), 4 survivors (4096K)
 Metaspace       used 84235K, capacity 86981K, committed 87068K, reserved 1126400K
  class space    used 8946K, capacity 10087K, committed 10112K, reserved 1048576K
}
Event: 18.543 GC heap before
{Heap before GC invocations=23 (full 0):
 garbage-first heap   total 389120K, used 327192K [0x0000000704800000, 0x0000000800000000)
  region size 1024K, 155 young (158720K), 4 survivors (4096K)
 Metaspace       used 85191K, capacity 87984K, committed 88220K, reserved 1128448K
  class space    used 9008K, capacity 10163K, committed 10240K, reserved 1048576K
}
Event: 18.550 GC heap after
{Heap after GC invocations=24 (full 0):
 garbage-first heap   total 389120K, used 194537K [0x0000000704800000, 0x0000000800000000)
  region size 1024K, 20 young (20480K), 20 survivors (20480K)
 Metaspace       used 85191K, capacity 87984K, committed 88220K, reserved 1128448K
  class space    used 9008K, capacity 10163K, committed 10240K, reserved 1048576K
}
Event: 18.652 GC heap before
{Heap before GC invocations=24 (full 0):
 garbage-first heap   total 389120K, used 202729K [0x0000000704800000, 0x0000000800000000)
  region size 1024K, 29 young (29696K), 20 survivors (20480K)
 Metaspace       used 85538K, capacity 88357K, committed 88604K, reserved 1128448K
  class space    used 9052K, capacity 10243K, committed 10368K, reserved 1048576K
}
Event: 18.659 GC heap after
{Heap after GC invocations=25 (full 0):
 garbage-first heap   total 389120K, used 199849K [0x0000000704800000, 0x0000000800000000)
  region size 1024K, 5 young (5120K), 5 survivors (5120K)
 Metaspace       used 85538K, capacity 88357K, committed 88604K, reserved 1128448K
  class space    used 9052K, capacity 10243K, committed 10368K, reserved 1048576K
}

