# JRE version: OpenJDK Runtime Environment Corretto-11.0.22.7.1 (11.0.22+7) (build 11.0.22+7-LTS)
# Java VM: OpenJDK 64-Bit Server VM Corretto-11.0.22.7.1 (11.0.22+7-LTS, mixed mode, tiered, compressed oops, g1 gc, windows-amd64)
Heap:
 garbage-first heap   total 372736K, used 280829K [0x0000000704800000, 0x0000000800000000)
  region size 1024K, 109 young (111616K), 14 survivors (14336K)
 Metaspace       used 88383K, capacity 91375K, committed 91648K, reserved 1130496K
  class space    used 9226K, capacity 10477K, committed 10496K, reserved 1048576K
GC Heap History (20 events):
Event: 8.188 GC heap before
{Heap before GC invocations=14 (full 0):
 garbage-first heap   total 310272K, used 159744K [0x0000000704800000, 0x0000000800000000)
  region size 1024K, 18 young (18432K), 12 survivors (12288K)
 Metaspace       used 79032K, capacity 80992K, committed 81280K, reserved 1122304K
  class space    used 8180K, capacity 9002K, committed 9088K, reserved 1048576K
}
Event: 8.193 GC heap after
{Heap after GC invocations=15 (full 0):
 garbage-first heap   total 310272K, used 159046K [0x0000000704800000, 0x0000000800000000)
  region size 1024K, 3 young (3072K), 3 survivors (3072K)
 Metaspace       used 79032K, capacity 80992K, committed 81280K, reserved 1122304K
  class space    used 8180K, capacity 9002K, committed 9088K, reserved 1048576K
}
Event: 8.910 GC heap before
{Heap before GC invocations=16 (full 0):
 garbage-first heap   total 310272K, used 188742K [0x0000000704800000, 0x0000000800000000)
  region size 1024K, 54 young (55296K), 3 survivors (3072K)
 Metaspace       used 80406K, capacity 82607K, committed 82816K, reserved 1122304K
  class space    used 8381K, capacity 9289K, committed 9344K, reserved 1048576K
}
Event: 8.916 GC heap after
{Heap after GC invocations=17 (full 0):
 garbage-first heap   total 310272K, used 144384K [0x0000000704800000, 0x0000000800000000)
  region size 1024K, 7 young (7168K), 7 survivors (7168K)
 Metaspace       used 80406K, capacity 82607K, committed 82816K, reserved 1122304K
  class space    used 8381K, capacity 9289K, committed 9344K, reserved 1048576K
}
Event: 9.029 GC heap before
{Heap before GC invocations=17 (full 0):
 garbage-first heap   total 310272K, used 152576K [0x0000000704800000, 0x0000000800000000)
  region size 1024K, 15 young (15360K), 7 survivors (7168K)
 Metaspace       used 80561K, capacity 82772K, committed 83072K, reserved 1122304K
  class space    used 8392K, capacity 9298K, committed 9344K, reserved 1048576K
}
Event: 9.038 GC heap after
{Heap after GC invocations=18 (full 0):
 garbage-first heap   total 310272K, used 128117K [0x0000000704800000, 0x0000000800000000)
  region size 1024K, 2 young (2048K), 2 survivors (2048K)
 Metaspace       used 80561K, capacity 82772K, committed 83072K, reserved 1122304K
  class space    used 8392K, capacity 9298K, committed 9344K, reserved 1048576K
}
Event: 9.500 GC heap before
{Heap before GC invocations=18 (full 0):
 garbage-first heap   total 310272K, used 197749K [0x0000000704800000, 0x0000000800000000)
  region size 1024K, 70 young (71680K), 2 survivors (2048K)
 Metaspace       used 81489K, capacity 83882K, committed 84096K, reserved 1124352K
  class space    used 8512K, capacity 9536K, committed 9600K, reserved 1048576K
}
Event: 9.505 GC heap after
{Heap after GC invocations=19 (full 0):
 garbage-first heap   total 372736K, used 131170K [0x0000000704800000, 0x0000000800000000)
  region size 1024K, 5 young (5120K), 5 survivors (5120K)
 Metaspace       used 81489K, capacity 83882K, committed 84096K, reserved 1124352K
  class space    used 8512K, capacity 9536K, committed 9600K, reserved 1048576K
}
Event: 9.980 GC heap before
{Heap before GC invocations=19 (full 0):
 garbage-first heap   total 372736K, used 232546K [0x0000000704800000, 0x0000000800000000)
  region size 1024K, 103 young (105472K), 5 survivors (5120K)
 Metaspace       used 83073K, capacity 85787K, committed 86016K, reserved 1126400K
  class space    used 8825K, capacity 9915K, committed 9984K, reserved 1048576K
}
Event: 9.985 GC heap after
{Heap after GC invocations=20 (full 0):
 garbage-first heap   total 372736K, used 137198K [0x0000000704800000, 0x0000000800000000)
  region size 1024K, 11 young (11264K), 11 survivors (11264K)
 Metaspace       used 83073K, capacity 85787K, committed 86016K, reserved 1126400K
  class space    used 8825K, capacity 9915K, committed 9984K, reserved 1048576K
}
Event: 14.786 GC heap before
{Heap before GC invocations=20 (full 0):
 garbage-first heap   total 372736K, used 249838K [0x0000000704800000, 0x0000000800000000)
  region size 1024K, 116 young (118784K), 11 survivors (11264K)
 Metaspace       used 84335K, capacity 87134K, committed 87168K, reserved 1126400K
  class space    used 8956K, capacity 10089K, committed 10112K, reserved 1048576K
}
Event: 14.793 GC heap after
{Heap after GC invocations=21 (full 0):
 garbage-first heap   total 372736K, used 146497K [0x0000000704800000, 0x0000000800000000)
  region size 1024K, 10 young (10240K), 10 survivors (10240K)
 Metaspace       used 84335K, capacity 87134K, committed 87168K, reserved 1126400K
  class space    used 8956K, capacity 10089K, committed 10112K, reserved 1048576K
}
Event: 14.822 GC heap before
{Heap before GC invocations=21 (full 0):
 garbage-first heap   total 372736K, used 256065K [0x0000000704800000, 0x0000000800000000)
  region size 1024K, 117 young (119808K), 10 survivors (10240K)
 Metaspace       used 84335K, capacity 87134K, committed 87168K, reserved 1126400K
  class space    used 8956K, capacity 10089K, committed 10112K, reserved 1048576K
}
Event: 14.828 GC heap after
{Heap after GC invocations=22 (full 0):
 garbage-first heap   total 372736K, used 146520K [0x0000000704800000, 0x0000000800000000)
  region size 1024K, 4 young (4096K), 4 survivors (4096K)
 Metaspace       used 84335K, capacity 87134K, committed 87168K, reserved 1126400K
  class space    used 8956K, capacity 10089K, committed 10112K, reserved 1048576K
}
Event: 14.854 GC heap before
{Heap before GC invocations=22 (full 0):
 garbage-first heap   total 372736K, used 264280K [0x0000000704800000, 0x0000000800000000)
  region size 1024K, 119 young (121856K), 4 survivors (4096K)
 Metaspace       used 84337K, capacity 87134K, committed 87168K, reserved 1126400K
  class space    used 8956K, capacity 10089K, committed 10112K, reserved 1048576K
}
Event: 14.858 GC heap after
{Heap after GC invocations=23 (full 0):
 garbage-first heap   total 372736K, used 146182K [0x0000000704800000, 0x0000000800000000)
  region size 1024K, 4 young (4096K), 4 survivors (4096K)
 Metaspace       used 84337K, capacity 87134K, committed 87168K, reserved 1126400K
  class space    used 8956K, capacity 10089K, committed 10112K, reserved 1048576K
}
Event: 14.885 GC heap before
{Heap before GC invocations=23 (full 0):
 garbage-first heap   total 372736K, used 271110K [0x0000000704800000, 0x0000000800000000)
  region size 1024K, 126 young (129024K), 4 survivors (4096K)
 Metaspace       used 84338K, capacity 87135K, committed 87168K, reserved 1126400K
  class space    used 8956K, capacity 10089K, committed 10112K, reserved 1048576K
}
Event: 14.888 GC heap after
{Heap after GC invocations=24 (full 0):
 garbage-first heap   total 372736K, used 146015K [0x0000000704800000, 0x0000000800000000)
  region size 1024K, 4 young (4096K), 4 survivors (4096K)
 Metaspace       used 84338K, capacity 87135K, committed 87168K, reserved 1126400K
  class space    used 8956K, capacity 10089K, committed 10112K, reserved 1048576K
}
Event: 18.517 GC heap before
{Heap before GC invocations=24 (full 0):
 garbage-first heap   total 372736K, used 249439K [0x0000000704800000, 0x0000000800000000)
  region size 1024K, 83 young (84992K), 4 survivors (4096K)
 Metaspace       used 84872K, capacity 87685K, committed 87808K, reserved 1126400K
  class space    used 8990K, capacity 10123K, committed 10240K, reserved 1048576K
}
Event: 18.523 GC heap after
{Heap after GC invocations=25 (full 0):
 garbage-first heap   total 372736K, used 179453K [0x0000000704800000, 0x0000000800000000)
  region size 1024K, 14 young (14336K), 14 survivors (14336K)
 Metaspace       used 84872K, capacity 87685K, committed 87808K, reserved 1126400K
  class space    used 8990K, capacity 10123K, committed 10240K, reserved 1048576K
}

