# JRE version: OpenJDK Runtime Environment Corretto-11.0.22.7.1 (11.0.22+7) (build 11.0.22+7-LTS)
# Java VM: OpenJDK 64-Bit Server VM Corretto-11.0.22.7.1 (11.0.22+7-LTS, mixed mode, tiered, compressed oops, g1 gc, windows-amd64)
Heap:
 garbage-first heap   total 310272K, used 220901K [0x0000000704800000, 0x0000000800000000)
  region size 1024K, 80 young (81920K), 16 survivors (16384K)
 Metaspace       used 88297K, capacity 91292K, committed 91392K, reserved 1130496K
  class space    used 9212K, capacity 10472K, committed 10496K, reserved 1048576K
GC Heap History (20 events):
Event: 20.883 GC heap before
{Heap before GC invocations=17 (full 0):
 garbage-first heap   total 310272K, used 254286K [0x0000000704800000, 0x0000000800000000)
  region size 1024K, 121 young (123904K), 11 survivors (11264K)
 Metaspace       used 84589K, capacity 87381K, committed 87424K, reserved 1126400K
  class space    used 8954K, capacity 10087K, committed 10112K, reserved 1048576K
}
Event: 20.889 GC heap after
{Heap after GC invocations=18 (full 0):
 garbage-first heap   total 310272K, used 137954K [0x0000000704800000, 0x0000000800000000)
  region size 1024K, 5 young (5120K), 5 survivors (5120K)
 Metaspace       used 84589K, capacity 87381K, committed 87424K, reserved 1126400K
  class space    used 8954K, capacity 10087K, committed 10112K, reserved 1048576K
}
Event: 20.917 GC heap before
{Heap before GC invocations=18 (full 0):
 garbage-first heap   total 310272K, used 256738K [0x0000000704800000, 0x0000000800000000)
  region size 1024K, 121 young (123904K), 5 survivors (5120K)
 Metaspace       used 84589K, capacity 87381K, committed 87424K, reserved 1126400K
  class space    used 8954K, capacity 10087K, committed 10112K, reserved 1048576K
}
Event: 20.920 GC heap after
{Heap after GC invocations=19 (full 0):
 garbage-first heap   total 310272K, used 136916K [0x0000000704800000, 0x0000000800000000)
  region size 1024K, 4 young (4096K), 4 survivors (4096K)
 Metaspace       used 84589K, capacity 87381K, committed 87424K, reserved 1126400K
  class space    used 8954K, capacity 10087K, committed 10112K, reserved 1048576K
}
Event: 20.943 GC heap before
{Heap before GC invocations=19 (full 0):
 garbage-first heap   total 310272K, used 260820K [0x0000000704800000, 0x0000000800000000)
  region size 1024K, 125 young (128000K), 4 survivors (4096K)
 Metaspace       used 84589K, capacity 87381K, committed 87424K, reserved 1126400K
  class space    used 8954K, capacity 10087K, committed 10112K, reserved 1048576K
}
Event: 20.946 GC heap after
{Heap after GC invocations=20 (full 0):
 garbage-first heap   total 310272K, used 137025K [0x0000000704800000, 0x0000000800000000)
  region size 1024K, 4 young (4096K), 4 survivors (4096K)
 Metaspace       used 84589K, capacity 87381K, committed 87424K, reserved 1126400K
  class space    used 8954K, capacity 10087K, committed 10112K, reserved 1048576K
}
Event: 20.968 GC heap before
{Heap before GC invocations=20 (full 0):
 garbage-first heap   total 310272K, used 262977K [0x0000000704800000, 0x0000000800000000)
  region size 1024K, 127 young (130048K), 4 survivors (4096K)
 Metaspace       used 84594K, capacity 87381K, committed 87424K, reserved 1126400K
  class space    used 8954K, capacity 10087K, committed 10112K, reserved 1048576K
}
Event: 20.970 GC heap after
{Heap after GC invocations=21 (full 0):
 garbage-first heap   total 310272K, used 136923K [0x0000000704800000, 0x0000000800000000)
  region size 1024K, 4 young (4096K), 4 survivors (4096K)
 Metaspace       used 84594K, capacity 87381K, committed 87424K, reserved 1126400K
  class space    used 8954K, capacity 10087K, committed 10112K, reserved 1048576K
}
Event: 20.991 GC heap before
{Heap before GC invocations=21 (full 0):
 garbage-first heap   total 310272K, used 264923K [0x0000000704800000, 0x0000000800000000)
  region size 1024K, 129 young (132096K), 4 survivors (4096K)
 Metaspace       used 84594K, capacity 87381K, committed 87424K, reserved 1126400K
  class space    used 8954K, capacity 10087K, committed 10112K, reserved 1048576K
}
Event: 20.994 GC heap after
{Heap after GC invocations=22 (full 0):
 garbage-first heap   total 310272K, used 136830K [0x0000000704800000, 0x0000000800000000)
  region size 1024K, 4 young (4096K), 4 survivors (4096K)
 Metaspace       used 84594K, capacity 87381K, committed 87424K, reserved 1126400K
  class space    used 8954K, capacity 10087K, committed 10112K, reserved 1048576K
}
Event: 21.016 GC heap before
{Heap before GC invocations=22 (full 0):
 garbage-first heap   total 310272K, used 266878K [0x0000000704800000, 0x0000000800000000)
  region size 1024K, 131 young (134144K), 4 survivors (4096K)
 Metaspace       used 84594K, capacity 87381K, committed 87424K, reserved 1126400K
  class space    used 8954K, capacity 10087K, committed 10112K, reserved 1048576K
}
Event: 21.019 GC heap after
{Heap after GC invocations=23 (full 0):
 garbage-first heap   total 310272K, used 136989K [0x0000000704800000, 0x0000000800000000)
  region size 1024K, 4 young (4096K), 4 survivors (4096K)
 Metaspace       used 84594K, capacity 87381K, committed 87424K, reserved 1126400K
  class space    used 8954K, capacity 10087K, committed 10112K, reserved 1048576K
}
Event: 21.041 GC heap before
{Heap before GC invocations=23 (full 0):
 garbage-first heap   total 310272K, used 268061K [0x0000000704800000, 0x0000000800000000)
  region size 1024K, 132 young (135168K), 4 survivors (4096K)
 Metaspace       used 84594K, capacity 87381K, committed 87424K, reserved 1126400K
  class space    used 8954K, capacity 10087K, committed 10112K, reserved 1048576K
}
Event: 21.044 GC heap after
{Heap after GC invocations=24 (full 0):
 garbage-first heap   total 310272K, used 136917K [0x0000000704800000, 0x0000000800000000)
  region size 1024K, 4 young (4096K), 4 survivors (4096K)
 Metaspace       used 84594K, capacity 87381K, committed 87424K, reserved 1126400K
  class space    used 8954K, capacity 10087K, committed 10112K, reserved 1048576K
}
Event: 21.066 GC heap before
{Heap before GC invocations=24 (full 0):
 garbage-first heap   total 310272K, used 270037K [0x0000000704800000, 0x0000000800000000)
  region size 1024K, 134 young (137216K), 4 survivors (4096K)
 Metaspace       used 84594K, capacity 87381K, committed 87424K, reserved 1126400K
  class space    used 8954K, capacity 10087K, committed 10112K, reserved 1048576K
}
Event: 21.069 GC heap after
{Heap after GC invocations=25 (full 0):
 garbage-first heap   total 310272K, used 137062K [0x0000000704800000, 0x0000000800000000)
  region size 1024K, 4 young (4096K), 4 survivors (4096K)
 Metaspace       used 84594K, capacity 87381K, committed 87424K, reserved 1126400K
  class space    used 8954K, capacity 10087K, committed 10112K, reserved 1048576K
}
Event: 24.626 GC heap before
{Heap before GC invocations=25 (full 0):
 garbage-first heap   total 310272K, used 247654K [0x0000000704800000, 0x0000000800000000)
  region size 1024K, 108 young (110592K), 4 survivors (4096K)
 Metaspace       used 85031K, capacity 87894K, committed 88064K, reserved 1126400K
  class space    used 8987K, capacity 10153K, committed 10240K, reserved 1048576K
}
Event: 24.632 GC heap after
{Heap after GC invocations=26 (full 0):
 garbage-first heap   total 310272K, used 147277K [0x0000000704800000, 0x0000000800000000)
  region size 1024K, 10 young (10240K), 10 survivors (10240K)
 Metaspace       used 85031K, capacity 87894K, committed 88064K, reserved 1126400K
  class space    used 8987K, capacity 10153K, committed 10240K, reserved 1048576K
}
Event: 25.093 GC heap before
{Heap before GC invocations=27 (full 0):
 garbage-first heap   total 310272K, used 201549K [0x0000000704800000, 0x0000000800000000)
  region size 1024K, 49 young (50176K), 10 survivors (10240K)
 Metaspace       used 85801K, capacity 88686K, committed 88960K, reserved 1128448K
  class space    used 9058K, capacity 10242K, committed 10368K, reserved 1048576K
}
Event: 25.104 GC heap after
{Heap after GC invocations=28 (full 0):
 garbage-first heap   total 310272K, used 178917K [0x0000000704800000, 0x0000000800000000)
  region size 1024K, 16 young (16384K), 16 survivors (16384K)
 Metaspace       used 85801K, capacity 88686K, committed 88960K, reserved 1128448K
  class space    used 9058K, capacity 10242K, committed 10368K, reserved 1048576K
}

