# JRE version: OpenJDK Runtime Environment Corretto-11.0.22.7.1 (11.0.22+7) (build 11.0.22+7-LTS)
# Java VM: OpenJDK 64-Bit Server VM Corretto-11.0.22.7.1 (11.0.22+7-LTS, mixed mode, tiered, compressed oops, g1 gc, windows-amd64)
Heap:
 garbage-first heap   total 310272K, used 183062K [0x0000000704800000, 0x0000000800000000)
  region size 1024K, 18 young (18432K), 7 survivors (7168K)
 Metaspace       used 88580K, capacity 91639K, committed 91900K, reserved 1130496K
  class space    used 9252K, capacity 10523K, committed 10624K, reserved 1048576K
GC Heap History (20 events):
Event: 7.502 GC heap before
{Heap before GC invocations=11 (full 0):
 garbage-first heap   total 310272K, used 198641K [0x0000000704800000, 0x0000000800000000)
  region size 1024K, 122 young (124928K), 14 survivors (14336K)
 Metaspace       used 66803K, capacity 67966K, committed 68304K, reserved 1110016K
  class space    used 6836K, capacity 7310K, committed 7424K, reserved 1048576K
}
Event: 7.510 GC heap after
{Heap after GC invocations=12 (full 0):
 garbage-first heap   total 310272K, used 98459K [0x0000000704800000, 0x0000000800000000)
  region size 1024K, 16 young (16384K), 16 survivors (16384K)
 Metaspace       used 66803K, capacity 67966K, committed 68304K, reserved 1110016K
  class space    used 6836K, capacity 7310K, committed 7424K, reserved 1048576K
}
Event: 8.280 GC heap before
{Heap before GC invocations=12 (full 0):
 garbage-first heap   total 310272K, used 158875K [0x0000000704800000, 0x0000000800000000)
  region size 1024K, 76 young (77824K), 16 survivors (16384K)
 Metaspace       used 76176K, capacity 77811K, committed 77904K, reserved 1118208K
  class space    used 7808K, capacity 8497K, committed 8576K, reserved 1048576K
}
Event: 8.288 GC heap after
{Heap after GC invocations=13 (full 0):
 garbage-first heap   total 310272K, used 103452K [0x0000000704800000, 0x0000000800000000)
  region size 1024K, 6 young (6144K), 6 survivors (6144K)
 Metaspace       used 76176K, capacity 77811K, committed 77904K, reserved 1118208K
  class space    used 7808K, capacity 8497K, committed 8576K, reserved 1048576K
}
Event: 9.631 GC heap before
{Heap before GC invocations=14 (full 0):
 garbage-first heap   total 310272K, used 215068K [0x0000000704800000, 0x0000000800000000)
  region size 1024K, 117 young (119808K), 6 survivors (6144K)
 Metaspace       used 79312K, capacity 81142K, committed 81276K, reserved 1122304K
  class space    used 8116K, capacity 8865K, committed 8960K, reserved 1048576K
}
Event: 9.639 GC heap after
{Heap after GC invocations=15 (full 0):
 garbage-first heap   total 310272K, used 109979K [0x0000000704800000, 0x0000000800000000)
  region size 1024K, 14 young (14336K), 14 survivors (14336K)
 Metaspace       used 79312K, capacity 81142K, committed 81276K, reserved 1122304K
  class space    used 8116K, capacity 8865K, committed 8960K, reserved 1048576K
}
Event: 10.165 GC heap before
{Heap before GC invocations=15 (full 0):
 garbage-first heap   total 310272K, used 224667K [0x0000000704800000, 0x0000000800000000)
  region size 1024K, 126 young (129024K), 14 survivors (14336K)
 Metaspace       used 80174K, capacity 82218K, committed 82300K, reserved 1122304K
  class space    used 8268K, capacity 9138K, committed 9216K, reserved 1048576K
}
Event: 10.174 GC heap after
{Heap after GC invocations=16 (full 0):
 garbage-first heap   total 310272K, used 114127K [0x0000000704800000, 0x0000000800000000)
  region size 1024K, 5 young (5120K), 5 survivors (5120K)
 Metaspace       used 80174K, capacity 82218K, committed 82300K, reserved 1122304K
  class space    used 8268K, capacity 9138K, committed 9216K, reserved 1048576K
}
Event: 10.729 GC heap before
{Heap before GC invocations=16 (full 0):
 garbage-first heap   total 310272K, used 234959K [0x0000000704800000, 0x0000000800000000)
  region size 1024K, 121 young (123904K), 5 survivors (5120K)
 Metaspace       used 81388K, capacity 83830K, committed 83964K, reserved 1124352K
  class space    used 8498K, capacity 9522K, committed 9600K, reserved 1048576K
}
Event: 10.733 GC heap after
{Heap after GC invocations=17 (full 0):
 garbage-first heap   total 310272K, used 118368K [0x0000000704800000, 0x0000000800000000)
  region size 1024K, 8 young (8192K), 8 survivors (8192K)
 Metaspace       used 81388K, capacity 83830K, committed 83964K, reserved 1124352K
  class space    used 8498K, capacity 9522K, committed 9600K, reserved 1048576K
}
Event: 11.293 GC heap before
{Heap before GC invocations=17 (full 0):
 garbage-first heap   total 310272K, used 239200K [0x0000000704800000, 0x0000000800000000)
  region size 1024K, 125 young (128000K), 8 survivors (8192K)
 Metaspace       used 83149K, capacity 85915K, committed 86140K, reserved 1126400K
  class space    used 8823K, capacity 9918K, committed 9984K, reserved 1048576K
}
Event: 11.302 GC heap after
{Heap after GC invocations=18 (full 0):
 garbage-first heap   total 310272K, used 125542K [0x0000000704800000, 0x0000000800000000)
  region size 1024K, 15 young (15360K), 15 survivors (15360K)
 Metaspace       used 83149K, capacity 85915K, committed 86140K, reserved 1126400K
  class space    used 8823K, capacity 9918K, committed 9984K, reserved 1048576K
}
Event: 20.020 GC heap before
{Heap before GC invocations=18 (full 0):
 garbage-first heap   total 310272K, used 262758K [0x0000000704800000, 0x0000000800000000)
  region size 1024K, 123 young (125952K), 15 survivors (15360K)
 Metaspace       used 84913K, capacity 87772K, committed 87932K, reserved 1126400K
  class space    used 8990K, capacity 10131K, committed 10240K, reserved 1048576K
}
Event: 20.030 GC heap after
{Heap after GC invocations=19 (full 0):
 garbage-first heap   total 310272K, used 157751K [0x0000000704800000, 0x0000000800000000)
  region size 1024K, 17 young (17408K), 17 survivors (17408K)
 Metaspace       used 84913K, capacity 87772K, committed 87932K, reserved 1126400K
  class space    used 8990K, capacity 10131K, committed 10240K, reserved 1048576K
}
Event: 20.734 GC heap before
{Heap before GC invocations=20 (full 0):
 garbage-first heap   total 310272K, used 221239K [0x0000000704800000, 0x0000000800000000)
  region size 1024K, 80 young (81920K), 17 survivors (17408K)
 Metaspace       used 85748K, capacity 88660K, committed 88828K, reserved 1128448K
  class space    used 9062K, capacity 10252K, committed 10368K, reserved 1048576K
}
Event: 20.747 GC heap after
{Heap after GC invocations=21 (full 0):
 garbage-first heap   total 310272K, used 184746K [0x0000000704800000, 0x0000000800000000)
  region size 1024K, 14 young (14336K), 14 survivors (14336K)
 Metaspace       used 85748K, capacity 88660K, committed 88828K, reserved 1128448K
  class space    used 9062K, capacity 10252K, committed 10368K, reserved 1048576K
}
Event: 21.172 GC heap before
{Heap before GC invocations=22 (full 0):
 garbage-first heap   total 310272K, used 174506K [0x0000000704800000, 0x0000000800000000)
  region size 1024K, 26 young (26624K), 14 survivors (14336K)
 Metaspace       used 86974K, capacity 89908K, committed 90236K, reserved 1128448K
  class space    used 9155K, capacity 10375K, committed 10496K, reserved 1048576K
}
Event: 21.184 GC heap after
{Heap after GC invocations=23 (full 0):
 garbage-first heap   total 310272K, used 167268K [0x0000000704800000, 0x0000000800000000)
  region size 1024K, 6 young (6144K), 6 survivors (6144K)
 Metaspace       used 86974K, capacity 89908K, committed 90236K, reserved 1128448K
  class space    used 9155K, capacity 10375K, committed 10496K, reserved 1048576K
}
Event: 21.731 GC heap before
{Heap before GC invocations=24 (full 0):
 garbage-first heap   total 310272K, used 210276K [0x0000000704800000, 0x0000000800000000)
  region size 1024K, 49 young (50176K), 6 survivors (6144K)
 Metaspace       used 88043K, capacity 91019K, committed 91260K, reserved 1130496K
  class space    used 9237K, capacity 10488K, committed 10496K, reserved 1048576K
}
Event: 21.736 GC heap after
{Heap after GC invocations=25 (full 0):
 garbage-first heap   total 310272K, used 171798K [0x0000000704800000, 0x0000000800000000)
  region size 1024K, 7 young (7168K), 7 survivors (7168K)
 Metaspace       used 88043K, capacity 91019K, committed 91260K, reserved 1130496K
  class space    used 9237K, capacity 10488K, committed 10496K, reserved 1048576K
}

