# JRE version: OpenJDK Runtime Environment Corretto-11.0.22.7.1 (11.0.22+7) (build 11.0.22+7-LTS)
# Java VM: OpenJDK 64-Bit Server VM Corretto-11.0.22.7.1 (11.0.22+7-LTS, mixed mode, tiered, compressed oops, g1 gc, windows-amd64)
Heap:
 garbage-first heap   total 310272K, used 171160K [0x0000000704800000, 0x0000000800000000)
  region size 1024K, 14 young (14336K), 10 survivors (10240K)
 Metaspace       used 88437K, capacity 91532K, committed 91648K, reserved 1130496K
  class space    used 9216K, capacity 10487K, committed 10496K, reserved 1048576K
GC Heap History (20 events):
Event: 433.196 GC heap before
{Heap before GC invocations=22 (full 0):
 garbage-first heap   total 310272K, used 252448K [0x0000000704800000, 0x0000000800000000)
  region size 1024K, 117 young (119808K), 3 survivors (3072K)
 Metaspace       used 84642K, capacity 87470K, committed 87680K, reserved 1126400K
  class space    used 8952K, capacity 10092K, committed 10112K, reserved 1048576K
}
Event: 433.199 GC heap after
{Heap after GC invocations=23 (full 0):
 garbage-first heap   total 310272K, used 135599K [0x0000000704800000, 0x0000000800000000)
  region size 1024K, 3 young (3072K), 3 survivors (3072K)
 Metaspace       used 84642K, capacity 87470K, committed 87680K, reserved 1126400K
  class space    used 8952K, capacity 10092K, committed 10112K, reserved 1048576K
}
Event: 433.220 GC heap before
{Heap before GC invocations=23 (full 0):
 garbage-first heap   total 310272K, used 254383K [0x0000000704800000, 0x0000000800000000)
  region size 1024K, 119 young (121856K), 3 survivors (3072K)
 Metaspace       used 84645K, capacity 87470K, committed 87680K, reserved 1126400K
  class space    used 8952K, capacity 10092K, committed 10112K, reserved 1048576K
}
Event: 433.222 GC heap after
{Heap after GC invocations=24 (full 0):
 garbage-first heap   total 310272K, used 135645K [0x0000000704800000, 0x0000000800000000)
  region size 1024K, 3 young (3072K), 3 survivors (3072K)
 Metaspace       used 84645K, capacity 87470K, committed 87680K, reserved 1126400K
  class space    used 8952K, capacity 10092K, committed 10112K, reserved 1048576K
}
Event: 433.243 GC heap before
{Heap before GC invocations=24 (full 0):
 garbage-first heap   total 310272K, used 256477K [0x0000000704800000, 0x0000000800000000)
  region size 1024K, 121 young (123904K), 3 survivors (3072K)
 Metaspace       used 84646K, capacity 87470K, committed 87680K, reserved 1126400K
  class space    used 8952K, capacity 10092K, committed 10112K, reserved 1048576K
}
Event: 433.245 GC heap after
{Heap after GC invocations=25 (full 0):
 garbage-first heap   total 310272K, used 135566K [0x0000000704800000, 0x0000000800000000)
  region size 1024K, 3 young (3072K), 3 survivors (3072K)
 Metaspace       used 84646K, capacity 87470K, committed 87680K, reserved 1126400K
  class space    used 8952K, capacity 10092K, committed 10112K, reserved 1048576K
}
Event: 433.266 GC heap before
{Heap before GC invocations=25 (full 0):
 garbage-first heap   total 310272K, used 258446K [0x0000000704800000, 0x0000000800000000)
  region size 1024K, 123 young (125952K), 3 survivors (3072K)
 Metaspace       used 84646K, capacity 87470K, committed 87680K, reserved 1126400K
  class space    used 8952K, capacity 10092K, committed 10112K, reserved 1048576K
}
Event: 433.269 GC heap after
{Heap after GC invocations=26 (full 0):
 garbage-first heap   total 310272K, used 135634K [0x0000000704800000, 0x0000000800000000)
  region size 1024K, 3 young (3072K), 3 survivors (3072K)
 Metaspace       used 84646K, capacity 87470K, committed 87680K, reserved 1126400K
  class space    used 8952K, capacity 10092K, committed 10112K, reserved 1048576K
}
Event: 433.290 GC heap before
{Heap before GC invocations=26 (full 0):
 garbage-first heap   total 310272K, used 260562K [0x0000000704800000, 0x0000000800000000)
  region size 1024K, 125 young (128000K), 3 survivors (3072K)
 Metaspace       used 84646K, capacity 87470K, committed 87680K, reserved 1126400K
  class space    used 8952K, capacity 10092K, committed 10112K, reserved 1048576K
}
Event: 433.292 GC heap after
{Heap after GC invocations=27 (full 0):
 garbage-first heap   total 310272K, used 135619K [0x0000000704800000, 0x0000000800000000)
  region size 1024K, 3 young (3072K), 3 survivors (3072K)
 Metaspace       used 84646K, capacity 87470K, committed 87680K, reserved 1126400K
  class space    used 8952K, capacity 10092K, committed 10112K, reserved 1048576K
}
Event: 433.314 GC heap before
{Heap before GC invocations=27 (full 0):
 garbage-first heap   total 310272K, used 262595K [0x0000000704800000, 0x0000000800000000)
  region size 1024K, 127 young (130048K), 3 survivors (3072K)
 Metaspace       used 84646K, capacity 87470K, committed 87680K, reserved 1126400K
  class space    used 8952K, capacity 10092K, committed 10112K, reserved 1048576K
}
Event: 433.317 GC heap after
{Heap after GC invocations=28 (full 0):
 garbage-first heap   total 310272K, used 135577K [0x0000000704800000, 0x0000000800000000)
  region size 1024K, 3 young (3072K), 3 survivors (3072K)
 Metaspace       used 84646K, capacity 87470K, committed 87680K, reserved 1126400K
  class space    used 8952K, capacity 10092K, committed 10112K, reserved 1048576K
}
Event: 433.339 GC heap before
{Heap before GC invocations=28 (full 0):
 garbage-first heap   total 310272K, used 263577K [0x0000000704800000, 0x0000000800000000)
  region size 1024K, 128 young (131072K), 3 survivors (3072K)
 Metaspace       used 84646K, capacity 87470K, committed 87680K, reserved 1126400K
  class space    used 8952K, capacity 10092K, committed 10112K, reserved 1048576K
}
Event: 433.341 GC heap after
{Heap after GC invocations=29 (full 0):
 garbage-first heap   total 310272K, used 135582K [0x0000000704800000, 0x0000000800000000)
  region size 1024K, 3 young (3072K), 3 survivors (3072K)
 Metaspace       used 84646K, capacity 87470K, committed 87680K, reserved 1126400K
  class space    used 8952K, capacity 10092K, committed 10112K, reserved 1048576K
}
Event: 437.395 GC heap before
{Heap before GC invocations=29 (full 0):
 garbage-first heap   total 310272K, used 221598K [0x0000000704800000, 0x0000000800000000)
  region size 1024K, 83 young (84992K), 3 survivors (3072K)
 Metaspace       used 85007K, capacity 87888K, committed 88064K, reserved 1126400K
  class space    used 8985K, capacity 10126K, committed 10240K, reserved 1048576K
}
Event: 437.400 GC heap after
{Heap after GC invocations=30 (full 0):
 garbage-first heap   total 310272K, used 146559K [0x0000000704800000, 0x0000000800000000)
  region size 1024K, 10 young (10240K), 10 survivors (10240K)
 Metaspace       used 85007K, capacity 87888K, committed 88064K, reserved 1126400K
  class space    used 8985K, capacity 10126K, committed 10240K, reserved 1048576K
}
Event: 437.862 GC heap before
{Heap before GC invocations=31 (full 0):
 garbage-first heap   total 310272K, used 206975K [0x0000000704800000, 0x0000000800000000)
  region size 1024K, 55 young (56320K), 10 survivors (10240K)
 Metaspace       used 85797K, capacity 88645K, committed 88960K, reserved 1128448K
  class space    used 9055K, capacity 10247K, committed 10368K, reserved 1048576K
}
Event: 437.871 GC heap after
{Heap after GC invocations=32 (full 0):
 garbage-first heap   total 310272K, used 182159K [0x0000000704800000, 0x0000000800000000)
  region size 1024K, 15 young (15360K), 15 survivors (15360K)
 Metaspace       used 85797K, capacity 88645K, committed 88960K, reserved 1128448K
  class space    used 9055K, capacity 10247K, committed 10368K, reserved 1048576K
}
Event: 438.906 GC heap before
{Heap before GC invocations=33 (full 0):
 garbage-first heap   total 310272K, used 224143K [0x0000000704800000, 0x0000000800000000)
  region size 1024K, 76 young (77824K), 15 survivors (15360K)
 Metaspace       used 88204K, capacity 91276K, committed 91392K, reserved 1130496K
  class space    used 9212K, capacity 10487K, committed 10496K, reserved 1048576K
}
Event: 438.914 GC heap after
{Heap after GC invocations=34 (full 0):
 garbage-first heap   total 310272K, used 169112K [0x0000000704800000, 0x0000000800000000)
  region size 1024K, 10 young (10240K), 10 survivors (10240K)
 Metaspace       used 88204K, capacity 91276K, committed 91392K, reserved 1130496K
  class space    used 9212K, capacity 10487K, committed 10496K, reserved 1048576K
}

