# JRE version: OpenJDK Runtime Environment Corretto-11.0.22.7.1 (11.0.22+7) (build 11.0.22+7-LTS)
# Java VM: OpenJDK 64-Bit Server VM Corretto-11.0.22.7.1 (11.0.22+7-LTS, mixed mode, tiered, compressed oops, g1 gc, windows-amd64)
Heap:
 garbage-first heap   total 372736K, used 281025K [0x0000000704800000, 0x0000000800000000)
  region size 1024K, 110 young (112640K), 10 survivors (10240K)
 Metaspace       used 88584K, capacity 91563K, committed 91776K, reserved 1130496K
  class space    used 9270K, capacity 10520K, committed 10624K, reserved 1048576K
GC Heap History (20 events):
Event: 6.482 GC heap before
{Heap before GC invocations=10 (full 0):
 garbage-first heap   total 258048K, used 170911K [0x0000000704800000, 0x0000000800000000)
  region size 1024K, 116 young (118784K), 16 survivors (16384K)
 Metaspace       used 62012K, capacity 63078K, committed 63232K, reserved 1105920K
  class space    used 6451K, capacity 6895K, committed 6912K, reserved 1048576K
}
Event: 6.514 GC heap after
{Heap after GC invocations=11 (full 0):
 garbage-first heap   total 310272K, used 83011K [0x0000000704800000, 0x0000000800000000)
  region size 1024K, 15 young (15360K), 15 survivors (15360K)
 Metaspace       used 62012K, capacity 63078K, committed 63232K, reserved 1105920K
  class space    used 6451K, capacity 6895K, committed 6912K, reserved 1048576K
}
Event: 7.503 GC heap before
{Heap before GC invocations=11 (full 0):
 garbage-first heap   total 310272K, used 200771K [0x0000000704800000, 0x0000000800000000)
  region size 1024K, 131 young (134144K), 15 survivors (15360K)
 Metaspace       used 69132K, capacity 70317K, committed 70528K, reserved 1112064K
  class space    used 7007K, capacity 7495K, committed 7552K, reserved 1048576K
}
Event: 7.513 GC heap after
{Heap after GC invocations=12 (full 0):
 garbage-first heap   total 310272K, used 119808K [0x0000000704800000, 0x0000000800000000)
  region size 1024K, 17 young (17408K), 17 survivors (17408K)
 Metaspace       used 69132K, capacity 70317K, committed 70528K, reserved 1112064K
  class space    used 7007K, capacity 7495K, committed 7552K, reserved 1048576K
}
Event: 8.860 GC heap before
{Heap before GC invocations=12 (full 0):
 garbage-first heap   total 310272K, used 216064K [0x0000000704800000, 0x0000000800000000)
  region size 1024K, 106 young (108544K), 17 survivors (17408K)
 Metaspace       used 78202K, capacity 79967K, committed 80256K, reserved 1120256K
  class space    used 8063K, capacity 8789K, committed 8832K, reserved 1048576K
}
Event: 8.874 GC heap after
{Heap after GC invocations=13 (full 0):
 garbage-first heap   total 310272K, used 141312K [0x0000000704800000, 0x0000000800000000)
  region size 1024K, 14 young (14336K), 14 survivors (14336K)
 Metaspace       used 78202K, capacity 79967K, committed 80256K, reserved 1120256K
  class space    used 8063K, capacity 8789K, committed 8832K, reserved 1048576K
}
Event: 10.576 GC heap before
{Heap before GC invocations=13 (full 0):
 garbage-first heap   total 310272K, used 225280K [0x0000000704800000, 0x0000000800000000)
  region size 1024K, 94 young (96256K), 14 survivors (14336K)
 Metaspace       used 80674K, capacity 82940K, committed 83072K, reserved 1122304K
  class space    used 8393K, capacity 9331K, committed 9344K, reserved 1048576K
}
Event: 10.592 GC heap after
{Heap after GC invocations=14 (full 0):
 garbage-first heap   total 310272K, used 157184K [0x0000000704800000, 0x0000000800000000)
  region size 1024K, 12 young (12288K), 12 survivors (12288K)
 Metaspace       used 80674K, capacity 82940K, committed 83072K, reserved 1122304K
  class space    used 8393K, capacity 9331K, committed 9344K, reserved 1048576K
}
Event: 11.468 GC heap before
{Heap before GC invocations=14 (full 0):
 garbage-first heap   total 310272K, used 232960K [0x0000000704800000, 0x0000000800000000)
  region size 1024K, 86 young (88064K), 12 survivors (12288K)
 Metaspace       used 81618K, capacity 84037K, committed 84096K, reserved 1124352K
  class space    used 8519K, capacity 9546K, committed 9600K, reserved 1048576K
}
Event: 11.482 GC heap after
{Heap after GC invocations=15 (full 0):
 garbage-first heap   total 372736K, used 162157K [0x0000000704800000, 0x0000000800000000)
  region size 1024K, 6 young (6144K), 6 survivors (6144K)
 Metaspace       used 81618K, capacity 84037K, committed 84096K, reserved 1124352K
  class space    used 8519K, capacity 9546K, committed 9600K, reserved 1048576K
}
Event: 12.414 GC heap before
{Heap before GC invocations=16 (full 0):
 garbage-first heap   total 372736K, used 248173K [0x0000000704800000, 0x0000000800000000)
  region size 1024K, 105 young (107520K), 6 survivors (6144K)
 Metaspace       used 83173K, capacity 85852K, committed 86016K, reserved 1126400K
  class space    used 8826K, capacity 9916K, committed 9984K, reserved 1048576K
}
Event: 12.423 GC heap after
{Heap after GC invocations=17 (full 0):
 garbage-first heap   total 372736K, used 150757K [0x0000000704800000, 0x0000000800000000)
  region size 1024K, 11 young (11264K), 11 survivors (11264K)
 Metaspace       used 83173K, capacity 85852K, committed 86016K, reserved 1126400K
  class space    used 8826K, capacity 9916K, committed 9984K, reserved 1048576K
}
Event: 12.491 GC heap before
{Heap before GC invocations=17 (full 0):
 garbage-first heap   total 372736K, used 157925K [0x0000000704800000, 0x0000000800000000)
  region size 1024K, 18 young (18432K), 11 survivors (11264K)
 Metaspace       used 83223K, capacity 85915K, committed 86016K, reserved 1126400K
  class space    used 8839K, capacity 9937K, committed 9984K, reserved 1048576K
}
Event: 12.502 GC heap after
{Heap after GC invocations=18 (full 0):
 garbage-first heap   total 372736K, used 135607K [0x0000000704800000, 0x0000000800000000)
  region size 1024K, 2 young (2048K), 2 survivors (2048K)
 Metaspace       used 83223K, capacity 85915K, committed 86016K, reserved 1126400K
  class space    used 8839K, capacity 9937K, committed 9984K, reserved 1048576K
}
Event: 16.996 GC heap before
{Heap before GC invocations=18 (full 0):
 garbage-first heap   total 372736K, used 261559K [0x0000000704800000, 0x0000000800000000)
  region size 1024K, 119 young (121856K), 2 survivors (2048K)
 Metaspace       used 84366K, capacity 87141K, committed 87168K, reserved 1126400K
  class space    used 8960K, capacity 10091K, committed 10112K, reserved 1048576K
}
Event: 17.000 GC heap after
{Heap after GC invocations=19 (full 0):
 garbage-first heap   total 372736K, used 142962K [0x0000000704800000, 0x0000000800000000)
  region size 1024K, 4 young (4096K), 4 survivors (4096K)
 Metaspace       used 84366K, capacity 87141K, committed 87168K, reserved 1126400K
  class space    used 8960K, capacity 10091K, committed 10112K, reserved 1048576K
}
Event: 17.026 GC heap before
{Heap before GC invocations=19 (full 0):
 garbage-first heap   total 372736K, used 266866K [0x0000000704800000, 0x0000000800000000)
  region size 1024K, 125 young (128000K), 4 survivors (4096K)
 Metaspace       used 84366K, capacity 87141K, committed 87168K, reserved 1126400K
  class space    used 8960K, capacity 10091K, committed 10112K, reserved 1048576K
}
Event: 17.029 GC heap after
{Heap after GC invocations=20 (full 0):
 garbage-first heap   total 372736K, used 143060K [0x0000000704800000, 0x0000000800000000)
  region size 1024K, 4 young (4096K), 4 survivors (4096K)
 Metaspace       used 84366K, capacity 87141K, committed 87168K, reserved 1126400K
  class space    used 8960K, capacity 10091K, committed 10112K, reserved 1048576K
}
Event: 21.275 GC heap before
{Heap before GC invocations=20 (full 0):
 garbage-first heap   total 372736K, used 257748K [0x0000000704800000, 0x0000000800000000)
  region size 1024K, 90 young (92160K), 4 survivors (4096K)
 Metaspace       used 85373K, capacity 88243K, committed 88320K, reserved 1128448K
  class space    used 9034K, capacity 10201K, committed 10240K, reserved 1048576K
}
Event: 21.283 GC heap after
{Heap after GC invocations=21 (full 0):
 garbage-first heap   total 372736K, used 175553K [0x0000000704800000, 0x0000000800000000)
  region size 1024K, 10 young (10240K), 10 survivors (10240K)
 Metaspace       used 85373K, capacity 88243K, committed 88320K, reserved 1128448K
  class space    used 9034K, capacity 10201K, committed 10240K, reserved 1048576K
}

