# JRE version: OpenJDK Runtime Environment Corretto-11.0.22.7.1 (11.0.22+7) (build 11.0.22+7-LTS)
# Java VM: OpenJDK 64-Bit Server VM Corretto-11.0.22.7.1 (11.0.22+7-LTS, mixed mode, tiered, compressed oops, g1 gc, windows-amd64)
Heap:
 garbage-first heap   total 372736K, used 270884K [0x0000000704800000, 0x0000000800000000)
  region size 1024K, 100 young (102400K), 10 survivors (10240K)
 Metaspace       used 88485K, capacity 91535K, committed 91676K, reserved 1130496K
  class space    used 9259K, capacity 10517K, committed 10624K, reserved 1048576K
GC Heap History (20 events):
Event: 10.317 GC heap before
{Heap before GC invocations=21 (full 0):
 garbage-first heap   total 310272K, used 229531K [0x0000000704800000, 0x0000000800000000)
  region size 1024K, 105 young (107520K), 9 survivors (9216K)
 Metaspace       used 83142K, capacity 85898K, committed 86172K, reserved 1126400K
  class space    used 8827K, capacity 9937K, committed 9984K, reserved 1048576K
}
Event: 10.323 GC heap after
{Heap after GC invocations=22 (full 0):
 garbage-first heap   total 310272K, used 136693K [0x0000000704800000, 0x0000000800000000)
  region size 1024K, 13 young (13312K), 13 survivors (13312K)
 Metaspace       used 83142K, capacity 85898K, committed 86172K, reserved 1126400K
  class space    used 8827K, capacity 9937K, committed 9984K, reserved 1048576K
}
Event: 15.794 GC heap before
{Heap before GC invocations=22 (full 0):
 garbage-first heap   total 310272K, used 241141K [0x0000000704800000, 0x0000000800000000)
  region size 1024K, 109 young (111616K), 13 survivors (13312K)
 Metaspace       used 84325K, capacity 87173K, committed 87324K, reserved 1126400K
  class space    used 8946K, capacity 10087K, committed 10112K, reserved 1048576K
}
Event: 15.802 GC heap after
{Heap after GC invocations=23 (full 0):
 garbage-first heap   total 372736K, used 145868K [0x0000000704800000, 0x0000000800000000)
  region size 1024K, 10 young (10240K), 10 survivors (10240K)
 Metaspace       used 84325K, capacity 87173K, committed 87324K, reserved 1126400K
  class space    used 8946K, capacity 10087K, committed 10112K, reserved 1048576K
}
Event: 15.853 GC heap before
{Heap before GC invocations=23 (full 0):
 garbage-first heap   total 372736K, used 271820K [0x0000000704800000, 0x0000000800000000)
  region size 1024K, 133 young (136192K), 10 survivors (10240K)
 Metaspace       used 84487K, capacity 87353K, committed 87708K, reserved 1126400K
  class space    used 8978K, capacity 10127K, committed 10240K, reserved 1048576K
}
Event: 15.858 GC heap after
{Heap after GC invocations=24 (full 0):
 garbage-first heap   total 372736K, used 145973K [0x0000000704800000, 0x0000000800000000)
  region size 1024K, 4 young (4096K), 4 survivors (4096K)
 Metaspace       used 84487K, capacity 87353K, committed 87708K, reserved 1126400K
  class space    used 8978K, capacity 10127K, committed 10240K, reserved 1048576K
}
Event: 15.884 GC heap before
{Heap before GC invocations=24 (full 0):
 garbage-first heap   total 372736K, used 279093K [0x0000000704800000, 0x0000000800000000)
  region size 1024K, 134 young (137216K), 4 survivors (4096K)
 Metaspace       used 84490K, capacity 87353K, committed 87708K, reserved 1126400K
  class space    used 8978K, capacity 10127K, committed 10240K, reserved 1048576K
}
Event: 15.887 GC heap after
{Heap after GC invocations=25 (full 0):
 garbage-first heap   total 372736K, used 145488K [0x0000000704800000, 0x0000000800000000)
  region size 1024K, 4 young (4096K), 4 survivors (4096K)
 Metaspace       used 84490K, capacity 87353K, committed 87708K, reserved 1126400K
  class space    used 8978K, capacity 10127K, committed 10240K, reserved 1048576K
}
Event: 15.911 GC heap before
{Heap before GC invocations=25 (full 0):
 garbage-first heap   total 372736K, used 284752K [0x0000000704800000, 0x0000000800000000)
  region size 1024K, 140 young (143360K), 4 survivors (4096K)
 Metaspace       used 84495K, capacity 87353K, committed 87708K, reserved 1126400K
  class space    used 8978K, capacity 10127K, committed 10240K, reserved 1048576K
}
Event: 15.914 GC heap after
{Heap after GC invocations=26 (full 0):
 garbage-first heap   total 372736K, used 145510K [0x0000000704800000, 0x0000000800000000)
  region size 1024K, 4 young (4096K), 4 survivors (4096K)
 Metaspace       used 84495K, capacity 87353K, committed 87708K, reserved 1126400K
  class space    used 8978K, capacity 10127K, committed 10240K, reserved 1048576K
}
Event: 15.940 GC heap before
{Heap before GC invocations=26 (full 0):
 garbage-first heap   total 372736K, used 296038K [0x0000000704800000, 0x0000000800000000)
  region size 1024K, 151 young (154624K), 4 survivors (4096K)
 Metaspace       used 84495K, capacity 87353K, committed 87708K, reserved 1126400K
  class space    used 8978K, capacity 10127K, committed 10240K, reserved 1048576K
}
Event: 15.942 GC heap after
{Heap after GC invocations=27 (full 0):
 garbage-first heap   total 372736K, used 145410K [0x0000000704800000, 0x0000000800000000)
  region size 1024K, 4 young (4096K), 4 survivors (4096K)
 Metaspace       used 84495K, capacity 87353K, committed 87708K, reserved 1126400K
  class space    used 8978K, capacity 10127K, committed 10240K, reserved 1048576K
}
Event: 15.968 GC heap before
{Heap before GC invocations=27 (full 0):
 garbage-first heap   total 372736K, used 304130K [0x0000000704800000, 0x0000000800000000)
  region size 1024K, 159 young (162816K), 4 survivors (4096K)
 Metaspace       used 84495K, capacity 87353K, committed 87708K, reserved 1126400K
  class space    used 8978K, capacity 10127K, committed 10240K, reserved 1048576K
}
Event: 15.971 GC heap after
{Heap after GC invocations=28 (full 0):
 garbage-first heap   total 372736K, used 145404K [0x0000000704800000, 0x0000000800000000)
  region size 1024K, 4 young (4096K), 4 survivors (4096K)
 Metaspace       used 84495K, capacity 87353K, committed 87708K, reserved 1126400K
  class space    used 8978K, capacity 10127K, committed 10240K, reserved 1048576K
}
Event: 15.999 GC heap before
{Heap before GC invocations=28 (full 0):
 garbage-first heap   total 372736K, used 312316K [0x0000000704800000, 0x0000000800000000)
  region size 1024K, 167 young (171008K), 4 survivors (4096K)
 Metaspace       used 84495K, capacity 87353K, committed 87708K, reserved 1126400K
  class space    used 8978K, capacity 10127K, committed 10240K, reserved 1048576K
}
Event: 16.002 GC heap after
{Heap after GC invocations=29 (full 0):
 garbage-first heap   total 372736K, used 145336K [0x0000000704800000, 0x0000000800000000)
  region size 1024K, 4 young (4096K), 4 survivors (4096K)
 Metaspace       used 84495K, capacity 87353K, committed 87708K, reserved 1126400K
  class space    used 8978K, capacity 10127K, committed 10240K, reserved 1048576K
}
Event: 16.031 GC heap before
{Heap before GC invocations=29 (full 0):
 garbage-first heap   total 372736K, used 317368K [0x0000000704800000, 0x0000000800000000)
  region size 1024K, 172 young (176128K), 4 survivors (4096K)
 Metaspace       used 84499K, capacity 87355K, committed 87708K, reserved 1126400K
  class space    used 8978K, capacity 10127K, committed 10240K, reserved 1048576K
}
Event: 16.034 GC heap after
{Heap after GC invocations=30 (full 0):
 garbage-first heap   total 372736K, used 145401K [0x0000000704800000, 0x0000000800000000)
  region size 1024K, 4 young (4096K), 4 survivors (4096K)
 Metaspace       used 84499K, capacity 87355K, committed 87708K, reserved 1126400K
  class space    used 8978K, capacity 10127K, committed 10240K, reserved 1048576K
}
Event: 20.077 GC heap before
{Heap before GC invocations=30 (full 0):
 garbage-first heap   total 372736K, used 321529K [0x0000000704800000, 0x0000000800000000)
  region size 1024K, 157 young (160768K), 4 survivors (4096K)
 Metaspace       used 85170K, capacity 88007K, committed 88220K, reserved 1128448K
  class space    used 9024K, capacity 10193K, committed 10240K, reserved 1048576K
}
Event: 20.084 GC heap after
{Heap after GC invocations=31 (full 0):
 garbage-first heap   total 372736K, used 171556K [0x0000000704800000, 0x0000000800000000)
  region size 1024K, 10 young (10240K), 10 survivors (10240K)
 Metaspace       used 85170K, capacity 88007K, committed 88220K, reserved 1128448K
  class space    used 9024K, capacity 10193K, committed 10240K, reserved 1048576K
}

