# JRE version: OpenJDK Runtime Environment Corretto-11.0.22.7.1 (11.0.22+7) (build 11.0.22+7-LTS)
# Java VM: OpenJDK 64-Bit Server VM Corretto-11.0.22.7.1 (11.0.22+7-LTS, mixed mode, tiered, compressed oops, g1 gc, windows-amd64)
Heap:
 garbage-first heap   total 372736K, used 323044K [0x0000000704800000, 0x0000000800000000)
  region size 1024K, 160 young (163840K), 7 survivors (7168K)
 Metaspace       used 88457K, capacity 91483K, committed 91776K, reserved 1130496K
  class space    used 9248K, capacity 10514K, committed 10624K, reserved 1048576K
GC Heap History (20 events):
Event: 9.920 GC heap before
{Heap before GC invocations=13 (full 0):
 garbage-first heap   total 310272K, used 222296K [0x0000000704800000, 0x0000000800000000)
  region size 1024K, 84 young (86016K), 7 survivors (7168K)
 Metaspace       used 78000K, capacity 79785K, committed 79872K, reserved 1120256K
  class space    used 7957K, capacity 8673K, committed 8704K, reserved 1048576K
}
Event: 9.937 GC heap after
{Heap after GC invocations=14 (full 0):
 garbage-first heap   total 310272K, used 159744K [0x0000000704800000, 0x0000000800000000)
  region size 1024K, 11 young (11264K), 11 survivors (11264K)
 Metaspace       used 78000K, capacity 79785K, committed 79872K, reserved 1120256K
  class space    used 7957K, capacity 8673K, committed 8704K, reserved 1048576K
}
Event: 10.789 GC heap before
{Heap before GC invocations=14 (full 0):
 garbage-first heap   total 310272K, used 228352K [0x0000000704800000, 0x0000000800000000)
  region size 1024K, 78 young (79872K), 11 survivors (11264K)
 Metaspace       used 79163K, capacity 81027K, committed 81152K, reserved 1122304K
  class space    used 8097K, capacity 8849K, committed 8960K, reserved 1048576K
}
Event: 10.803 GC heap after
{Heap after GC invocations=15 (full 0):
 garbage-first heap   total 310272K, used 165330K [0x0000000704800000, 0x0000000800000000)
  region size 1024K, 5 young (5120K), 5 survivors (5120K)
 Metaspace       used 79163K, capacity 81027K, committed 81152K, reserved 1122304K
  class space    used 8097K, capacity 8849K, committed 8960K, reserved 1048576K
}
Event: 11.374 GC heap before
{Heap before GC invocations=16 (full 0):
 garbage-first heap   total 310272K, used 183762K [0x0000000704800000, 0x0000000800000000)
  region size 1024K, 73 young (74752K), 5 survivors (5120K)
 Metaspace       used 79799K, capacity 81813K, committed 82048K, reserved 1122304K
  class space    used 8202K, capacity 9045K, committed 9088K, reserved 1048576K
}
Event: 11.383 GC heap after
{Heap after GC invocations=17 (full 0):
 garbage-first heap   total 372736K, used 115202K [0x0000000704800000, 0x0000000800000000)
  region size 1024K, 6 young (6144K), 6 survivors (6144K)
 Metaspace       used 79799K, capacity 81813K, committed 82048K, reserved 1122304K
  class space    used 8202K, capacity 9045K, committed 9088K, reserved 1048576K
}
Event: 12.166 GC heap before
{Heap before GC invocations=17 (full 0):
 garbage-first heap   total 372736K, used 239106K [0x0000000704800000, 0x0000000800000000)
  region size 1024K, 125 young (128000K), 6 survivors (6144K)
 Metaspace       used 80799K, capacity 83100K, committed 83200K, reserved 1122304K
  class space    used 8425K, capacity 9385K, committed 9472K, reserved 1048576K
}
Event: 12.173 GC heap after
{Heap after GC invocations=18 (full 0):
 garbage-first heap   total 372736K, used 120608K [0x0000000704800000, 0x0000000800000000)
  region size 1024K, 9 young (9216K), 9 survivors (9216K)
 Metaspace       used 80799K, capacity 83100K, committed 83200K, reserved 1122304K
  class space    used 8425K, capacity 9385K, committed 9472K, reserved 1048576K
}
Event: 13.217 GC heap before
{Heap before GC invocations=18 (full 0):
 garbage-first heap   total 372736K, used 250656K [0x0000000704800000, 0x0000000800000000)
  region size 1024K, 136 young (139264K), 9 survivors (9216K)
 Metaspace       used 82234K, capacity 84868K, committed 85120K, reserved 1124352K
  class space    used 8657K, capacity 9760K, committed 9856K, reserved 1048576K
}
Event: 13.227 GC heap after
{Heap after GC invocations=19 (full 0):
 garbage-first heap   total 372736K, used 127153K [0x0000000704800000, 0x0000000800000000)
  region size 1024K, 16 young (16384K), 16 survivors (16384K)
 Metaspace       used 82234K, capacity 84868K, committed 85120K, reserved 1124352K
  class space    used 8657K, capacity 9760K, committed 9856K, reserved 1048576K
}
Event: 18.499 GC heap before
{Heap before GC invocations=19 (full 0):
 garbage-first heap   total 372736K, used 267441K [0x0000000704800000, 0x0000000800000000)
  region size 1024K, 146 young (149504K), 16 survivors (16384K)
 Metaspace       used 84583K, capacity 87436K, committed 87552K, reserved 1126400K
  class space    used 8987K, capacity 10128K, committed 10240K, reserved 1048576K
}
Event: 18.507 GC heap after
{Heap after GC invocations=20 (full 0):
 garbage-first heap   total 372736K, used 138840K [0x0000000704800000, 0x0000000800000000)
  region size 1024K, 13 young (13312K), 13 survivors (13312K)
 Metaspace       used 84583K, capacity 87436K, committed 87552K, reserved 1126400K
  class space    used 8987K, capacity 10128K, committed 10240K, reserved 1048576K
}
Event: 18.542 GC heap before
{Heap before GC invocations=20 (full 0):
 garbage-first heap   total 372736K, used 272984K [0x0000000704800000, 0x0000000800000000)
  region size 1024K, 144 young (147456K), 13 survivors (13312K)
 Metaspace       used 84583K, capacity 87436K, committed 87552K, reserved 1126400K
  class space    used 8987K, capacity 10128K, committed 10240K, reserved 1048576K
}
Event: 18.548 GC heap after
{Heap after GC invocations=21 (full 0):
 garbage-first heap   total 372736K, used 139751K [0x0000000704800000, 0x0000000800000000)
  region size 1024K, 8 young (8192K), 8 survivors (8192K)
 Metaspace       used 84583K, capacity 87436K, committed 87552K, reserved 1126400K
  class space    used 8987K, capacity 10128K, committed 10240K, reserved 1048576K
}
Event: 18.577 GC heap before
{Heap before GC invocations=21 (full 0):
 garbage-first heap   total 372736K, used 280039K [0x0000000704800000, 0x0000000800000000)
  region size 1024K, 145 young (148480K), 8 survivors (8192K)
 Metaspace       used 84583K, capacity 87436K, committed 87552K, reserved 1126400K
  class space    used 8987K, capacity 10128K, committed 10240K, reserved 1048576K
}
Event: 18.582 GC heap after
{Heap after GC invocations=22 (full 0):
 garbage-first heap   total 372736K, used 138424K [0x0000000704800000, 0x0000000800000000)
  region size 1024K, 6 young (6144K), 6 survivors (6144K)
 Metaspace       used 84583K, capacity 87436K, committed 87552K, reserved 1126400K
  class space    used 8987K, capacity 10128K, committed 10240K, reserved 1048576K
}
Event: 18.609 GC heap before
{Heap before GC invocations=22 (full 0):
 garbage-first heap   total 372736K, used 287928K [0x0000000704800000, 0x0000000800000000)
  region size 1024K, 152 young (155648K), 6 survivors (6144K)
 Metaspace       used 84588K, capacity 87436K, committed 87552K, reserved 1126400K
  class space    used 8987K, capacity 10128K, committed 10240K, reserved 1048576K
}
Event: 18.612 GC heap after
{Heap after GC invocations=23 (full 0):
 garbage-first heap   total 372736K, used 138897K [0x0000000704800000, 0x0000000800000000)
  region size 1024K, 7 young (7168K), 7 survivors (7168K)
 Metaspace       used 84588K, capacity 87436K, committed 87552K, reserved 1126400K
  class space    used 8987K, capacity 10128K, committed 10240K, reserved 1048576K
}
Event: 18.639 GC heap before
{Heap before GC invocations=23 (full 0):
 garbage-first heap   total 372736K, used 290449K [0x0000000704800000, 0x0000000800000000)
  region size 1024K, 155 young (158720K), 7 survivors (7168K)
 Metaspace       used 84588K, capacity 87436K, committed 87552K, reserved 1126400K
  class space    used 8987K, capacity 10128K, committed 10240K, reserved 1048576K
}
Event: 18.642 GC heap after
{Heap after GC invocations=24 (full 0):
 garbage-first heap   total 372736K, used 138724K [0x0000000704800000, 0x0000000800000000)
  region size 1024K, 7 young (7168K), 7 survivors (7168K)
 Metaspace       used 84588K, capacity 87436K, committed 87552K, reserved 1126400K
  class space    used 8987K, capacity 10128K, committed 10240K, reserved 1048576K
}

