# JRE version: OpenJDK Runtime Environment Corretto-11.0.22.7.1 (11.0.22+7) (build 11.0.22+7-LTS)
# Java VM: OpenJDK 64-Bit Server VM Corretto-11.0.22.7.1 (11.0.22+7-LTS, mixed mode, tiered, compressed oops, g1 gc, windows-amd64)
Heap:
 garbage-first heap   total 310272K, used 260604K [0x0000000704800000, 0x0000000800000000)
  region size 1024K, 102 young (104448K), 13 survivors (13312K)
 Metaspace       used 88021K, capacity 91036K, committed 91136K, reserved 1130496K
  class space    used 9210K, capacity 10476K, committed 10496K, reserved 1048576K
GC Heap History (20 events):
Event: 8.699 GC heap before
{Heap before GC invocations=13 (full 0):
 garbage-first heap   total 310272K, used 227328K [0x0000000704800000, 0x0000000800000000)
  region size 1024K, 130 young (133120K), 17 survivors (17408K)
 Metaspace       used 80028K, capacity 82090K, committed 82304K, reserved 1122304K
  class space    used 8246K, capacity 9075K, committed 9088K, reserved 1048576K
}
Event: 8.708 GC heap after
{Heap after GC invocations=14 (full 0):
 garbage-first heap   total 310272K, used 119376K [0x0000000704800000, 0x0000000800000000)
  region size 1024K, 7 young (7168K), 7 survivors (7168K)
 Metaspace       used 80028K, capacity 82090K, committed 82304K, reserved 1122304K
  class space    used 8246K, capacity 9075K, committed 9088K, reserved 1048576K
}
Event: 9.141 GC heap before
{Heap before GC invocations=14 (full 0):
 garbage-first heap   total 310272K, used 236112K [0x0000000704800000, 0x0000000800000000)
  region size 1024K, 119 young (121856K), 7 survivors (7168K)
 Metaspace       used 80962K, capacity 83366K, committed 83456K, reserved 1124352K
  class space    used 8458K, capacity 9435K, committed 9472K, reserved 1048576K
}
Event: 9.145 GC heap after
{Heap after GC invocations=15 (full 0):
 garbage-first heap   total 310272K, used 123796K [0x0000000704800000, 0x0000000800000000)
  region size 1024K, 9 young (9216K), 9 survivors (9216K)
 Metaspace       used 80962K, capacity 83366K, committed 83456K, reserved 1124352K
  class space    used 8458K, capacity 9435K, committed 9472K, reserved 1048576K
}
Event: 9.680 GC heap before
{Heap before GC invocations=15 (full 0):
 garbage-first heap   total 310272K, used 240532K [0x0000000704800000, 0x0000000800000000)
  region size 1024K, 123 young (125952K), 9 survivors (9216K)
 Metaspace       used 82238K, capacity 84829K, committed 85120K, reserved 1124352K
  class space    used 8651K, capacity 9751K, committed 9856K, reserved 1048576K
}
Event: 9.687 GC heap after
{Heap after GC invocations=16 (full 0):
 garbage-first heap   total 310272K, used 129227K [0x0000000704800000, 0x0000000800000000)
  region size 1024K, 10 young (10240K), 10 survivors (10240K)
 Metaspace       used 82238K, capacity 84829K, committed 85120K, reserved 1124352K
  class space    used 8651K, capacity 9751K, committed 9856K, reserved 1048576K
}
Event: 14.516 GC heap before
{Heap before GC invocations=16 (full 0):
 garbage-first heap   total 310272K, used 252107K [0x0000000704800000, 0x0000000800000000)
  region size 1024K, 123 young (125952K), 10 survivors (10240K)
 Metaspace       used 84255K, capacity 86981K, committed 87168K, reserved 1126400K
  class space    used 8944K, capacity 10086K, committed 10112K, reserved 1048576K
}
Event: 14.522 GC heap after
{Heap after GC invocations=17 (full 0):
 garbage-first heap   total 310272K, used 141528K [0x0000000704800000, 0x0000000800000000)
  region size 1024K, 13 young (13312K), 13 survivors (13312K)
 Metaspace       used 84255K, capacity 86981K, committed 87168K, reserved 1126400K
  class space    used 8944K, capacity 10086K, committed 10112K, reserved 1048576K
}
Event: 14.551 GC heap before
{Heap before GC invocations=17 (full 0):
 garbage-first heap   total 310272K, used 251096K [0x0000000704800000, 0x0000000800000000)
  region size 1024K, 120 young (122880K), 13 survivors (13312K)
 Metaspace       used 84266K, capacity 87045K, committed 87168K, reserved 1126400K
  class space    used 8944K, capacity 10086K, committed 10112K, reserved 1048576K
}
Event: 14.556 GC heap after
{Heap after GC invocations=18 (full 0):
 garbage-first heap   total 310272K, used 141820K [0x0000000704800000, 0x0000000800000000)
  region size 1024K, 7 young (7168K), 7 survivors (7168K)
 Metaspace       used 84266K, capacity 87045K, committed 87168K, reserved 1126400K
  class space    used 8944K, capacity 10086K, committed 10112K, reserved 1048576K
}
Event: 14.580 GC heap before
{Heap before GC invocations=18 (full 0):
 garbage-first heap   total 310272K, used 255484K [0x0000000704800000, 0x0000000800000000)
  region size 1024K, 118 young (120832K), 7 survivors (7168K)
 Metaspace       used 84266K, capacity 87045K, committed 87168K, reserved 1126400K
  class space    used 8944K, capacity 10086K, committed 10112K, reserved 1048576K
}
Event: 14.585 GC heap after
{Heap after GC invocations=19 (full 0):
 garbage-first heap   total 310272K, used 141537K [0x0000000704800000, 0x0000000800000000)
  region size 1024K, 7 young (7168K), 7 survivors (7168K)
 Metaspace       used 84266K, capacity 87045K, committed 87168K, reserved 1126400K
  class space    used 8944K, capacity 10086K, committed 10112K, reserved 1048576K
}
Event: 14.608 GC heap before
{Heap before GC invocations=19 (full 0):
 garbage-first heap   total 310272K, used 257249K [0x0000000704800000, 0x0000000800000000)
  region size 1024K, 120 young (122880K), 7 survivors (7168K)
 Metaspace       used 84266K, capacity 87045K, committed 87168K, reserved 1126400K
  class space    used 8944K, capacity 10086K, committed 10112K, reserved 1048576K
}
Event: 14.612 GC heap after
{Heap after GC invocations=20 (full 0):
 garbage-first heap   total 310272K, used 141448K [0x0000000704800000, 0x0000000800000000)
  region size 1024K, 7 young (7168K), 7 survivors (7168K)
 Metaspace       used 84266K, capacity 87045K, committed 87168K, reserved 1126400K
  class space    used 8944K, capacity 10086K, committed 10112K, reserved 1048576K
}
Event: 14.633 GC heap before
{Heap before GC invocations=20 (full 0):
 garbage-first heap   total 310272K, used 260232K [0x0000000704800000, 0x0000000800000000)
  region size 1024K, 123 young (125952K), 7 survivors (7168K)
 Metaspace       used 84272K, capacity 87109K, committed 87168K, reserved 1126400K
  class space    used 8944K, capacity 10086K, committed 10112K, reserved 1048576K
}
Event: 14.636 GC heap after
{Heap after GC invocations=21 (full 0):
 garbage-first heap   total 310272K, used 141584K [0x0000000704800000, 0x0000000800000000)
  region size 1024K, 7 young (7168K), 7 survivors (7168K)
 Metaspace       used 84272K, capacity 87109K, committed 87168K, reserved 1126400K
  class space    used 8944K, capacity 10086K, committed 10112K, reserved 1048576K
}
Event: 14.657 GC heap before
{Heap before GC invocations=21 (full 0):
 garbage-first heap   total 310272K, used 262416K [0x0000000704800000, 0x0000000800000000)
  region size 1024K, 125 young (128000K), 7 survivors (7168K)
 Metaspace       used 84274K, capacity 87110K, committed 87168K, reserved 1126400K
  class space    used 8944K, capacity 10086K, committed 10112K, reserved 1048576K
}
Event: 14.661 GC heap after
{Heap after GC invocations=22 (full 0):
 garbage-first heap   total 310272K, used 141421K [0x0000000704800000, 0x0000000800000000)
  region size 1024K, 7 young (7168K), 7 survivors (7168K)
 Metaspace       used 84274K, capacity 87110K, committed 87168K, reserved 1126400K
  class space    used 8944K, capacity 10086K, committed 10112K, reserved 1048576K
}
Event: 18.810 GC heap before
{Heap before GC invocations=22 (full 0):
 garbage-first heap   total 310272K, used 245869K [0x0000000704800000, 0x0000000800000000)
  region size 1024K, 107 young (109568K), 7 survivors (7168K)
 Metaspace       used 84705K, capacity 87537K, committed 87808K, reserved 1126400K
  class space    used 8978K, capacity 10120K, committed 10240K, reserved 1048576K
}
Event: 18.817 GC heap after
{Heap after GC invocations=23 (full 0):
 garbage-first heap   total 310272K, used 150012K [0x0000000704800000, 0x0000000800000000)
  region size 1024K, 13 young (13312K), 13 survivors (13312K)
 Metaspace       used 84705K, capacity 87537K, committed 87808K, reserved 1126400K
  class space    used 8978K, capacity 10120K, committed 10240K, reserved 1048576K
}

