# JRE version: OpenJDK Runtime Environment Corretto-11.0.22.7.1 (11.0.22+7) (build 11.0.22+7-LTS)
# Java VM: OpenJDK 64-Bit Server VM Corretto-11.0.22.7.1 (11.0.22+7-LTS, mixed mode, tiered, compressed oops, g1 gc, windows-amd64)
Heap:
 garbage-first heap   total 630784K, used 497439K [0x0000000704800000, 0x0000000800000000)
  region size 1024K, 321 young (328704K), 1 survivors (1024K)
 Metaspace       used 88447K, capacity 91513K, committed 91648K, reserved 1130496K
  class space    used 9216K, capacity 10479K, committed 10496K, reserved 1048576K
GC Heap History (20 events):
Event: 20.506 GC heap before
{Heap before GC invocations=24 (full 0):
 garbage-first heap   total 315392K, used 264759K [0x0000000704800000, 0x0000000800000000)
  region size 1024K, 125 young (128000K), 4 survivors (4096K)
 Metaspace       used 84507K, capacity 87355K, committed 87424K, reserved 1126400K
  class space    used 8955K, capacity 10093K, committed 10112K, reserved 1048576K
}
Event: 20.508 GC heap after
{Heap after GC invocations=25 (full 0):
 garbage-first heap   total 315392K, used 140701K [0x0000000704800000, 0x0000000800000000)
  region size 1024K, 4 young (4096K), 4 survivors (4096K)
 Metaspace       used 84507K, capacity 87355K, committed 87424K, reserved 1126400K
  class space    used 8955K, capacity 10093K, committed 10112K, reserved 1048576K
}
Event: 20.530 GC heap before
{Heap before GC invocations=25 (full 0):
 garbage-first heap   total 315392K, used 266653K [0x0000000704800000, 0x0000000800000000)
  region size 1024K, 127 young (130048K), 4 survivors (4096K)
 Metaspace       used 84507K, capacity 87355K, committed 87424K, reserved 1126400K
  class space    used 8955K, capacity 10093K, committed 10112K, reserved 1048576K
}
Event: 20.532 GC heap after
{Heap after GC invocations=26 (full 0):
 garbage-first heap   total 315392K, used 140860K [0x0000000704800000, 0x0000000800000000)
  region size 1024K, 4 young (4096K), 4 survivors (4096K)
 Metaspace       used 84507K, capacity 87355K, committed 87424K, reserved 1126400K
  class space    used 8955K, capacity 10093K, committed 10112K, reserved 1048576K
}
Event: 20.553 GC heap before
{Heap before GC invocations=26 (full 0):
 garbage-first heap   total 315392K, used 268860K [0x0000000704800000, 0x0000000800000000)
  region size 1024K, 129 young (132096K), 4 survivors (4096K)
 Metaspace       used 84511K, capacity 87355K, committed 87424K, reserved 1126400K
  class space    used 8955K, capacity 10093K, committed 10112K, reserved 1048576K
}
Event: 20.557 GC heap after
{Heap after GC invocations=27 (full 0):
 garbage-first heap   total 315392K, used 140696K [0x0000000704800000, 0x0000000800000000)
  region size 1024K, 4 young (4096K), 4 survivors (4096K)
 Metaspace       used 84511K, capacity 87355K, committed 87424K, reserved 1126400K
  class space    used 8955K, capacity 10093K, committed 10112K, reserved 1048576K
}
Event: 20.580 GC heap before
{Heap before GC invocations=27 (full 0):
 garbage-first heap   total 315392K, used 270744K [0x0000000704800000, 0x0000000800000000)
  region size 1024K, 131 young (134144K), 4 survivors (4096K)
 Metaspace       used 84511K, capacity 87355K, committed 87424K, reserved 1126400K
  class space    used 8955K, capacity 10093K, committed 10112K, reserved 1048576K
}
Event: 20.583 GC heap after
{Heap after GC invocations=28 (full 0):
 garbage-first heap   total 315392K, used 140687K [0x0000000704800000, 0x0000000800000000)
  region size 1024K, 4 young (4096K), 4 survivors (4096K)
 Metaspace       used 84511K, capacity 87355K, committed 87424K, reserved 1126400K
  class space    used 8955K, capacity 10093K, committed 10112K, reserved 1048576K
}
Event: 20.607 GC heap before
{Heap before GC invocations=28 (full 0):
 garbage-first heap   total 315392K, used 271759K [0x0000000704800000, 0x0000000800000000)
  region size 1024K, 132 young (135168K), 4 survivors (4096K)
 Metaspace       used 84511K, capacity 87355K, committed 87424K, reserved 1126400K
  class space    used 8955K, capacity 10093K, committed 10112K, reserved 1048576K
}
Event: 20.611 GC heap after
{Heap after GC invocations=29 (full 0):
 garbage-first heap   total 315392K, used 140605K [0x0000000704800000, 0x0000000800000000)
  region size 1024K, 4 young (4096K), 4 survivors (4096K)
 Metaspace       used 84511K, capacity 87355K, committed 87424K, reserved 1126400K
  class space    used 8955K, capacity 10093K, committed 10112K, reserved 1048576K
}
Event: 20.634 GC heap before
{Heap before GC invocations=29 (full 0):
 garbage-first heap   total 315392K, used 272701K [0x0000000704800000, 0x0000000800000000)
  region size 1024K, 133 young (136192K), 4 survivors (4096K)
 Metaspace       used 84512K, capacity 87355K, committed 87424K, reserved 1126400K
  class space    used 8955K, capacity 10093K, committed 10112K, reserved 1048576K
}
Event: 20.637 GC heap after
{Heap after GC invocations=30 (full 0):
 garbage-first heap   total 315392K, used 140775K [0x0000000704800000, 0x0000000800000000)
  region size 1024K, 4 young (4096K), 4 survivors (4096K)
 Metaspace       used 84512K, capacity 87355K, committed 87424K, reserved 1126400K
  class space    used 8955K, capacity 10093K, committed 10112K, reserved 1048576K
}
Event: 20.659 GC heap before
{Heap before GC invocations=30 (full 0):
 garbage-first heap   total 315392K, used 273895K [0x0000000704800000, 0x0000000800000000)
  region size 1024K, 134 young (137216K), 4 survivors (4096K)
 Metaspace       used 84512K, capacity 87355K, committed 87424K, reserved 1126400K
  class space    used 8955K, capacity 10093K, committed 10112K, reserved 1048576K
}
Event: 20.662 GC heap after
{Heap after GC invocations=31 (full 0):
 garbage-first heap   total 315392K, used 140689K [0x0000000704800000, 0x0000000800000000)
  region size 1024K, 4 young (4096K), 4 survivors (4096K)
 Metaspace       used 84512K, capacity 87355K, committed 87424K, reserved 1126400K
  class space    used 8955K, capacity 10093K, committed 10112K, reserved 1048576K
}
Event: 20.685 GC heap before
{Heap before GC invocations=31 (full 0):
 garbage-first heap   total 315392K, used 274833K [0x0000000704800000, 0x0000000800000000)
  region size 1024K, 135 young (138240K), 4 survivors (4096K)
 Metaspace       used 84512K, capacity 87355K, committed 87424K, reserved 1126400K
  class space    used 8955K, capacity 10093K, committed 10112K, reserved 1048576K
}
Event: 20.687 GC heap after
{Heap after GC invocations=32 (full 0):
 garbage-first heap   total 315392K, used 140696K [0x0000000704800000, 0x0000000800000000)
  region size 1024K, 4 young (4096K), 4 survivors (4096K)
 Metaspace       used 84512K, capacity 87355K, committed 87424K, reserved 1126400K
  class space    used 8955K, capacity 10093K, committed 10112K, reserved 1048576K
}
Event: 20.709 GC heap before
{Heap before GC invocations=32 (full 0):
 garbage-first heap   total 315392K, used 275864K [0x0000000704800000, 0x0000000800000000)
  region size 1024K, 136 young (139264K), 4 survivors (4096K)
 Metaspace       used 84512K, capacity 87355K, committed 87424K, reserved 1126400K
  class space    used 8955K, capacity 10093K, committed 10112K, reserved 1048576K
}
Event: 20.716 GC heap after
{Heap after GC invocations=33 (full 0):
 garbage-first heap   total 630784K, used 140778K [0x0000000704800000, 0x0000000800000000)
  region size 1024K, 4 young (4096K), 4 survivors (4096K)
 Metaspace       used 84512K, capacity 87355K, committed 87424K, reserved 1126400K
  class space    used 8955K, capacity 10093K, committed 10112K, reserved 1048576K
}
Event: 20.833 GC heap before
{Heap before GC invocations=33 (full 0):
 garbage-first heap   total 630784K, used 427498K [0x0000000704800000, 0x0000000800000000)
  region size 1024K, 284 young (290816K), 4 survivors (4096K)
 Metaspace       used 84512K, capacity 87355K, committed 87424K, reserved 1126400K
  class space    used 8955K, capacity 10093K, committed 10112K, reserved 1048576K
}
Event: 20.836 GC heap after
{Heap after GC invocations=34 (full 0):
 garbage-first heap   total 630784K, used 141087K [0x0000000704800000, 0x0000000800000000)
  region size 1024K, 1 young (1024K), 1 survivors (1024K)
 Metaspace       used 84512K, capacity 87355K, committed 87424K, reserved 1126400K
  class space    used 8955K, capacity 10093K, committed 10112K, reserved 1048576K
}

