# JRE version: OpenJDK Runtime Environment Corretto-11.0.22.7.1 (11.0.22+7) (build 11.0.22+7-LTS)
# Java VM: OpenJDK 64-Bit Server VM Corretto-11.0.22.7.1 (11.0.22+7-LTS, mixed mode, tiered, compressed oops, g1 gc, windows-amd64)
Heap:
 garbage-first heap   total 560128K, used 391631K [0x0000000704800000, 0x0000000800000000)
  region size 1024K, 224 young (229376K), 1 survivors (1024K)
 Metaspace       used 95131K, capacity 97945K, committed 99328K, reserved 1138688K
  class space    used 9325K, capacity 10467K, committed 11008K, reserved 1048576K
GC Heap History (20 events):
Event: 5344.907 GC heap before
{Heap before GC invocations=238 (full 1):
 garbage-first heap   total 444416K, used 372183K [0x0000000704800000, 0x0000000800000000)
  region size 1024K, 235 young (240640K), 1 survivors (1024K)
 Metaspace       used 95070K, capacity 97945K, committed 99328K, reserved 1138688K
  class space    used 9325K, capacity 10467K, committed 11008K, reserved 1048576K
}
Event: 5344.909 GC heap after
{Heap after GC invocations=239 (full 1):
 garbage-first heap   total 444416K, used 132569K [0x0000000704800000, 0x0000000800000000)
  region size 1024K, 1 young (1024K), 1 survivors (1024K)
 Metaspace       used 95070K, capacity 97945K, committed 99328K, reserved 1138688K
  class space    used 9325K, capacity 10467K, committed 11008K, reserved 1048576K
}
Event: 5344.950 GC heap before
{Heap before GC invocations=239 (full 1):
 garbage-first heap   total 444416K, used 373209K [0x0000000704800000, 0x0000000800000000)
  region size 1024K, 236 young (241664K), 1 survivors (1024K)
 Metaspace       used 95070K, capacity 97945K, committed 99328K, reserved 1138688K
  class space    used 9325K, capacity 10467K, committed 11008K, reserved 1048576K
}
Event: 5344.951 GC heap after
{Heap after GC invocations=240 (full 1):
 garbage-first heap   total 444416K, used 132562K [0x0000000704800000, 0x0000000800000000)
  region size 1024K, 1 young (1024K), 1 survivors (1024K)
 Metaspace       used 95070K, capacity 97945K, committed 99328K, reserved 1138688K
  class space    used 9325K, capacity 10467K, committed 11008K, reserved 1048576K
}
Event: 5344.993 GC heap before
{Heap before GC invocations=240 (full 1):
 garbage-first heap   total 444416K, used 374226K [0x0000000704800000, 0x0000000800000000)
  region size 1024K, 237 young (242688K), 1 survivors (1024K)
 Metaspace       used 95070K, capacity 97945K, committed 99328K, reserved 1138688K
  class space    used 9325K, capacity 10467K, committed 11008K, reserved 1048576K
}
Event: 5344.995 GC heap after
{Heap after GC invocations=241 (full 1):
 garbage-first heap   total 444416K, used 132555K [0x0000000704800000, 0x0000000800000000)
  region size 1024K, 1 young (1024K), 1 survivors (1024K)
 Metaspace       used 95070K, capacity 97945K, committed 99328K, reserved 1138688K
  class space    used 9325K, capacity 10467K, committed 11008K, reserved 1048576K
}
Event: 5345.037 GC heap before
{Heap before GC invocations=241 (full 1):
 garbage-first heap   total 444416K, used 376267K [0x0000000704800000, 0x0000000800000000)
  region size 1024K, 239 young (244736K), 1 survivors (1024K)
 Metaspace       used 95070K, capacity 97945K, committed 99328K, reserved 1138688K
  class space    used 9325K, capacity 10467K, committed 11008K, reserved 1048576K
}
Event: 5345.038 GC heap after
{Heap after GC invocations=242 (full 1):
 garbage-first heap   total 444416K, used 132557K [0x0000000704800000, 0x0000000800000000)
  region size 1024K, 1 young (1024K), 1 survivors (1024K)
 Metaspace       used 95070K, capacity 97945K, committed 99328K, reserved 1138688K
  class space    used 9325K, capacity 10467K, committed 11008K, reserved 1048576K
}
Event: 5345.079 GC heap before
{Heap before GC invocations=242 (full 1):
 garbage-first heap   total 444416K, used 377293K [0x0000000704800000, 0x0000000800000000)
  region size 1024K, 240 young (245760K), 1 survivors (1024K)
 Metaspace       used 95070K, capacity 97945K, committed 99328K, reserved 1138688K
  class space    used 9325K, capacity 10467K, committed 11008K, reserved 1048576K
}
Event: 5345.081 GC heap after
{Heap after GC invocations=243 (full 1):
 garbage-first heap   total 444416K, used 132557K [0x0000000704800000, 0x0000000800000000)
  region size 1024K, 1 young (1024K), 1 survivors (1024K)
 Metaspace       used 95070K, capacity 97945K, committed 99328K, reserved 1138688K
  class space    used 9325K, capacity 10467K, committed 11008K, reserved 1048576K
}
Event: 5345.123 GC heap before
{Heap before GC invocations=243 (full 1):
 garbage-first heap   total 444416K, used 378317K [0x0000000704800000, 0x0000000800000000)
  region size 1024K, 241 young (246784K), 1 survivors (1024K)
 Metaspace       used 95070K, capacity 97945K, committed 99328K, reserved 1138688K
  class space    used 9325K, capacity 10467K, committed 11008K, reserved 1048576K
}
Event: 5345.125 GC heap after
{Heap after GC invocations=244 (full 1):
 garbage-first heap   total 444416K, used 132562K [0x0000000704800000, 0x0000000800000000)
  region size 1024K, 1 young (1024K), 1 survivors (1024K)
 Metaspace       used 95070K, capacity 97945K, committed 99328K, reserved 1138688K
  class space    used 9325K, capacity 10467K, committed 11008K, reserved 1048576K
}
Event: 5345.166 GC heap before
{Heap before GC invocations=244 (full 1):
 garbage-first heap   total 444416K, used 379346K [0x0000000704800000, 0x0000000800000000)
  region size 1024K, 242 young (247808K), 1 survivors (1024K)
 Metaspace       used 95070K, capacity 97945K, committed 99328K, reserved 1138688K
  class space    used 9325K, capacity 10467K, committed 11008K, reserved 1048576K
}
Event: 5345.167 GC heap after
{Heap after GC invocations=245 (full 1):
 garbage-first heap   total 444416K, used 132562K [0x0000000704800000, 0x0000000800000000)
  region size 1024K, 1 young (1024K), 1 survivors (1024K)
 Metaspace       used 95070K, capacity 97945K, committed 99328K, reserved 1138688K
  class space    used 9325K, capacity 10467K, committed 11008K, reserved 1048576K
}
Event: 5345.209 GC heap before
{Heap before GC invocations=245 (full 1):
 garbage-first heap   total 444416K, used 380370K [0x0000000704800000, 0x0000000800000000)
  region size 1024K, 243 young (248832K), 1 survivors (1024K)
 Metaspace       used 95070K, capacity 97945K, committed 99328K, reserved 1138688K
  class space    used 9325K, capacity 10467K, committed 11008K, reserved 1048576K
}
Event: 5345.211 GC heap after
{Heap after GC invocations=246 (full 1):
 garbage-first heap   total 444416K, used 132557K [0x0000000704800000, 0x0000000800000000)
  region size 1024K, 1 young (1024K), 1 survivors (1024K)
 Metaspace       used 95070K, capacity 97945K, committed 99328K, reserved 1138688K
  class space    used 9325K, capacity 10467K, committed 11008K, reserved 1048576K
}
Event: 5345.254 GC heap before
{Heap before GC invocations=246 (full 1):
 garbage-first heap   total 444416K, used 380365K [0x0000000704800000, 0x0000000800000000)
  region size 1024K, 243 young (248832K), 1 survivors (1024K)
 Metaspace       used 95070K, capacity 97945K, committed 99328K, reserved 1138688K
  class space    used 9325K, capacity 10467K, committed 11008K, reserved 1048576K
}
Event: 5345.255 GC heap after
{Heap after GC invocations=247 (full 1):
 garbage-first heap   total 444416K, used 132558K [0x0000000704800000, 0x0000000800000000)
  region size 1024K, 1 young (1024K), 1 survivors (1024K)
 Metaspace       used 95070K, capacity 97945K, committed 99328K, reserved 1138688K
  class space    used 9325K, capacity 10467K, committed 11008K, reserved 1048576K
}
Event: 5345.299 GC heap before
{Heap before GC invocations=247 (full 1):
 garbage-first heap   total 444416K, used 381390K [0x0000000704800000, 0x0000000800000000)
  region size 1024K, 244 young (249856K), 1 survivors (1024K)
 Metaspace       used 95070K, capacity 97945K, committed 99328K, reserved 1138688K
  class space    used 9325K, capacity 10467K, committed 11008K, reserved 1048576K
}
Event: 5345.302 GC heap after
{Heap after GC invocations=248 (full 1):
 garbage-first heap   total 560128K, used 132559K [0x0000000704800000, 0x0000000800000000)
  region size 1024K, 1 young (1024K), 1 survivors (1024K)
 Metaspace       used 95070K, capacity 97945K, committed 99328K, reserved 1138688K
  class space    used 9325K, capacity 10467K, committed 11008K, reserved 1048576K
}

